<?xml version="1.0" encoding="utf-8"?>
<TestRun id="f43c24d6-4ee6-47f4-b419-4709f287e6de" name="JohnM@PLATO-SP9 2025-08-20 17:22:50" runUser="PLATO-SP9\JohnM" xmlns="http://microsoft.com/schemas/VisualStudio/TeamTest/2010">
  <Times creation="2025-08-20T17:22:50.4591657-07:00" queuing="2025-08-20T17:22:50.4591664-07:00" start="2025-08-20T17:22:46.5888645-07:00" finish="2025-08-20T17:22:51.2703116-07:00" />
  <TestSettings name="default" id="a7dd296a-ba38-432d-8f27-69d64c86a401">
    <Deployment runDeploymentRoot="JohnM_PLATO-SP9_2025-08-20_17_22_50" />
  </TestSettings>
  <Results>
    <UnitTestResult executionId="4ee02e44-6b7e-4629-aa3f-f17fe3ae0fde" testId="f3764542-9570-612f-4ad0-3fe416b1ba60" testName="Zeus.People.Application.Tests.ErrorHandlingTests.Result_Success_ShouldCreateSuccessfulResult" computerName="PLATO-SP9" duration="00:00:00.0024091" startTime="2025-08-20T17:22:50.4273654-07:00" endTime="2025-08-20T17:22:50.4273661-07:00" testType="13cdc9d9-ddb5-4fa4-a97d-d965ccfc6d4b" outcome="Passed" testListId="8c84fa94-04c1-424b-9868-57a2d4851a1d" relativeResultsDirectory="4ee02e44-6b7e-4629-aa3f-f17fe3ae0fde" />
    <UnitTestResult executionId="137b3917-864a-4db9-a20a-242f5e5d5731" testId="07912672-00f5-34c7-d9ef-c9c41f0c78f3" testName="Zeus.People.Application.Tests.ErrorHandlingTests.ErrorHandling_ShouldSupportMultipleValidationErrors" computerName="PLATO-SP9" duration="00:00:00.0002300" startTime="2025-08-20T17:22:50.9968067-07:00" endTime="2025-08-20T17:22:50.9968069-07:00" testType="13cdc9d9-ddb5-4fa4-a97d-d965ccfc6d4b" outcome="Passed" testListId="8c84fa94-04c1-424b-9868-57a2d4851a1d" relativeResultsDirectory="137b3917-864a-4db9-a20a-242f5e5d5731" />
    <UnitTestResult executionId="98e366fb-91fb-490c-aebd-221e9858304c" testId="b9237892-863c-8d82-8933-587336111382" testName="Zeus.People.Application.Tests.ErrorHandlingTests.Result_AccessingValue_OnFailure_ShouldThrowException" computerName="PLATO-SP9" duration="00:00:00.0002776" startTime="2025-08-20T17:22:50.4428063-07:00" endTime="2025-08-20T17:22:50.4428064-07:00" testType="13cdc9d9-ddb5-4fa4-a97d-d965ccfc6d4b" outcome="Passed" testListId="8c84fa94-04c1-424b-9868-57a2d4851a1d" relativeResultsDirectory="98e366fb-91fb-490c-aebd-221e9858304c" />
    <UnitTestResult executionId="b6a70212-0a6f-4b66-8bd7-ab477ecfbc11" testId="314430e0-123c-cf33-037f-b40b2d78e80b" testName="Zeus.People.Application.Tests.ErrorHandlingTests.Result_NonGeneric_Success_ShouldCreateSuccessfulResult" computerName="PLATO-SP9" duration="00:00:00.0001007" startTime="2025-08-20T17:22:50.4424943-07:00" endTime="2025-08-20T17:22:50.4424945-07:00" testType="13cdc9d9-ddb5-4fa4-a97d-d965ccfc6d4b" outcome="Passed" testListId="8c84fa94-04c1-424b-9868-57a2d4851a1d" relativeResultsDirectory="b6a70212-0a6f-4b66-8bd7-ab477ecfbc11" />
    <UnitTestResult executionId="7c2b0d04-3555-4fff-a573-9c722d56e29f" testId="304533ac-959e-55b7-1207-39fc15911a2f" testName="Zeus.People.Application.Tests.ApplicationLayerTests.CreateAcademicCommandValidator_ShouldRejectInvalidRank" computerName="PLATO-SP9" duration="00:00:00.0193761" startTime="2025-08-20T17:22:50.9933852-07:00" endTime="2025-08-20T17:22:50.9933857-07:00" testType="13cdc9d9-ddb5-4fa4-a97d-d965ccfc6d4b" outcome="Passed" testListId="8c84fa94-04c1-424b-9868-57a2d4851a1d" relativeResultsDirectory="7c2b0d04-3555-4fff-a573-9c722d56e29f" />
    <UnitTestResult executionId="c11494e3-b0bd-43c4-b533-13949c916855" testId="799eee40-f3ec-829d-bbe5-3d0c1531716e" testName="Zeus.People.Application.Tests.ErrorHandlingTests.DomainValueObjects_ShouldHandleValidationErrors" computerName="PLATO-SP9" duration="00:00:00.5639518" startTime="2025-08-20T17:22:50.9957788-07:00" endTime="2025-08-20T17:22:50.9957791-07:00" testType="13cdc9d9-ddb5-4fa4-a97d-d965ccfc6d4b" outcome="Passed" testListId="8c84fa94-04c1-424b-9868-57a2d4851a1d" relativeResultsDirectory="c11494e3-b0bd-43c4-b533-13949c916855" />
    <UnitTestResult executionId="db7ff4d0-48c0-4b4d-a8e1-a48d8661d739" testId="89295040-3f3e-be01-9c39-11675a31e425" testName="Zeus.People.Application.Tests.InputValidationTests.CreateAcademicCommandValidator_ShouldValidateEmpNameLength" computerName="PLATO-SP9" duration="00:00:00.0002687" startTime="2025-08-20T17:22:50.9986562-07:00" endTime="2025-08-20T17:22:50.9986565-07:00" testType="13cdc9d9-ddb5-4fa4-a97d-d965ccfc6d4b" outcome="Passed" testListId="8c84fa94-04c1-424b-9868-57a2d4851a1d" relativeResultsDirectory="db7ff4d0-48c0-4b4d-a8e1-a48d8661d739" />
    <UnitTestResult executionId="0869fbad-0ea3-4dce-bcc3-a62c097a71c6" testId="14d41e14-1185-74d7-396d-5a3eb021a239" testName="Zeus.People.Application.Tests.InputValidationTests.UpdateDepartmentCommandValidator_ShouldValidatePhoneNumber" computerName="PLATO-SP9" duration="00:00:00.0005040" startTime="2025-08-20T17:22:51.1102509-07:00" endTime="2025-08-20T17:22:51.1102512-07:00" testType="13cdc9d9-ddb5-4fa4-a97d-d965ccfc6d4b" outcome="Passed" testListId="8c84fa94-04c1-424b-9868-57a2d4851a1d" relativeResultsDirectory="0869fbad-0ea3-4dce-bcc3-a62c097a71c6" />
    <UnitTestResult executionId="6eae5979-bf4a-47f9-99c4-728c23892461" testId="397163f8-5b37-451d-295a-e3cf5ebc26f2" testName="Zeus.People.Application.Tests.ErrorHandlingTests.DomainValueObjects_ShouldCreateValidInstances" computerName="PLATO-SP9" duration="00:00:00.0006126" startTime="2025-08-20T17:22:50.9964898-07:00" endTime="2025-08-20T17:22:50.9964915-07:00" testType="13cdc9d9-ddb5-4fa4-a97d-d965ccfc6d4b" outcome="Passed" testListId="8c84fa94-04c1-424b-9868-57a2d4851a1d" relativeResultsDirectory="6eae5979-bf4a-47f9-99c4-728c23892461" />
    <UnitTestResult executionId="b4729fa9-f412-4842-974e-21b1ea47a6e4" testId="763ef6b8-0d9f-e5fb-587f-37c5fc97944d" testName="Zeus.People.Application.Tests.QueryHandlerDataTests.QueryHandler_ShouldHandleRepositoryFailuresGracefully" computerName="PLATO-SP9" duration="00:00:00.0019883" startTime="2025-08-20T17:22:51.1386384-07:00" endTime="2025-08-20T17:22:51.1386388-07:00" testType="13cdc9d9-ddb5-4fa4-a97d-d965ccfc6d4b" outcome="Passed" testListId="8c84fa94-04c1-424b-9868-57a2d4851a1d" relativeResultsDirectory="b4729fa9-f412-4842-974e-21b1ea47a6e4" />
    <UnitTestResult executionId="11e26c2c-b171-4b92-af78-a2a4ebda6a54" testId="8bd59ca7-0b77-1758-cf09-512270ae30d8" testName="Zeus.People.Application.Tests.QueryHandlerDataTests.GetAcademicsByDepartmentQuery_ShouldReturnCorrectFilteredData" computerName="PLATO-SP9" duration="00:00:00.0140791" startTime="2025-08-20T17:22:51.1825534-07:00" endTime="2025-08-20T17:22:51.1825540-07:00" testType="13cdc9d9-ddb5-4fa4-a97d-d965ccfc6d4b" outcome="Passed" testListId="8c84fa94-04c1-424b-9868-57a2d4851a1d" relativeResultsDirectory="11e26c2c-b171-4b92-af78-a2a4ebda6a54" />
    <UnitTestResult executionId="cb6687af-7399-4ac8-975c-f2b8505eb052" testId="281c164c-5c47-ffe6-0609-0d7d08b8112b" testName="Zeus.People.Application.Tests.ErrorHandlingTests.ErrorHandling_ShouldPreserveStackTrace" computerName="PLATO-SP9" duration="00:00:00.0002005" startTime="2025-08-20T17:22:50.4427710-07:00" endTime="2025-08-20T17:22:50.4427711-07:00" testType="13cdc9d9-ddb5-4fa4-a97d-d965ccfc6d4b" outcome="Passed" testListId="8c84fa94-04c1-424b-9868-57a2d4851a1d" relativeResultsDirectory="cb6687af-7399-4ac8-975c-f2b8505eb052" />
    <UnitTestResult executionId="cd446567-ceb9-4fdd-9996-17e2c08e6daa" testId="185aabae-f997-4b66-4020-61b11a7dac64" testName="Zeus.People.Application.Tests.ErrorHandlingTests.Result_NonGeneric_Failure_ShouldCreateFailedResult" computerName="PLATO-SP9" duration="00:00:00.0001372" startTime="2025-08-20T17:22:50.4427354-07:00" endTime="2025-08-20T17:22:50.4427355-07:00" testType="13cdc9d9-ddb5-4fa4-a97d-d965ccfc6d4b" outcome="Passed" testListId="8c84fa94-04c1-424b-9868-57a2d4851a1d" relativeResultsDirectory="cd446567-ceb9-4fdd-9996-17e2c08e6daa" />
    <UnitTestResult executionId="7974bbcb-de20-49a3-aeba-a0cbc045fd69" testId="d60653d5-47c9-c900-7527-a45ef87a711c" testName="Zeus.People.Application.Tests.ErrorHandlingTests.Result_AccessingError_OnSuccess_ShouldReturnDefault" computerName="PLATO-SP9" duration="00:00:00.1966500" startTime="2025-08-20T17:22:50.4237613-07:00" endTime="2025-08-20T17:22:50.4237617-07:00" testType="13cdc9d9-ddb5-4fa4-a97d-d965ccfc6d4b" outcome="Passed" testListId="8c84fa94-04c1-424b-9868-57a2d4851a1d" relativeResultsDirectory="7974bbcb-de20-49a3-aeba-a0cbc045fd69" />
    <UnitTestResult executionId="f10f1e73-3ee6-4214-9a06-d68e155c64c5" testId="4297756d-b84f-ea35-be9a-be8806995948" testName="Zeus.People.Application.Tests.BusinessRulesEnforcementTests.CreateAcademicCommand_ShouldEnforceValidRankRule" computerName="PLATO-SP9" duration="00:00:00.0074485" startTime="2025-08-20T17:22:51.1601899-07:00" endTime="2025-08-20T17:22:51.1601903-07:00" testType="13cdc9d9-ddb5-4fa4-a97d-d965ccfc6d4b" outcome="Passed" testListId="8c84fa94-04c1-424b-9868-57a2d4851a1d" relativeResultsDirectory="f10f1e73-3ee6-4214-9a06-d68e155c64c5" />
    <UnitTestResult executionId="dd7233ee-a352-4226-a58b-5cea51adf422" testId="786f03f9-97cb-c4b6-bb1f-6edbbce6516d" testName="Zeus.People.Application.Tests.QueryHandlerDataTests.GetDepartmentByNameQuery_ShouldReturnCorrectDepartmentData" computerName="PLATO-SP9" duration="00:00:00.0051547" startTime="2025-08-20T17:22:51.2021792-07:00" endTime="2025-08-20T17:22:51.2021796-07:00" testType="13cdc9d9-ddb5-4fa4-a97d-d965ccfc6d4b" outcome="Passed" testListId="8c84fa94-04c1-424b-9868-57a2d4851a1d" relativeResultsDirectory="dd7233ee-a352-4226-a58b-5cea51adf422" />
    <UnitTestResult executionId="35a94cd2-d956-4fe4-b9cc-bd0eb1743ed7" testId="c7b63e14-e35b-049e-ab9b-7b11cecfe97e" testName="Zeus.People.Application.Tests.ApplicationLayerTests.CreateAcademicCommandValidator_ShouldAcceptValidInput" computerName="PLATO-SP9" duration="00:00:01.5279414" startTime="2025-08-20T17:22:50.9694218-07:00" endTime="2025-08-20T17:22:50.9694224-07:00" testType="13cdc9d9-ddb5-4fa4-a97d-d965ccfc6d4b" outcome="Passed" testListId="8c84fa94-04c1-424b-9868-57a2d4851a1d" relativeResultsDirectory="35a94cd2-d956-4fe4-b9cc-bd0eb1743ed7" />
    <UnitTestResult executionId="f1971777-bc89-411d-a2b5-5eb972f19996" testId="25a3be02-b0b0-1a90-f079-9f08d0818d7d" testName="Zeus.People.Application.Tests.ApplicationLayerTests.AcademicDto_ShouldInheritFromBaseDto" computerName="PLATO-SP9" duration="00:00:00.0036192" startTime="2025-08-20T17:22:50.9732217-07:00" endTime="2025-08-20T17:22:50.9732257-07:00" testType="13cdc9d9-ddb5-4fa4-a97d-d965ccfc6d4b" outcome="Passed" testListId="8c84fa94-04c1-424b-9868-57a2d4851a1d" relativeResultsDirectory="f1971777-bc89-411d-a2b5-5eb972f19996" />
    <UnitTestResult executionId="69f33d9e-a2a5-4b20-984f-416b58da9499" testId="93d48619-9e7f-f849-9bc0-079a2ba4e16e" testName="Zeus.People.Application.Tests.ErrorHandlingTests.ErrorHandling_ShouldProvideDescriptiveMessages" computerName="PLATO-SP9" duration="00:00:00.0004284" startTime="2025-08-20T17:22:50.4248377-07:00" endTime="2025-08-20T17:22:50.4248379-07:00" testType="13cdc9d9-ddb5-4fa4-a97d-d965ccfc6d4b" outcome="Passed" testListId="8c84fa94-04c1-424b-9868-57a2d4851a1d" relativeResultsDirectory="69f33d9e-a2a5-4b20-984f-416b58da9499" />
    <UnitTestResult executionId="911fbcfe-12cc-4993-8ea8-463a8474d859" testId="bc9a7222-9ea5-da3b-3f3a-6daec933a438" testName="Zeus.People.Application.Tests.InputValidationTests.CreateAcademicCommandValidator_ShouldRequireEmpNrLength" computerName="PLATO-SP9" duration="00:00:00.0003811" startTime="2025-08-20T17:22:51.1096473-07:00" endTime="2025-08-20T17:22:51.1096476-07:00" testType="13cdc9d9-ddb5-4fa4-a97d-d965ccfc6d4b" outcome="Passed" testListId="8c84fa94-04c1-424b-9868-57a2d4851a1d" relativeResultsDirectory="911fbcfe-12cc-4993-8ea8-463a8474d859" />
    <UnitTestResult executionId="57596029-c7f6-40b2-9312-272d0d2c9303" testId="0bf97d57-3bd1-9544-ca48-2d68f552fb43" testName="Zeus.People.Application.Tests.ErrorHandlingTests.Error_ShouldHaveCorrectCodeAndMessage" computerName="PLATO-SP9" duration="00:00:00.0004735" startTime="2025-08-20T17:22:50.4426791-07:00" endTime="2025-08-20T17:22:50.4426792-07:00" testType="13cdc9d9-ddb5-4fa4-a97d-d965ccfc6d4b" outcome="Passed" testListId="8c84fa94-04c1-424b-9868-57a2d4851a1d" relativeResultsDirectory="57596029-c7f6-40b2-9312-272d0d2c9303" />
    <UnitTestResult executionId="b1c3cf12-a338-443b-9703-a3b13d526d75" testId="9db7adfe-fea6-3fd2-110a-4b98c8f2a79f" testName="Zeus.People.Application.Tests.InputValidationTests.UpdateAcademicCommandValidator_ShouldRequireId" computerName="PLATO-SP9" duration="00:00:00.0048181" startTime="2025-08-20T17:22:51.0035863-07:00" endTime="2025-08-20T17:22:51.0035868-07:00" testType="13cdc9d9-ddb5-4fa4-a97d-d965ccfc6d4b" outcome="Passed" testListId="8c84fa94-04c1-424b-9868-57a2d4851a1d" relativeResultsDirectory="b1c3cf12-a338-443b-9703-a3b13d526d75" />
    <UnitTestResult executionId="ec6fb7ac-15e7-497f-88a0-53851c492999" testId="ad0b848b-c251-9254-c6cc-8fbd2e90a05c" testName="Zeus.People.Application.Tests.InputValidationTests.ValidationBehavior_ShouldHandleMultipleValidationErrors" computerName="PLATO-SP9" duration="00:00:00.0027361" startTime="2025-08-20T17:22:51.1085945-07:00" endTime="2025-08-20T17:22:51.1085950-07:00" testType="13cdc9d9-ddb5-4fa4-a97d-d965ccfc6d4b" outcome="Passed" testListId="8c84fa94-04c1-424b-9868-57a2d4851a1d" relativeResultsDirectory="ec6fb7ac-15e7-497f-88a0-53851c492999" />
    <UnitTestResult executionId="2fd2acdb-bd1c-44cc-b7c2-c56e067f5028" testId="592567c1-9fbd-698c-811a-0dadd1569253" testName="Zeus.People.Application.Tests.ErrorHandlingTests.Result_Failure_ShouldCreateFailedResult" computerName="PLATO-SP9" duration="00:00:00.0005151" startTime="2025-08-20T17:22:50.4244015-07:00" endTime="2025-08-20T17:22:50.4244019-07:00" testType="13cdc9d9-ddb5-4fa4-a97d-d965ccfc6d4b" outcome="Passed" testListId="8c84fa94-04c1-424b-9868-57a2d4851a1d" relativeResultsDirectory="2fd2acdb-bd1c-44cc-b7c2-c56e067f5028" />
    <UnitTestResult executionId="b8a6e86e-ee62-469f-8548-53c5359029da" testId="be7462b8-f87e-a40b-31f8-e1709b6ea12a" testName="Zeus.People.Application.Tests.InputValidationTests.UpdateDepartmentCommandValidator_ShouldValidateBudgets" computerName="PLATO-SP9" duration="00:00:00.0018745" startTime="2025-08-20T17:22:51.0855005-07:00" endTime="2025-08-20T17:22:51.0855009-07:00" testType="13cdc9d9-ddb5-4fa4-a97d-d965ccfc6d4b" outcome="Passed" testListId="8c84fa94-04c1-424b-9868-57a2d4851a1d" relativeResultsDirectory="b8a6e86e-ee62-469f-8548-53c5359029da" />
    <UnitTestResult executionId="0ffde57e-bbe3-417b-8c84-cac97bd62dd6" testId="b7f30626-c6fa-3871-0338-f4e7aa212da2" testName="Zeus.People.Application.Tests.ErrorHandlingTests.ErrorHandling_ShouldSupportChaining" computerName="PLATO-SP9" duration="00:00:00.0002185" startTime="2025-08-20T17:22:50.4428296-07:00" endTime="2025-08-20T17:22:50.4428296-07:00" testType="13cdc9d9-ddb5-4fa4-a97d-d965ccfc6d4b" outcome="Passed" testListId="8c84fa94-04c1-424b-9868-57a2d4851a1d" relativeResultsDirectory="0ffde57e-bbe3-417b-8c84-cac97bd62dd6" />
    <UnitTestResult executionId="c98809f8-c96f-4ba7-9a47-d7177474316f" testId="755f2564-8228-c9ce-5a89-9c80bfefd6a6" testName="Zeus.People.Application.Tests.QueryHandlerDataTests.GetDepartmentQuery_ShouldReturnCorrectDepartmentData" computerName="PLATO-SP9" duration="00:00:00.0114019" startTime="2025-08-20T17:22:51.1942983-07:00" endTime="2025-08-20T17:22:51.1942989-07:00" testType="13cdc9d9-ddb5-4fa4-a97d-d965ccfc6d4b" outcome="Passed" testListId="8c84fa94-04c1-424b-9868-57a2d4851a1d" relativeResultsDirectory="c98809f8-c96f-4ba7-9a47-d7177474316f" />
    <UnitTestResult executionId="247c6710-76ea-4e8e-b743-887d191321e6" testId="d468dfab-27ff-95bb-892d-2a3b9a1fd10c" testName="Zeus.People.Application.Tests.ApplicationLayerTests.CreateAcademicCommand_ShouldHaveRequiredProperties" computerName="PLATO-SP9" duration="00:00:00.0003917" startTime="2025-08-20T17:22:50.9738219-07:00" endTime="2025-08-20T17:22:50.9738221-07:00" testType="13cdc9d9-ddb5-4fa4-a97d-d965ccfc6d4b" outcome="Passed" testListId="8c84fa94-04c1-424b-9868-57a2d4851a1d" relativeResultsDirectory="247c6710-76ea-4e8e-b743-887d191321e6" />
    <UnitTestResult executionId="046f1781-4b5c-4af3-a9f8-4ba6085f853f" testId="59a6b1fd-48b4-4fb4-6e92-76f6cb87389b" testName="Zeus.People.Application.Tests.InputValidationTests.Validator_ShouldValidateConditionalRules" computerName="PLATO-SP9" duration="00:00:00.0006611" startTime="2025-08-20T17:22:51.0976518-07:00" endTime="2025-08-20T17:22:51.0976521-07:00" testType="13cdc9d9-ddb5-4fa4-a97d-d965ccfc6d4b" outcome="Passed" testListId="8c84fa94-04c1-424b-9868-57a2d4851a1d" relativeResultsDirectory="046f1781-4b5c-4af3-a9f8-4ba6085f853f" />
    <UnitTestResult executionId="de49dba7-7a4b-4427-8f8a-981c7fa6b122" testId="affa0a16-16dc-2b01-a4e1-61ac86438e99" testName="Zeus.People.Application.Tests.ErrorHandlingTests.ErrorHandling_ShouldProvideAppropriateErrorCodes" computerName="PLATO-SP9" duration="00:00:00.0004320" startTime="2025-08-20T17:22:50.4428528-07:00" endTime="2025-08-20T17:22:50.4428528-07:00" testType="13cdc9d9-ddb5-4fa4-a97d-d965ccfc6d4b" outcome="Passed" testListId="8c84fa94-04c1-424b-9868-57a2d4851a1d" relativeResultsDirectory="de49dba7-7a4b-4427-8f8a-981c7fa6b122" />
    <UnitTestResult executionId="66949bc3-68e7-4d16-83de-b8b75acbfc2b" testId="d0599a66-24c8-58c3-6658-a49e6bca98fc" testName="Zeus.People.Application.Tests.InputValidationTests.CreateAcademicCommandValidator_ShouldRequireValidRank" computerName="PLATO-SP9" duration="00:00:00.0002965" startTime="2025-08-20T17:22:50.9983333-07:00" endTime="2025-08-20T17:22:50.9983336-07:00" testType="13cdc9d9-ddb5-4fa4-a97d-d965ccfc6d4b" outcome="Passed" testListId="8c84fa94-04c1-424b-9868-57a2d4851a1d" relativeResultsDirectory="66949bc3-68e7-4d16-83de-b8b75acbfc2b" />
    <UnitTestResult executionId="e3ff8c28-6769-460f-92ed-a9586dbfa328" testId="625306ef-a774-5e04-d61f-dd5c38394764" testName="Zeus.People.Application.Tests.InputValidationTests.ValidationBehavior_ShouldReturnFailureResultForInvalidCommand" computerName="PLATO-SP9" duration="00:00:00.0112213" startTime="2025-08-20T17:22:51.0968572-07:00" endTime="2025-08-20T17:22:51.0968581-07:00" testType="13cdc9d9-ddb5-4fa4-a97d-d965ccfc6d4b" outcome="Passed" testListId="8c84fa94-04c1-424b-9868-57a2d4851a1d" relativeResultsDirectory="e3ff8c28-6769-460f-92ed-a9586dbfa328" />
    <UnitTestResult executionId="171c2766-de4b-45e5-8b03-6457116f7014" testId="178f1dcc-0d08-ca8e-ae3c-febce6e32219" testName="Zeus.People.Application.Tests.ErrorHandlingTests.Result_ShouldHandleNullValues" computerName="PLATO-SP9" duration="00:00:00.7852163" startTime="2025-08-20T17:22:50.2268707-07:00" endTime="2025-08-20T17:22:50.2268715-07:00" testType="13cdc9d9-ddb5-4fa4-a97d-d965ccfc6d4b" outcome="Passed" testListId="8c84fa94-04c1-424b-9868-57a2d4851a1d" relativeResultsDirectory="171c2766-de4b-45e5-8b03-6457116f7014" />
    <UnitTestResult executionId="bb81b634-6d43-4109-99dc-2c7f20bbcc89" testId="adee432f-78f4-5b4c-1877-2ffb6a171741" testName="Zeus.People.Application.Tests.InputValidationTests.ValidationBehavior_ShouldCallNextHandlerForValidCommand" computerName="PLATO-SP9" duration="00:00:00.0021505" startTime="2025-08-20T17:22:51.1031077-07:00" endTime="2025-08-20T17:22:51.1031083-07:00" testType="13cdc9d9-ddb5-4fa4-a97d-d965ccfc6d4b" outcome="Passed" testListId="8c84fa94-04c1-424b-9868-57a2d4851a1d" relativeResultsDirectory="bb81b634-6d43-4109-99dc-2c7f20bbcc89" />
    <UnitTestResult executionId="c3a5f841-4faa-4996-ac35-3c1e708b1b1f" testId="95e1f872-414e-8c82-1b27-526255fa89c9" testName="Zeus.People.Application.Tests.InputValidationTests.ValidationBehavior_ShouldPassThroughWhenNoValidators" computerName="PLATO-SP9" duration="00:00:00.0797878" startTime="2025-08-20T17:22:51.0834740-07:00" endTime="2025-08-20T17:22:51.0834745-07:00" testType="13cdc9d9-ddb5-4fa4-a97d-d965ccfc6d4b" outcome="Passed" testListId="8c84fa94-04c1-424b-9868-57a2d4851a1d" relativeResultsDirectory="c3a5f841-4faa-4996-ac35-3c1e708b1b1f" />
    <UnitTestResult executionId="3a935c3b-5079-4269-bf54-06d8a871eced" testId="51258dce-14c8-68ec-e267-a9b2374b16af" testName="Zeus.People.Application.Tests.ErrorHandlingTests.Error_ShouldBeEquatable" computerName="PLATO-SP9" duration="00:00:00.0018986" startTime="2025-08-20T17:22:50.4427111-07:00" endTime="2025-08-20T17:22:50.4427111-07:00" testType="13cdc9d9-ddb5-4fa4-a97d-d965ccfc6d4b" outcome="Passed" testListId="8c84fa94-04c1-424b-9868-57a2d4851a1d" relativeResultsDirectory="3a935c3b-5079-4269-bf54-06d8a871eced" />
    <UnitTestResult executionId="608bd358-7dbb-42c9-9369-32917e936f15" testId="6174173d-bf4b-3442-d77e-6843e57654d9" testName="Zeus.People.Application.Tests.BusinessRulesEnforcementTests.CreateAcademicCommand_ShouldEnforceDuplicateEmpNrRule" computerName="PLATO-SP9" duration="00:00:00.0022037" startTime="2025-08-20T17:22:51.1625194-07:00" endTime="2025-08-20T17:22:51.1625198-07:00" testType="13cdc9d9-ddb5-4fa4-a97d-d965ccfc6d4b" outcome="Passed" testListId="8c84fa94-04c1-424b-9868-57a2d4851a1d" relativeResultsDirectory="608bd358-7dbb-42c9-9369-32917e936f15" />
    <UnitTestResult executionId="f213e30c-7d2b-447e-bc9e-14303505e352" testId="24729a6e-695f-50a7-4769-c56d52ba0078" testName="Zeus.People.Application.Tests.BusinessRulesEnforcementTests.AssignAcademicToRoom_ShouldAllowValidAssignment" computerName="PLATO-SP9" duration="00:00:01.6825850" startTime="2025-08-20T17:22:51.1193945-07:00" endTime="2025-08-20T17:22:51.1193950-07:00" testType="13cdc9d9-ddb5-4fa4-a97d-d965ccfc6d4b" outcome="Passed" testListId="8c84fa94-04c1-424b-9868-57a2d4851a1d" relativeResultsDirectory="f213e30c-7d2b-447e-bc9e-14303505e352" />
    <UnitTestResult executionId="712e891d-7e62-4b80-a4f3-62e433b2164c" testId="cb3506a0-6cc8-169b-26aa-96625a4bb8a4" testName="Zeus.People.Application.Tests.InputValidationTests.CreateDepartmentCommandValidator_ShouldValidateNameLength" computerName="PLATO-SP9" duration="00:00:00.0017509" startTime="2025-08-20T17:22:51.0995280-07:00" endTime="2025-08-20T17:22:51.0995286-07:00" testType="13cdc9d9-ddb5-4fa4-a97d-d965ccfc6d4b" outcome="Passed" testListId="8c84fa94-04c1-424b-9868-57a2d4851a1d" relativeResultsDirectory="712e891d-7e62-4b80-a4f3-62e433b2164c" />
    <UnitTestResult executionId="867133ca-671f-4a6f-9106-483930d364dc" testId="255607f5-40c2-9618-e1c3-1672dd9e9a92" testName="Zeus.People.Application.Tests.BusinessRulesEnforcementTests.CreateDepartmentCommand_ShouldEnforceDuplicateNameRule" computerName="PLATO-SP9" duration="00:00:00.0096905" startTime="2025-08-20T17:22:51.1362334-07:00" endTime="2025-08-20T17:22:51.1362338-07:00" testType="13cdc9d9-ddb5-4fa4-a97d-d965ccfc6d4b" outcome="Passed" testListId="8c84fa94-04c1-424b-9868-57a2d4851a1d" relativeResultsDirectory="867133ca-671f-4a6f-9106-483930d364dc" />
    <UnitTestResult executionId="ec6184cc-276d-47a9-976f-173f6557d2ff" testId="680cc10b-d654-9c6a-d5b4-6d7707304732" testName="Zeus.People.Application.Tests.BusinessRulesEnforcementTests.CreateAcademicCommand_ShouldAllowValidInput" computerName="PLATO-SP9" duration="00:00:00.0085494" startTime="2025-08-20T17:22:51.1448940-07:00" endTime="2025-08-20T17:22:51.1448945-07:00" testType="13cdc9d9-ddb5-4fa4-a97d-d965ccfc6d4b" outcome="Passed" testListId="8c84fa94-04c1-424b-9868-57a2d4851a1d" relativeResultsDirectory="ec6184cc-276d-47a9-976f-173f6557d2ff" />
    <UnitTestResult executionId="2d848946-9269-40f4-b909-2b31b77dcb23" testId="88ef73f2-eedd-152e-29c6-b1ac8aaab759" testName="Zeus.People.Application.Tests.InputValidationTests.CreateDepartmentCommandValidator_ShouldRequireName" computerName="PLATO-SP9" duration="00:00:00.0003819" startTime="2025-08-20T17:22:51.1091570-07:00" endTime="2025-08-20T17:22:51.1091574-07:00" testType="13cdc9d9-ddb5-4fa4-a97d-d965ccfc6d4b" outcome="Passed" testListId="8c84fa94-04c1-424b-9868-57a2d4851a1d" relativeResultsDirectory="2d848946-9269-40f4-b909-2b31b77dcb23" />
    <UnitTestResult executionId="db0b5bfc-968c-432b-8d86-0a9d4d5ee966" testId="6e62022c-7b01-31ed-a76f-da01da9e276b" testName="Zeus.People.Application.Tests.QueryHandlerDataTests.GetAcademicByEmpNrQuery_ShouldReturnCorrectAcademicData" computerName="PLATO-SP9" duration="00:00:00.0155348" startTime="2025-08-20T17:22:51.1320713-07:00" endTime="2025-08-20T17:22:51.1320718-07:00" testType="13cdc9d9-ddb5-4fa4-a97d-d965ccfc6d4b" outcome="Passed" testListId="8c84fa94-04c1-424b-9868-57a2d4851a1d" relativeResultsDirectory="db0b5bfc-968c-432b-8d86-0a9d4d5ee966" />
    <UnitTestResult executionId="660b2433-133c-4d48-a850-2425c80baba9" testId="ecff7458-5e59-2402-731b-99b39c577d85" testName="Zeus.People.Application.Tests.InputValidationTests.CreateAcademicCommandValidator_ShouldPassWithValidInput" computerName="PLATO-SP9" duration="00:00:00.0013479" startTime="2025-08-20T17:22:51.1056579-07:00" endTime="2025-08-20T17:22:51.1056581-07:00" testType="13cdc9d9-ddb5-4fa4-a97d-d965ccfc6d4b" outcome="Passed" testListId="8c84fa94-04c1-424b-9868-57a2d4851a1d" relativeResultsDirectory="660b2433-133c-4d48-a850-2425c80baba9" />
    <UnitTestResult executionId="45246d16-4a85-4e2f-8773-a09f4aef7c3d" testId="27f70682-7601-56e4-bb12-425d12693163" testName="Zeus.People.Application.Tests.QueryHandlerDataTests.QueryHandler_ShouldValidateDataIntegrity" computerName="PLATO-SP9" duration="00:00:00.0024378" startTime="2025-08-20T17:22:51.1968595-07:00" endTime="2025-08-20T17:22:51.1968600-07:00" testType="13cdc9d9-ddb5-4fa4-a97d-d965ccfc6d4b" outcome="Passed" testListId="8c84fa94-04c1-424b-9868-57a2d4851a1d" relativeResultsDirectory="45246d16-4a85-4e2f-8773-a09f4aef7c3d" />
    <UnitTestResult executionId="d28cc14a-90ba-4e7d-89c4-dc9a3f069bd7" testId="a89435ca-d580-5c93-dabe-d3b726c1dc32" testName="Zeus.People.Application.Tests.InputValidationTests.UpdateDepartmentCommandValidator_ShouldAllowNullOptionalFields" computerName="PLATO-SP9" duration="00:00:00.0010135" startTime="2025-08-20T17:22:50.9979354-07:00" endTime="2025-08-20T17:22:50.9979356-07:00" testType="13cdc9d9-ddb5-4fa4-a97d-d965ccfc6d4b" outcome="Passed" testListId="8c84fa94-04c1-424b-9868-57a2d4851a1d" relativeResultsDirectory="d28cc14a-90ba-4e7d-89c4-dc9a3f069bd7" />
    <UnitTestResult executionId="7ee1f02b-c829-4700-a506-dfb8ef9e8fa8" testId="c5b3df74-4fb1-5d85-02ec-b05ffe6364a7" testName="Zeus.People.Application.Tests.QueryHandlerDataTests.GetAllAcademicsQuery_ShouldReturnPagedResults" computerName="PLATO-SP9" duration="00:00:00.0142079" startTime="2025-08-20T17:22:51.1529445-07:00" endTime="2025-08-20T17:22:51.1529447-07:00" testType="13cdc9d9-ddb5-4fa4-a97d-d965ccfc6d4b" outcome="Passed" testListId="8c84fa94-04c1-424b-9868-57a2d4851a1d" relativeResultsDirectory="7ee1f02b-c829-4700-a506-dfb8ef9e8fa8" />
    <UnitTestResult executionId="f5f32c27-12e2-49b0-bdee-f7cb56fb6c01" testId="fc0c21ba-2b62-b325-47f7-bbd685a4cb8c" testName="Zeus.People.Application.Tests.BusinessRulesEnforcementTests.AssignAcademicToRoom_ShouldEnforceRoomExistsRule" computerName="PLATO-SP9" duration="00:00:00.0069007" startTime="2025-08-20T17:22:51.1264195-07:00" endTime="2025-08-20T17:22:51.1264201-07:00" testType="13cdc9d9-ddb5-4fa4-a97d-d965ccfc6d4b" outcome="Passed" testListId="8c84fa94-04c1-424b-9868-57a2d4851a1d" relativeResultsDirectory="f5f32c27-12e2-49b0-bdee-f7cb56fb6c01" />
    <UnitTestResult executionId="31620fd7-363f-4957-a2b6-446418e530a4" testId="0e00cb21-57fa-19da-5457-f27a7ccc3a09" testName="Zeus.People.Application.Tests.ApplicationLayerTests.CreateAcademicCommandValidator_ShouldValidateRequiredFields" computerName="PLATO-SP9" duration="00:00:00.0009711" startTime="2025-08-20T17:22:50.9944854-07:00" endTime="2025-08-20T17:22:50.9944858-07:00" testType="13cdc9d9-ddb5-4fa4-a97d-d965ccfc6d4b" outcome="Passed" testListId="8c84fa94-04c1-424b-9868-57a2d4851a1d" relativeResultsDirectory="31620fd7-363f-4957-a2b6-446418e530a4" />
    <UnitTestResult executionId="ef51eb89-365f-45c3-a48e-d5103f7ce34b" testId="4267b6d3-a09f-9d3b-cf07-dcd831293798" testName="Zeus.People.Application.Tests.QueryHandlerDataTests.GetDepartmentQuery_ShouldReturnNotFoundWhenDepartmentDoesNotExist" computerName="PLATO-SP9" duration="00:00:00.0149995" startTime="2025-08-20T17:22:51.1681754-07:00" endTime="2025-08-20T17:22:51.1681759-07:00" testType="13cdc9d9-ddb5-4fa4-a97d-d965ccfc6d4b" outcome="Passed" testListId="8c84fa94-04c1-424b-9868-57a2d4851a1d" relativeResultsDirectory="ef51eb89-365f-45c3-a48e-d5103f7ce34b" />
    <UnitTestResult executionId="bfe40251-7f6c-4faf-ada8-7a8e95caeaa3" testId="28477b31-d2a2-74de-c774-9286bd762d83" testName="Zeus.People.Application.Tests.InputValidationTests.CreateAcademicCommandValidator_ShouldRequireEmpName" computerName="PLATO-SP9" duration="00:00:00.0007106" startTime="2025-08-20T17:22:51.1051063-07:00" endTime="2025-08-20T17:22:51.1051069-07:00" testType="13cdc9d9-ddb5-4fa4-a97d-d965ccfc6d4b" outcome="Passed" testListId="8c84fa94-04c1-424b-9868-57a2d4851a1d" relativeResultsDirectory="bfe40251-7f6c-4faf-ada8-7a8e95caeaa3" />
    <UnitTestResult executionId="cf54a417-e611-4dee-bb54-d270f6166f1e" testId="11ffa2bb-abc8-0e5f-963d-e2533f1270b6" testName="Zeus.People.Application.Tests.BusinessRulesEnforcementTests.AssignAcademicToRoom_ShouldEnforceAcademicExistsRule" computerName="PLATO-SP9" duration="00:00:00.0016047" startTime="2025-08-20T17:22:51.1466139-07:00" endTime="2025-08-20T17:22:51.1466144-07:00" testType="13cdc9d9-ddb5-4fa4-a97d-d965ccfc6d4b" outcome="Passed" testListId="8c84fa94-04c1-424b-9868-57a2d4851a1d" relativeResultsDirectory="cf54a417-e611-4dee-bb54-d270f6166f1e" />
    <UnitTestResult executionId="fa7cdba7-198f-451b-9f2c-786e95e791f8" testId="21d58fd7-5254-fcb8-102e-8b34f4c040f8" testName="Zeus.People.Application.Tests.InputValidationTests.Validator_ShouldHandleComplexValidationScenarios" computerName="PLATO-SP9" duration="00:00:01.5370362" startTime="2025-08-20T17:22:50.9785575-07:00" endTime="2025-08-20T17:22:50.9785581-07:00" testType="13cdc9d9-ddb5-4fa4-a97d-d965ccfc6d4b" outcome="Passed" testListId="8c84fa94-04c1-424b-9868-57a2d4851a1d" relativeResultsDirectory="fa7cdba7-198f-451b-9f2c-786e95e791f8" />
    <UnitTestResult executionId="08420f5d-eb04-4c41-991e-d56144c24eed" testId="47d496db-d14b-4def-b888-a97068849806" testName="Zeus.People.Application.Tests.QueryHandlerDataTests.GetAcademicQuery_ShouldReturnCorrectAcademicData" computerName="PLATO-SP9" duration="00:00:00.0043410" startTime="2025-08-20T17:22:51.1365323-07:00" endTime="2025-08-20T17:22:51.1365326-07:00" testType="13cdc9d9-ddb5-4fa4-a97d-d965ccfc6d4b" outcome="Passed" testListId="8c84fa94-04c1-424b-9868-57a2d4851a1d" relativeResultsDirectory="08420f5d-eb04-4c41-991e-d56144c24eed" />
    <UnitTestResult executionId="33a03e34-a050-404e-bb46-a76d8d146668" testId="bfd1cff7-7030-f13c-8ee3-26352c025c3f" testName="Zeus.People.Application.Tests.QueryHandlerDataTests.GetAcademicQuery_ShouldReturnNotFoundWhenAcademicDoesNotExist" computerName="PLATO-SP9" duration="00:00:01.6796329" startTime="2025-08-20T17:22:51.1164172-07:00" endTime="2025-08-20T17:22:51.1164178-07:00" testType="13cdc9d9-ddb5-4fa4-a97d-d965ccfc6d4b" outcome="Passed" testListId="8c84fa94-04c1-424b-9868-57a2d4851a1d" relativeResultsDirectory="33a03e34-a050-404e-bb46-a76d8d146668" />
    <UnitTestResult executionId="b221579d-9347-48a7-be03-5ec398f88ee1" testId="57b3f76e-6f5d-34d3-be0c-cff0e64e60e4" testName="Zeus.People.Application.Tests.InputValidationTests.CreateAcademicCommandValidator_ShouldAcceptValidRanks" computerName="PLATO-SP9" duration="00:00:00.0006356" startTime="2025-08-20T17:22:51.1004514-07:00" endTime="2025-08-20T17:22:51.1004515-07:00" testType="13cdc9d9-ddb5-4fa4-a97d-d965ccfc6d4b" outcome="Passed" testListId="8c84fa94-04c1-424b-9868-57a2d4851a1d" relativeResultsDirectory="b221579d-9347-48a7-be03-5ec398f88ee1" />
    <UnitTestResult executionId="caf1d690-b07c-4efd-a802-159e4585d57f" testId="0c940717-6397-043f-52b0-11b33c5f3c15" testName="Zeus.People.Application.Tests.UnitTest1.Test1" computerName="PLATO-SP9" duration="00:00:00.0031106" startTime="2025-08-20T17:22:49.4525805-07:00" endTime="2025-08-20T17:22:49.4525960-07:00" testType="13cdc9d9-ddb5-4fa4-a97d-d965ccfc6d4b" outcome="Passed" testListId="8c84fa94-04c1-424b-9868-57a2d4851a1d" relativeResultsDirectory="caf1d690-b07c-4efd-a802-159e4585d57f" />
    <UnitTestResult executionId="ba6e1691-dd73-426c-854b-93c225c5a3cb" testId="15281870-a903-d82c-50a7-37e96ec7c0d7" testName="Zeus.People.Application.Tests.InputValidationTests.CreateAcademicCommandValidator_ShouldRequireEmpNr" computerName="PLATO-SP9" duration="00:00:00.0003490" startTime="2025-08-20T17:22:51.1007799-07:00" endTime="2025-08-20T17:22:51.1007801-07:00" testType="13cdc9d9-ddb5-4fa4-a97d-d965ccfc6d4b" outcome="Passed" testListId="8c84fa94-04c1-424b-9868-57a2d4851a1d" relativeResultsDirectory="ba6e1691-dd73-426c-854b-93c225c5a3cb" />
    <UnitTestResult executionId="ebe13e3b-0b20-4dc7-958c-511f5d7cc235" testId="2016a703-0be8-d595-5889-b8b8e8a7331e" testName="Zeus.People.Application.Tests.InputValidationTests.CreateAcademicCommandValidator_ShouldRequireNumericEmpNr" computerName="PLATO-SP9" duration="00:00:00.0182235" startTime="2025-08-20T17:22:50.9968612-07:00" endTime="2025-08-20T17:22:50.9968613-07:00" testType="13cdc9d9-ddb5-4fa4-a97d-d965ccfc6d4b" outcome="Passed" testListId="8c84fa94-04c1-424b-9868-57a2d4851a1d" relativeResultsDirectory="ebe13e3b-0b20-4dc7-958c-511f5d7cc235" />
    <UnitTestResult executionId="ed4e3483-4b22-4250-a5a5-813364941759" testId="5abc7db8-f56a-4311-1183-e4e7d03bc3e9" testName="Zeus.People.Application.Tests.BusinessRulesEnforcementTests.AssignAcademicToRoom_ShouldEnforceRoomOccupancyRule" computerName="PLATO-SP9" duration="00:00:00.0058740" startTime="2025-08-20T17:22:51.1526084-07:00" endTime="2025-08-20T17:22:51.1526089-07:00" testType="13cdc9d9-ddb5-4fa4-a97d-d965ccfc6d4b" outcome="Passed" testListId="8c84fa94-04c1-424b-9868-57a2d4851a1d" relativeResultsDirectory="ed4e3483-4b22-4250-a5a5-813364941759" />
  </Results>
  <TestDefinitions>
    <UnitTest name="Zeus.People.Application.Tests.QueryHandlerDataTests.QueryHandler_ShouldHandleRepositoryFailuresGracefully" storage="c:\git\blogcode\zeus.people\tests\zeus.people.application.tests\bin\release\net8.0\zeus.people.application.tests.dll" id="763ef6b8-0d9f-e5fb-587f-37c5fc97944d">
      <Execution id="b4729fa9-f412-4842-974e-21b1ea47a6e4" />
      <TestMethod codeBase="C:\git\blogcode\Zeus.People\tests\Zeus.People.Application.Tests\bin\Release\net8.0\Zeus.People.Application.Tests.dll" adapterTypeName="executor://xunit/VsTestRunner2/netcoreapp" className="Zeus.People.Application.Tests.QueryHandlerDataTests" name="QueryHandler_ShouldHandleRepositoryFailuresGracefully" />
    </UnitTest>
    <UnitTest name="Zeus.People.Application.Tests.InputValidationTests.CreateDepartmentCommandValidator_ShouldRequireName" storage="c:\git\blogcode\zeus.people\tests\zeus.people.application.tests\bin\release\net8.0\zeus.people.application.tests.dll" id="88ef73f2-eedd-152e-29c6-b1ac8aaab759">
      <Execution id="2d848946-9269-40f4-b909-2b31b77dcb23" />
      <TestMethod codeBase="C:\git\blogcode\Zeus.People\tests\Zeus.People.Application.Tests\bin\Release\net8.0\Zeus.People.Application.Tests.dll" adapterTypeName="executor://xunit/VsTestRunner2/netcoreapp" className="Zeus.People.Application.Tests.InputValidationTests" name="CreateDepartmentCommandValidator_ShouldRequireName" />
    </UnitTest>
    <UnitTest name="Zeus.People.Application.Tests.QueryHandlerDataTests.GetDepartmentQuery_ShouldReturnNotFoundWhenDepartmentDoesNotExist" storage="c:\git\blogcode\zeus.people\tests\zeus.people.application.tests\bin\release\net8.0\zeus.people.application.tests.dll" id="4267b6d3-a09f-9d3b-cf07-dcd831293798">
      <Execution id="ef51eb89-365f-45c3-a48e-d5103f7ce34b" />
      <TestMethod codeBase="C:\git\blogcode\Zeus.People\tests\Zeus.People.Application.Tests\bin\Release\net8.0\Zeus.People.Application.Tests.dll" adapterTypeName="executor://xunit/VsTestRunner2/netcoreapp" className="Zeus.People.Application.Tests.QueryHandlerDataTests" name="GetDepartmentQuery_ShouldReturnNotFoundWhenDepartmentDoesNotExist" />
    </UnitTest>
    <UnitTest name="Zeus.People.Application.Tests.ErrorHandlingTests.Result_NonGeneric_Success_ShouldCreateSuccessfulResult" storage="c:\git\blogcode\zeus.people\tests\zeus.people.application.tests\bin\release\net8.0\zeus.people.application.tests.dll" id="314430e0-123c-cf33-037f-b40b2d78e80b">
      <Execution id="b6a70212-0a6f-4b66-8bd7-ab477ecfbc11" />
      <TestMethod codeBase="C:\git\blogcode\Zeus.People\tests\Zeus.People.Application.Tests\bin\Release\net8.0\Zeus.People.Application.Tests.dll" adapterTypeName="executor://xunit/VsTestRunner2/netcoreapp" className="Zeus.People.Application.Tests.ErrorHandlingTests" name="Result_NonGeneric_Success_ShouldCreateSuccessfulResult" />
    </UnitTest>
    <UnitTest name="Zeus.People.Application.Tests.InputValidationTests.CreateAcademicCommandValidator_ShouldAcceptValidRanks" storage="c:\git\blogcode\zeus.people\tests\zeus.people.application.tests\bin\release\net8.0\zeus.people.application.tests.dll" id="57b3f76e-6f5d-34d3-be0c-cff0e64e60e4">
      <Execution id="b221579d-9347-48a7-be03-5ec398f88ee1" />
      <TestMethod codeBase="C:\git\blogcode\Zeus.People\tests\Zeus.People.Application.Tests\bin\Release\net8.0\Zeus.People.Application.Tests.dll" adapterTypeName="executor://xunit/VsTestRunner2/netcoreapp" className="Zeus.People.Application.Tests.InputValidationTests" name="CreateAcademicCommandValidator_ShouldAcceptValidRanks" />
    </UnitTest>
    <UnitTest name="Zeus.People.Application.Tests.ErrorHandlingTests.Error_ShouldBeEquatable" storage="c:\git\blogcode\zeus.people\tests\zeus.people.application.tests\bin\release\net8.0\zeus.people.application.tests.dll" id="51258dce-14c8-68ec-e267-a9b2374b16af">
      <Execution id="3a935c3b-5079-4269-bf54-06d8a871eced" />
      <TestMethod codeBase="C:\git\blogcode\Zeus.People\tests\Zeus.People.Application.Tests\bin\Release\net8.0\Zeus.People.Application.Tests.dll" adapterTypeName="executor://xunit/VsTestRunner2/netcoreapp" className="Zeus.People.Application.Tests.ErrorHandlingTests" name="Error_ShouldBeEquatable" />
    </UnitTest>
    <UnitTest name="Zeus.People.Application.Tests.InputValidationTests.CreateAcademicCommandValidator_ShouldValidateEmpNameLength" storage="c:\git\blogcode\zeus.people\tests\zeus.people.application.tests\bin\release\net8.0\zeus.people.application.tests.dll" id="89295040-3f3e-be01-9c39-11675a31e425">
      <Execution id="db7ff4d0-48c0-4b4d-a8e1-a48d8661d739" />
      <TestMethod codeBase="C:\git\blogcode\Zeus.People\tests\Zeus.People.Application.Tests\bin\Release\net8.0\Zeus.People.Application.Tests.dll" adapterTypeName="executor://xunit/VsTestRunner2/netcoreapp" className="Zeus.People.Application.Tests.InputValidationTests" name="CreateAcademicCommandValidator_ShouldValidateEmpNameLength" />
    </UnitTest>
    <UnitTest name="Zeus.People.Application.Tests.InputValidationTests.ValidationBehavior_ShouldPassThroughWhenNoValidators" storage="c:\git\blogcode\zeus.people\tests\zeus.people.application.tests\bin\release\net8.0\zeus.people.application.tests.dll" id="95e1f872-414e-8c82-1b27-526255fa89c9">
      <Execution id="c3a5f841-4faa-4996-ac35-3c1e708b1b1f" />
      <TestMethod codeBase="C:\git\blogcode\Zeus.People\tests\Zeus.People.Application.Tests\bin\Release\net8.0\Zeus.People.Application.Tests.dll" adapterTypeName="executor://xunit/VsTestRunner2/netcoreapp" className="Zeus.People.Application.Tests.InputValidationTests" name="ValidationBehavior_ShouldPassThroughWhenNoValidators" />
    </UnitTest>
    <UnitTest name="Zeus.People.Application.Tests.InputValidationTests.Validator_ShouldValidateConditionalRules" storage="c:\git\blogcode\zeus.people\tests\zeus.people.application.tests\bin\release\net8.0\zeus.people.application.tests.dll" id="59a6b1fd-48b4-4fb4-6e92-76f6cb87389b">
      <Execution id="046f1781-4b5c-4af3-a9f8-4ba6085f853f" />
      <TestMethod codeBase="C:\git\blogcode\Zeus.People\tests\Zeus.People.Application.Tests\bin\Release\net8.0\Zeus.People.Application.Tests.dll" adapterTypeName="executor://xunit/VsTestRunner2/netcoreapp" className="Zeus.People.Application.Tests.InputValidationTests" name="Validator_ShouldValidateConditionalRules" />
    </UnitTest>
    <UnitTest name="Zeus.People.Application.Tests.InputValidationTests.CreateAcademicCommandValidator_ShouldRequireEmpNrLength" storage="c:\git\blogcode\zeus.people\tests\zeus.people.application.tests\bin\release\net8.0\zeus.people.application.tests.dll" id="bc9a7222-9ea5-da3b-3f3a-6daec933a438">
      <Execution id="911fbcfe-12cc-4993-8ea8-463a8474d859" />
      <TestMethod codeBase="C:\git\blogcode\Zeus.People\tests\Zeus.People.Application.Tests\bin\Release\net8.0\Zeus.People.Application.Tests.dll" adapterTypeName="executor://xunit/VsTestRunner2/netcoreapp" className="Zeus.People.Application.Tests.InputValidationTests" name="CreateAcademicCommandValidator_ShouldRequireEmpNrLength" />
    </UnitTest>
    <UnitTest name="Zeus.People.Application.Tests.InputValidationTests.CreateAcademicCommandValidator_ShouldRequireEmpName" storage="c:\git\blogcode\zeus.people\tests\zeus.people.application.tests\bin\release\net8.0\zeus.people.application.tests.dll" id="28477b31-d2a2-74de-c774-9286bd762d83">
      <Execution id="bfe40251-7f6c-4faf-ada8-7a8e95caeaa3" />
      <TestMethod codeBase="C:\git\blogcode\Zeus.People\tests\Zeus.People.Application.Tests\bin\Release\net8.0\Zeus.People.Application.Tests.dll" adapterTypeName="executor://xunit/VsTestRunner2/netcoreapp" className="Zeus.People.Application.Tests.InputValidationTests" name="CreateAcademicCommandValidator_ShouldRequireEmpName" />
    </UnitTest>
    <UnitTest name="Zeus.People.Application.Tests.ApplicationLayerTests.CreateAcademicCommandValidator_ShouldAcceptValidInput" storage="c:\git\blogcode\zeus.people\tests\zeus.people.application.tests\bin\release\net8.0\zeus.people.application.tests.dll" id="c7b63e14-e35b-049e-ab9b-7b11cecfe97e">
      <Execution id="35a94cd2-d956-4fe4-b9cc-bd0eb1743ed7" />
      <TestMethod codeBase="C:\git\blogcode\Zeus.People\tests\Zeus.People.Application.Tests\bin\Release\net8.0\Zeus.People.Application.Tests.dll" adapterTypeName="executor://xunit/VsTestRunner2/netcoreapp" className="Zeus.People.Application.Tests.ApplicationLayerTests" name="CreateAcademicCommandValidator_ShouldAcceptValidInput" />
    </UnitTest>
    <UnitTest name="Zeus.People.Application.Tests.QueryHandlerDataTests.QueryHandler_ShouldValidateDataIntegrity" storage="c:\git\blogcode\zeus.people\tests\zeus.people.application.tests\bin\release\net8.0\zeus.people.application.tests.dll" id="27f70682-7601-56e4-bb12-425d12693163">
      <Execution id="45246d16-4a85-4e2f-8773-a09f4aef7c3d" />
      <TestMethod codeBase="C:\git\blogcode\Zeus.People\tests\Zeus.People.Application.Tests\bin\Release\net8.0\Zeus.People.Application.Tests.dll" adapterTypeName="executor://xunit/VsTestRunner2/netcoreapp" className="Zeus.People.Application.Tests.QueryHandlerDataTests" name="QueryHandler_ShouldValidateDataIntegrity" />
    </UnitTest>
    <UnitTest name="Zeus.People.Application.Tests.BusinessRulesEnforcementTests.AssignAcademicToRoom_ShouldEnforceRoomExistsRule" storage="c:\git\blogcode\zeus.people\tests\zeus.people.application.tests\bin\release\net8.0\zeus.people.application.tests.dll" id="fc0c21ba-2b62-b325-47f7-bbd685a4cb8c">
      <Execution id="f5f32c27-12e2-49b0-bdee-f7cb56fb6c01" />
      <TestMethod codeBase="C:\git\blogcode\Zeus.People\tests\Zeus.People.Application.Tests\bin\Release\net8.0\Zeus.People.Application.Tests.dll" adapterTypeName="executor://xunit/VsTestRunner2/netcoreapp" className="Zeus.People.Application.Tests.BusinessRulesEnforcementTests" name="AssignAcademicToRoom_ShouldEnforceRoomExistsRule" />
    </UnitTest>
    <UnitTest name="Zeus.People.Application.Tests.InputValidationTests.UpdateDepartmentCommandValidator_ShouldValidateBudgets" storage="c:\git\blogcode\zeus.people\tests\zeus.people.application.tests\bin\release\net8.0\zeus.people.application.tests.dll" id="be7462b8-f87e-a40b-31f8-e1709b6ea12a">
      <Execution id="b8a6e86e-ee62-469f-8548-53c5359029da" />
      <TestMethod codeBase="C:\git\blogcode\Zeus.People\tests\Zeus.People.Application.Tests\bin\Release\net8.0\Zeus.People.Application.Tests.dll" adapterTypeName="executor://xunit/VsTestRunner2/netcoreapp" className="Zeus.People.Application.Tests.InputValidationTests" name="UpdateDepartmentCommandValidator_ShouldValidateBudgets" />
    </UnitTest>
    <UnitTest name="Zeus.People.Application.Tests.QueryHandlerDataTests.GetDepartmentByNameQuery_ShouldReturnCorrectDepartmentData" storage="c:\git\blogcode\zeus.people\tests\zeus.people.application.tests\bin\release\net8.0\zeus.people.application.tests.dll" id="786f03f9-97cb-c4b6-bb1f-6edbbce6516d">
      <Execution id="dd7233ee-a352-4226-a58b-5cea51adf422" />
      <TestMethod codeBase="C:\git\blogcode\Zeus.People\tests\Zeus.People.Application.Tests\bin\Release\net8.0\Zeus.People.Application.Tests.dll" adapterTypeName="executor://xunit/VsTestRunner2/netcoreapp" className="Zeus.People.Application.Tests.QueryHandlerDataTests" name="GetDepartmentByNameQuery_ShouldReturnCorrectDepartmentData" />
    </UnitTest>
    <UnitTest name="Zeus.People.Application.Tests.ErrorHandlingTests.ErrorHandling_ShouldProvideAppropriateErrorCodes" storage="c:\git\blogcode\zeus.people\tests\zeus.people.application.tests\bin\release\net8.0\zeus.people.application.tests.dll" id="affa0a16-16dc-2b01-a4e1-61ac86438e99">
      <Execution id="de49dba7-7a4b-4427-8f8a-981c7fa6b122" />
      <TestMethod codeBase="C:\git\blogcode\Zeus.People\tests\Zeus.People.Application.Tests\bin\Release\net8.0\Zeus.People.Application.Tests.dll" adapterTypeName="executor://xunit/VsTestRunner2/netcoreapp" className="Zeus.People.Application.Tests.ErrorHandlingTests" name="ErrorHandling_ShouldProvideAppropriateErrorCodes" />
    </UnitTest>
    <UnitTest name="Zeus.People.Application.Tests.InputValidationTests.CreateDepartmentCommandValidator_ShouldValidateNameLength" storage="c:\git\blogcode\zeus.people\tests\zeus.people.application.tests\bin\release\net8.0\zeus.people.application.tests.dll" id="cb3506a0-6cc8-169b-26aa-96625a4bb8a4">
      <Execution id="712e891d-7e62-4b80-a4f3-62e433b2164c" />
      <TestMethod codeBase="C:\git\blogcode\Zeus.People\tests\Zeus.People.Application.Tests\bin\Release\net8.0\Zeus.People.Application.Tests.dll" adapterTypeName="executor://xunit/VsTestRunner2/netcoreapp" className="Zeus.People.Application.Tests.InputValidationTests" name="CreateDepartmentCommandValidator_ShouldValidateNameLength" />
    </UnitTest>
    <UnitTest name="Zeus.People.Application.Tests.ErrorHandlingTests.ErrorHandling_ShouldSupportChaining" storage="c:\git\blogcode\zeus.people\tests\zeus.people.application.tests\bin\release\net8.0\zeus.people.application.tests.dll" id="b7f30626-c6fa-3871-0338-f4e7aa212da2">
      <Execution id="0ffde57e-bbe3-417b-8c84-cac97bd62dd6" />
      <TestMethod codeBase="C:\git\blogcode\Zeus.People\tests\Zeus.People.Application.Tests\bin\Release\net8.0\Zeus.People.Application.Tests.dll" adapterTypeName="executor://xunit/VsTestRunner2/netcoreapp" className="Zeus.People.Application.Tests.ErrorHandlingTests" name="ErrorHandling_ShouldSupportChaining" />
    </UnitTest>
    <UnitTest name="Zeus.People.Application.Tests.InputValidationTests.Validator_ShouldHandleComplexValidationScenarios" storage="c:\git\blogcode\zeus.people\tests\zeus.people.application.tests\bin\release\net8.0\zeus.people.application.tests.dll" id="21d58fd7-5254-fcb8-102e-8b34f4c040f8">
      <Execution id="fa7cdba7-198f-451b-9f2c-786e95e791f8" />
      <TestMethod codeBase="C:\git\blogcode\Zeus.People\tests\Zeus.People.Application.Tests\bin\Release\net8.0\Zeus.People.Application.Tests.dll" adapterTypeName="executor://xunit/VsTestRunner2/netcoreapp" className="Zeus.People.Application.Tests.InputValidationTests" name="Validator_ShouldHandleComplexValidationScenarios" />
    </UnitTest>
    <UnitTest name="Zeus.People.Application.Tests.ErrorHandlingTests.DomainValueObjects_ShouldCreateValidInstances" storage="c:\git\blogcode\zeus.people\tests\zeus.people.application.tests\bin\release\net8.0\zeus.people.application.tests.dll" id="397163f8-5b37-451d-295a-e3cf5ebc26f2">
      <Execution id="6eae5979-bf4a-47f9-99c4-728c23892461" />
      <TestMethod codeBase="C:\git\blogcode\Zeus.People\tests\Zeus.People.Application.Tests\bin\Release\net8.0\Zeus.People.Application.Tests.dll" adapterTypeName="executor://xunit/VsTestRunner2/netcoreapp" className="Zeus.People.Application.Tests.ErrorHandlingTests" name="DomainValueObjects_ShouldCreateValidInstances" />
    </UnitTest>
    <UnitTest name="Zeus.People.Application.Tests.ErrorHandlingTests.Error_ShouldHaveCorrectCodeAndMessage" storage="c:\git\blogcode\zeus.people\tests\zeus.people.application.tests\bin\release\net8.0\zeus.people.application.tests.dll" id="0bf97d57-3bd1-9544-ca48-2d68f552fb43">
      <Execution id="57596029-c7f6-40b2-9312-272d0d2c9303" />
      <TestMethod codeBase="C:\git\blogcode\Zeus.People\tests\Zeus.People.Application.Tests\bin\Release\net8.0\Zeus.People.Application.Tests.dll" adapterTypeName="executor://xunit/VsTestRunner2/netcoreapp" className="Zeus.People.Application.Tests.ErrorHandlingTests" name="Error_ShouldHaveCorrectCodeAndMessage" />
    </UnitTest>
    <UnitTest name="Zeus.People.Application.Tests.InputValidationTests.CreateAcademicCommandValidator_ShouldRequireEmpNr" storage="c:\git\blogcode\zeus.people\tests\zeus.people.application.tests\bin\release\net8.0\zeus.people.application.tests.dll" id="15281870-a903-d82c-50a7-37e96ec7c0d7">
      <Execution id="ba6e1691-dd73-426c-854b-93c225c5a3cb" />
      <TestMethod codeBase="C:\git\blogcode\Zeus.People\tests\Zeus.People.Application.Tests\bin\Release\net8.0\Zeus.People.Application.Tests.dll" adapterTypeName="executor://xunit/VsTestRunner2/netcoreapp" className="Zeus.People.Application.Tests.InputValidationTests" name="CreateAcademicCommandValidator_ShouldRequireEmpNr" />
    </UnitTest>
    <UnitTest name="Zeus.People.Application.Tests.InputValidationTests.UpdateDepartmentCommandValidator_ShouldAllowNullOptionalFields" storage="c:\git\blogcode\zeus.people\tests\zeus.people.application.tests\bin\release\net8.0\zeus.people.application.tests.dll" id="a89435ca-d580-5c93-dabe-d3b726c1dc32">
      <Execution id="d28cc14a-90ba-4e7d-89c4-dc9a3f069bd7" />
      <TestMethod codeBase="C:\git\blogcode\Zeus.People\tests\Zeus.People.Application.Tests\bin\Release\net8.0\Zeus.People.Application.Tests.dll" adapterTypeName="executor://xunit/VsTestRunner2/netcoreapp" className="Zeus.People.Application.Tests.InputValidationTests" name="UpdateDepartmentCommandValidator_ShouldAllowNullOptionalFields" />
    </UnitTest>
    <UnitTest name="Zeus.People.Application.Tests.QueryHandlerDataTests.GetAllAcademicsQuery_ShouldReturnPagedResults" storage="c:\git\blogcode\zeus.people\tests\zeus.people.application.tests\bin\release\net8.0\zeus.people.application.tests.dll" id="c5b3df74-4fb1-5d85-02ec-b05ffe6364a7">
      <Execution id="7ee1f02b-c829-4700-a506-dfb8ef9e8fa8" />
      <TestMethod codeBase="C:\git\blogcode\Zeus.People\tests\Zeus.People.Application.Tests\bin\Release\net8.0\Zeus.People.Application.Tests.dll" adapterTypeName="executor://xunit/VsTestRunner2/netcoreapp" className="Zeus.People.Application.Tests.QueryHandlerDataTests" name="GetAllAcademicsQuery_ShouldReturnPagedResults" />
    </UnitTest>
    <UnitTest name="Zeus.People.Application.Tests.BusinessRulesEnforcementTests.CreateDepartmentCommand_ShouldEnforceDuplicateNameRule" storage="c:\git\blogcode\zeus.people\tests\zeus.people.application.tests\bin\release\net8.0\zeus.people.application.tests.dll" id="255607f5-40c2-9618-e1c3-1672dd9e9a92">
      <Execution id="867133ca-671f-4a6f-9106-483930d364dc" />
      <TestMethod codeBase="C:\git\blogcode\Zeus.People\tests\Zeus.People.Application.Tests\bin\Release\net8.0\Zeus.People.Application.Tests.dll" adapterTypeName="executor://xunit/VsTestRunner2/netcoreapp" className="Zeus.People.Application.Tests.BusinessRulesEnforcementTests" name="CreateDepartmentCommand_ShouldEnforceDuplicateNameRule" />
    </UnitTest>
    <UnitTest name="Zeus.People.Application.Tests.ApplicationLayerTests.AcademicDto_ShouldInheritFromBaseDto" storage="c:\git\blogcode\zeus.people\tests\zeus.people.application.tests\bin\release\net8.0\zeus.people.application.tests.dll" id="25a3be02-b0b0-1a90-f079-9f08d0818d7d">
      <Execution id="f1971777-bc89-411d-a2b5-5eb972f19996" />
      <TestMethod codeBase="C:\git\blogcode\Zeus.People\tests\Zeus.People.Application.Tests\bin\Release\net8.0\Zeus.People.Application.Tests.dll" adapterTypeName="executor://xunit/VsTestRunner2/netcoreapp" className="Zeus.People.Application.Tests.ApplicationLayerTests" name="AcademicDto_ShouldInheritFromBaseDto" />
    </UnitTest>
    <UnitTest name="Zeus.People.Application.Tests.InputValidationTests.ValidationBehavior_ShouldCallNextHandlerForValidCommand" storage="c:\git\blogcode\zeus.people\tests\zeus.people.application.tests\bin\release\net8.0\zeus.people.application.tests.dll" id="adee432f-78f4-5b4c-1877-2ffb6a171741">
      <Execution id="bb81b634-6d43-4109-99dc-2c7f20bbcc89" />
      <TestMethod codeBase="C:\git\blogcode\Zeus.People\tests\Zeus.People.Application.Tests\bin\Release\net8.0\Zeus.People.Application.Tests.dll" adapterTypeName="executor://xunit/VsTestRunner2/netcoreapp" className="Zeus.People.Application.Tests.InputValidationTests" name="ValidationBehavior_ShouldCallNextHandlerForValidCommand" />
    </UnitTest>
    <UnitTest name="Zeus.People.Application.Tests.ErrorHandlingTests.ErrorHandling_ShouldProvideDescriptiveMessages" storage="c:\git\blogcode\zeus.people\tests\zeus.people.application.tests\bin\release\net8.0\zeus.people.application.tests.dll" id="93d48619-9e7f-f849-9bc0-079a2ba4e16e">
      <Execution id="69f33d9e-a2a5-4b20-984f-416b58da9499" />
      <TestMethod codeBase="C:\git\blogcode\Zeus.People\tests\Zeus.People.Application.Tests\bin\Release\net8.0\Zeus.People.Application.Tests.dll" adapterTypeName="executor://xunit/VsTestRunner2/netcoreapp" className="Zeus.People.Application.Tests.ErrorHandlingTests" name="ErrorHandling_ShouldProvideDescriptiveMessages" />
    </UnitTest>
    <UnitTest name="Zeus.People.Application.Tests.ErrorHandlingTests.Result_Success_ShouldCreateSuccessfulResult" storage="c:\git\blogcode\zeus.people\tests\zeus.people.application.tests\bin\release\net8.0\zeus.people.application.tests.dll" id="f3764542-9570-612f-4ad0-3fe416b1ba60">
      <Execution id="4ee02e44-6b7e-4629-aa3f-f17fe3ae0fde" />
      <TestMethod codeBase="C:\git\blogcode\Zeus.People\tests\Zeus.People.Application.Tests\bin\Release\net8.0\Zeus.People.Application.Tests.dll" adapterTypeName="executor://xunit/VsTestRunner2/netcoreapp" className="Zeus.People.Application.Tests.ErrorHandlingTests" name="Result_Success_ShouldCreateSuccessfulResult" />
    </UnitTest>
    <UnitTest name="Zeus.People.Application.Tests.QueryHandlerDataTests.GetAcademicByEmpNrQuery_ShouldReturnCorrectAcademicData" storage="c:\git\blogcode\zeus.people\tests\zeus.people.application.tests\bin\release\net8.0\zeus.people.application.tests.dll" id="6e62022c-7b01-31ed-a76f-da01da9e276b">
      <Execution id="db0b5bfc-968c-432b-8d86-0a9d4d5ee966" />
      <TestMethod codeBase="C:\git\blogcode\Zeus.People\tests\Zeus.People.Application.Tests\bin\Release\net8.0\Zeus.People.Application.Tests.dll" adapterTypeName="executor://xunit/VsTestRunner2/netcoreapp" className="Zeus.People.Application.Tests.QueryHandlerDataTests" name="GetAcademicByEmpNrQuery_ShouldReturnCorrectAcademicData" />
    </UnitTest>
    <UnitTest name="Zeus.People.Application.Tests.ErrorHandlingTests.DomainValueObjects_ShouldHandleValidationErrors" storage="c:\git\blogcode\zeus.people\tests\zeus.people.application.tests\bin\release\net8.0\zeus.people.application.tests.dll" id="799eee40-f3ec-829d-bbe5-3d0c1531716e">
      <Execution id="c11494e3-b0bd-43c4-b533-13949c916855" />
      <TestMethod codeBase="C:\git\blogcode\Zeus.People\tests\Zeus.People.Application.Tests\bin\Release\net8.0\Zeus.People.Application.Tests.dll" adapterTypeName="executor://xunit/VsTestRunner2/netcoreapp" className="Zeus.People.Application.Tests.ErrorHandlingTests" name="DomainValueObjects_ShouldHandleValidationErrors" />
    </UnitTest>
    <UnitTest name="Zeus.People.Application.Tests.InputValidationTests.CreateAcademicCommandValidator_ShouldPassWithValidInput" storage="c:\git\blogcode\zeus.people\tests\zeus.people.application.tests\bin\release\net8.0\zeus.people.application.tests.dll" id="ecff7458-5e59-2402-731b-99b39c577d85">
      <Execution id="660b2433-133c-4d48-a850-2425c80baba9" />
      <TestMethod codeBase="C:\git\blogcode\Zeus.People\tests\Zeus.People.Application.Tests\bin\Release\net8.0\Zeus.People.Application.Tests.dll" adapterTypeName="executor://xunit/VsTestRunner2/netcoreapp" className="Zeus.People.Application.Tests.InputValidationTests" name="CreateAcademicCommandValidator_ShouldPassWithValidInput" />
    </UnitTest>
    <UnitTest name="Zeus.People.Application.Tests.UnitTest1.Test1" storage="c:\git\blogcode\zeus.people\tests\zeus.people.application.tests\bin\release\net8.0\zeus.people.application.tests.dll" id="0c940717-6397-043f-52b0-11b33c5f3c15">
      <Execution id="caf1d690-b07c-4efd-a802-159e4585d57f" />
      <TestMethod codeBase="C:\git\blogcode\Zeus.People\tests\Zeus.People.Application.Tests\bin\Release\net8.0\Zeus.People.Application.Tests.dll" adapterTypeName="executor://xunit/VsTestRunner2/netcoreapp" className="Zeus.People.Application.Tests.UnitTest1" name="Test1" />
    </UnitTest>
    <UnitTest name="Zeus.People.Application.Tests.InputValidationTests.ValidationBehavior_ShouldReturnFailureResultForInvalidCommand" storage="c:\git\blogcode\zeus.people\tests\zeus.people.application.tests\bin\release\net8.0\zeus.people.application.tests.dll" id="625306ef-a774-5e04-d61f-dd5c38394764">
      <Execution id="e3ff8c28-6769-460f-92ed-a9586dbfa328" />
      <TestMethod codeBase="C:\git\blogcode\Zeus.People\tests\Zeus.People.Application.Tests\bin\Release\net8.0\Zeus.People.Application.Tests.dll" adapterTypeName="executor://xunit/VsTestRunner2/netcoreapp" className="Zeus.People.Application.Tests.InputValidationTests" name="ValidationBehavior_ShouldReturnFailureResultForInvalidCommand" />
    </UnitTest>
    <UnitTest name="Zeus.People.Application.Tests.ApplicationLayerTests.CreateAcademicCommand_ShouldHaveRequiredProperties" storage="c:\git\blogcode\zeus.people\tests\zeus.people.application.tests\bin\release\net8.0\zeus.people.application.tests.dll" id="d468dfab-27ff-95bb-892d-2a3b9a1fd10c">
      <Execution id="247c6710-76ea-4e8e-b743-887d191321e6" />
      <TestMethod codeBase="C:\git\blogcode\Zeus.People\tests\Zeus.People.Application.Tests\bin\Release\net8.0\Zeus.People.Application.Tests.dll" adapterTypeName="executor://xunit/VsTestRunner2/netcoreapp" className="Zeus.People.Application.Tests.ApplicationLayerTests" name="CreateAcademicCommand_ShouldHaveRequiredProperties" />
    </UnitTest>
    <UnitTest name="Zeus.People.Application.Tests.ErrorHandlingTests.ErrorHandling_ShouldPreserveStackTrace" storage="c:\git\blogcode\zeus.people\tests\zeus.people.application.tests\bin\release\net8.0\zeus.people.application.tests.dll" id="281c164c-5c47-ffe6-0609-0d7d08b8112b">
      <Execution id="cb6687af-7399-4ac8-975c-f2b8505eb052" />
      <TestMethod codeBase="C:\git\blogcode\Zeus.People\tests\Zeus.People.Application.Tests\bin\Release\net8.0\Zeus.People.Application.Tests.dll" adapterTypeName="executor://xunit/VsTestRunner2/netcoreapp" className="Zeus.People.Application.Tests.ErrorHandlingTests" name="ErrorHandling_ShouldPreserveStackTrace" />
    </UnitTest>
    <UnitTest name="Zeus.People.Application.Tests.BusinessRulesEnforcementTests.AssignAcademicToRoom_ShouldAllowValidAssignment" storage="c:\git\blogcode\zeus.people\tests\zeus.people.application.tests\bin\release\net8.0\zeus.people.application.tests.dll" id="24729a6e-695f-50a7-4769-c56d52ba0078">
      <Execution id="f213e30c-7d2b-447e-bc9e-14303505e352" />
      <TestMethod codeBase="C:\git\blogcode\Zeus.People\tests\Zeus.People.Application.Tests\bin\Release\net8.0\Zeus.People.Application.Tests.dll" adapterTypeName="executor://xunit/VsTestRunner2/netcoreapp" className="Zeus.People.Application.Tests.BusinessRulesEnforcementTests" name="AssignAcademicToRoom_ShouldAllowValidAssignment" />
    </UnitTest>
    <UnitTest name="Zeus.People.Application.Tests.InputValidationTests.CreateAcademicCommandValidator_ShouldRequireNumericEmpNr" storage="c:\git\blogcode\zeus.people\tests\zeus.people.application.tests\bin\release\net8.0\zeus.people.application.tests.dll" id="2016a703-0be8-d595-5889-b8b8e8a7331e">
      <Execution id="ebe13e3b-0b20-4dc7-958c-511f5d7cc235" />
      <TestMethod codeBase="C:\git\blogcode\Zeus.People\tests\Zeus.People.Application.Tests\bin\Release\net8.0\Zeus.People.Application.Tests.dll" adapterTypeName="executor://xunit/VsTestRunner2/netcoreapp" className="Zeus.People.Application.Tests.InputValidationTests" name="CreateAcademicCommandValidator_ShouldRequireNumericEmpNr" />
    </UnitTest>
    <UnitTest name="Zeus.People.Application.Tests.InputValidationTests.ValidationBehavior_ShouldHandleMultipleValidationErrors" storage="c:\git\blogcode\zeus.people\tests\zeus.people.application.tests\bin\release\net8.0\zeus.people.application.tests.dll" id="ad0b848b-c251-9254-c6cc-8fbd2e90a05c">
      <Execution id="ec6fb7ac-15e7-497f-88a0-53851c492999" />
      <TestMethod codeBase="C:\git\blogcode\Zeus.People\tests\Zeus.People.Application.Tests\bin\Release\net8.0\Zeus.People.Application.Tests.dll" adapterTypeName="executor://xunit/VsTestRunner2/netcoreapp" className="Zeus.People.Application.Tests.InputValidationTests" name="ValidationBehavior_ShouldHandleMultipleValidationErrors" />
    </UnitTest>
    <UnitTest name="Zeus.People.Application.Tests.InputValidationTests.CreateAcademicCommandValidator_ShouldRequireValidRank" storage="c:\git\blogcode\zeus.people\tests\zeus.people.application.tests\bin\release\net8.0\zeus.people.application.tests.dll" id="d0599a66-24c8-58c3-6658-a49e6bca98fc">
      <Execution id="66949bc3-68e7-4d16-83de-b8b75acbfc2b" />
      <TestMethod codeBase="C:\git\blogcode\Zeus.People\tests\Zeus.People.Application.Tests\bin\Release\net8.0\Zeus.People.Application.Tests.dll" adapterTypeName="executor://xunit/VsTestRunner2/netcoreapp" className="Zeus.People.Application.Tests.InputValidationTests" name="CreateAcademicCommandValidator_ShouldRequireValidRank" />
    </UnitTest>
    <UnitTest name="Zeus.People.Application.Tests.QueryHandlerDataTests.GetAcademicQuery_ShouldReturnCorrectAcademicData" storage="c:\git\blogcode\zeus.people\tests\zeus.people.application.tests\bin\release\net8.0\zeus.people.application.tests.dll" id="47d496db-d14b-4def-b888-a97068849806">
      <Execution id="08420f5d-eb04-4c41-991e-d56144c24eed" />
      <TestMethod codeBase="C:\git\blogcode\Zeus.People\tests\Zeus.People.Application.Tests\bin\Release\net8.0\Zeus.People.Application.Tests.dll" adapterTypeName="executor://xunit/VsTestRunner2/netcoreapp" className="Zeus.People.Application.Tests.QueryHandlerDataTests" name="GetAcademicQuery_ShouldReturnCorrectAcademicData" />
    </UnitTest>
    <UnitTest name="Zeus.People.Application.Tests.ErrorHandlingTests.ErrorHandling_ShouldSupportMultipleValidationErrors" storage="c:\git\blogcode\zeus.people\tests\zeus.people.application.tests\bin\release\net8.0\zeus.people.application.tests.dll" id="07912672-00f5-34c7-d9ef-c9c41f0c78f3">
      <Execution id="137b3917-864a-4db9-a20a-242f5e5d5731" />
      <TestMethod codeBase="C:\git\blogcode\Zeus.People\tests\Zeus.People.Application.Tests\bin\Release\net8.0\Zeus.People.Application.Tests.dll" adapterTypeName="executor://xunit/VsTestRunner2/netcoreapp" className="Zeus.People.Application.Tests.ErrorHandlingTests" name="ErrorHandling_ShouldSupportMultipleValidationErrors" />
    </UnitTest>
    <UnitTest name="Zeus.People.Application.Tests.ErrorHandlingTests.Result_AccessingError_OnSuccess_ShouldReturnDefault" storage="c:\git\blogcode\zeus.people\tests\zeus.people.application.tests\bin\release\net8.0\zeus.people.application.tests.dll" id="d60653d5-47c9-c900-7527-a45ef87a711c">
      <Execution id="7974bbcb-de20-49a3-aeba-a0cbc045fd69" />
      <TestMethod codeBase="C:\git\blogcode\Zeus.People\tests\Zeus.People.Application.Tests\bin\Release\net8.0\Zeus.People.Application.Tests.dll" adapterTypeName="executor://xunit/VsTestRunner2/netcoreapp" className="Zeus.People.Application.Tests.ErrorHandlingTests" name="Result_AccessingError_OnSuccess_ShouldReturnDefault" />
    </UnitTest>
    <UnitTest name="Zeus.People.Application.Tests.BusinessRulesEnforcementTests.CreateAcademicCommand_ShouldAllowValidInput" storage="c:\git\blogcode\zeus.people\tests\zeus.people.application.tests\bin\release\net8.0\zeus.people.application.tests.dll" id="680cc10b-d654-9c6a-d5b4-6d7707304732">
      <Execution id="ec6184cc-276d-47a9-976f-173f6557d2ff" />
      <TestMethod codeBase="C:\git\blogcode\Zeus.People\tests\Zeus.People.Application.Tests\bin\Release\net8.0\Zeus.People.Application.Tests.dll" adapterTypeName="executor://xunit/VsTestRunner2/netcoreapp" className="Zeus.People.Application.Tests.BusinessRulesEnforcementTests" name="CreateAcademicCommand_ShouldAllowValidInput" />
    </UnitTest>
    <UnitTest name="Zeus.People.Application.Tests.QueryHandlerDataTests.GetDepartmentQuery_ShouldReturnCorrectDepartmentData" storage="c:\git\blogcode\zeus.people\tests\zeus.people.application.tests\bin\release\net8.0\zeus.people.application.tests.dll" id="755f2564-8228-c9ce-5a89-9c80bfefd6a6">
      <Execution id="c98809f8-c96f-4ba7-9a47-d7177474316f" />
      <TestMethod codeBase="C:\git\blogcode\Zeus.People\tests\Zeus.People.Application.Tests\bin\Release\net8.0\Zeus.People.Application.Tests.dll" adapterTypeName="executor://xunit/VsTestRunner2/netcoreapp" className="Zeus.People.Application.Tests.QueryHandlerDataTests" name="GetDepartmentQuery_ShouldReturnCorrectDepartmentData" />
    </UnitTest>
    <UnitTest name="Zeus.People.Application.Tests.QueryHandlerDataTests.GetAcademicsByDepartmentQuery_ShouldReturnCorrectFilteredData" storage="c:\git\blogcode\zeus.people\tests\zeus.people.application.tests\bin\release\net8.0\zeus.people.application.tests.dll" id="8bd59ca7-0b77-1758-cf09-512270ae30d8">
      <Execution id="11e26c2c-b171-4b92-af78-a2a4ebda6a54" />
      <TestMethod codeBase="C:\git\blogcode\Zeus.People\tests\Zeus.People.Application.Tests\bin\Release\net8.0\Zeus.People.Application.Tests.dll" adapterTypeName="executor://xunit/VsTestRunner2/netcoreapp" className="Zeus.People.Application.Tests.QueryHandlerDataTests" name="GetAcademicsByDepartmentQuery_ShouldReturnCorrectFilteredData" />
    </UnitTest>
    <UnitTest name="Zeus.People.Application.Tests.BusinessRulesEnforcementTests.CreateAcademicCommand_ShouldEnforceValidRankRule" storage="c:\git\blogcode\zeus.people\tests\zeus.people.application.tests\bin\release\net8.0\zeus.people.application.tests.dll" id="4297756d-b84f-ea35-be9a-be8806995948">
      <Execution id="f10f1e73-3ee6-4214-9a06-d68e155c64c5" />
      <TestMethod codeBase="C:\git\blogcode\Zeus.People\tests\Zeus.People.Application.Tests\bin\Release\net8.0\Zeus.People.Application.Tests.dll" adapterTypeName="executor://xunit/VsTestRunner2/netcoreapp" className="Zeus.People.Application.Tests.BusinessRulesEnforcementTests" name="CreateAcademicCommand_ShouldEnforceValidRankRule" />
    </UnitTest>
    <UnitTest name="Zeus.People.Application.Tests.ApplicationLayerTests.CreateAcademicCommandValidator_ShouldValidateRequiredFields" storage="c:\git\blogcode\zeus.people\tests\zeus.people.application.tests\bin\release\net8.0\zeus.people.application.tests.dll" id="0e00cb21-57fa-19da-5457-f27a7ccc3a09">
      <Execution id="31620fd7-363f-4957-a2b6-446418e530a4" />
      <TestMethod codeBase="C:\git\blogcode\Zeus.People\tests\Zeus.People.Application.Tests\bin\Release\net8.0\Zeus.People.Application.Tests.dll" adapterTypeName="executor://xunit/VsTestRunner2/netcoreapp" className="Zeus.People.Application.Tests.ApplicationLayerTests" name="CreateAcademicCommandValidator_ShouldValidateRequiredFields" />
    </UnitTest>
    <UnitTest name="Zeus.People.Application.Tests.ErrorHandlingTests.Result_ShouldHandleNullValues" storage="c:\git\blogcode\zeus.people\tests\zeus.people.application.tests\bin\release\net8.0\zeus.people.application.tests.dll" id="178f1dcc-0d08-ca8e-ae3c-febce6e32219">
      <Execution id="171c2766-de4b-45e5-8b03-6457116f7014" />
      <TestMethod codeBase="C:\git\blogcode\Zeus.People\tests\Zeus.People.Application.Tests\bin\Release\net8.0\Zeus.People.Application.Tests.dll" adapterTypeName="executor://xunit/VsTestRunner2/netcoreapp" className="Zeus.People.Application.Tests.ErrorHandlingTests" name="Result_ShouldHandleNullValues" />
    </UnitTest>
    <UnitTest name="Zeus.People.Application.Tests.QueryHandlerDataTests.GetAcademicQuery_ShouldReturnNotFoundWhenAcademicDoesNotExist" storage="c:\git\blogcode\zeus.people\tests\zeus.people.application.tests\bin\release\net8.0\zeus.people.application.tests.dll" id="bfd1cff7-7030-f13c-8ee3-26352c025c3f">
      <Execution id="33a03e34-a050-404e-bb46-a76d8d146668" />
      <TestMethod codeBase="C:\git\blogcode\Zeus.People\tests\Zeus.People.Application.Tests\bin\Release\net8.0\Zeus.People.Application.Tests.dll" adapterTypeName="executor://xunit/VsTestRunner2/netcoreapp" className="Zeus.People.Application.Tests.QueryHandlerDataTests" name="GetAcademicQuery_ShouldReturnNotFoundWhenAcademicDoesNotExist" />
    </UnitTest>
    <UnitTest name="Zeus.People.Application.Tests.InputValidationTests.UpdateDepartmentCommandValidator_ShouldValidatePhoneNumber" storage="c:\git\blogcode\zeus.people\tests\zeus.people.application.tests\bin\release\net8.0\zeus.people.application.tests.dll" id="14d41e14-1185-74d7-396d-5a3eb021a239">
      <Execution id="0869fbad-0ea3-4dce-bcc3-a62c097a71c6" />
      <TestMethod codeBase="C:\git\blogcode\Zeus.People\tests\Zeus.People.Application.Tests\bin\Release\net8.0\Zeus.People.Application.Tests.dll" adapterTypeName="executor://xunit/VsTestRunner2/netcoreapp" className="Zeus.People.Application.Tests.InputValidationTests" name="UpdateDepartmentCommandValidator_ShouldValidatePhoneNumber" />
    </UnitTest>
    <UnitTest name="Zeus.People.Application.Tests.BusinessRulesEnforcementTests.CreateAcademicCommand_ShouldEnforceDuplicateEmpNrRule" storage="c:\git\blogcode\zeus.people\tests\zeus.people.application.tests\bin\release\net8.0\zeus.people.application.tests.dll" id="6174173d-bf4b-3442-d77e-6843e57654d9">
      <Execution id="608bd358-7dbb-42c9-9369-32917e936f15" />
      <TestMethod codeBase="C:\git\blogcode\Zeus.People\tests\Zeus.People.Application.Tests\bin\Release\net8.0\Zeus.People.Application.Tests.dll" adapterTypeName="executor://xunit/VsTestRunner2/netcoreapp" className="Zeus.People.Application.Tests.BusinessRulesEnforcementTests" name="CreateAcademicCommand_ShouldEnforceDuplicateEmpNrRule" />
    </UnitTest>
    <UnitTest name="Zeus.People.Application.Tests.ErrorHandlingTests.Result_Failure_ShouldCreateFailedResult" storage="c:\git\blogcode\zeus.people\tests\zeus.people.application.tests\bin\release\net8.0\zeus.people.application.tests.dll" id="592567c1-9fbd-698c-811a-0dadd1569253">
      <Execution id="2fd2acdb-bd1c-44cc-b7c2-c56e067f5028" />
      <TestMethod codeBase="C:\git\blogcode\Zeus.People\tests\Zeus.People.Application.Tests\bin\Release\net8.0\Zeus.People.Application.Tests.dll" adapterTypeName="executor://xunit/VsTestRunner2/netcoreapp" className="Zeus.People.Application.Tests.ErrorHandlingTests" name="Result_Failure_ShouldCreateFailedResult" />
    </UnitTest>
    <UnitTest name="Zeus.People.Application.Tests.BusinessRulesEnforcementTests.AssignAcademicToRoom_ShouldEnforceRoomOccupancyRule" storage="c:\git\blogcode\zeus.people\tests\zeus.people.application.tests\bin\release\net8.0\zeus.people.application.tests.dll" id="5abc7db8-f56a-4311-1183-e4e7d03bc3e9">
      <Execution id="ed4e3483-4b22-4250-a5a5-813364941759" />
      <TestMethod codeBase="C:\git\blogcode\Zeus.People\tests\Zeus.People.Application.Tests\bin\Release\net8.0\Zeus.People.Application.Tests.dll" adapterTypeName="executor://xunit/VsTestRunner2/netcoreapp" className="Zeus.People.Application.Tests.BusinessRulesEnforcementTests" name="AssignAcademicToRoom_ShouldEnforceRoomOccupancyRule" />
    </UnitTest>
    <UnitTest name="Zeus.People.Application.Tests.ErrorHandlingTests.Result_NonGeneric_Failure_ShouldCreateFailedResult" storage="c:\git\blogcode\zeus.people\tests\zeus.people.application.tests\bin\release\net8.0\zeus.people.application.tests.dll" id="185aabae-f997-4b66-4020-61b11a7dac64">
      <Execution id="cd446567-ceb9-4fdd-9996-17e2c08e6daa" />
      <TestMethod codeBase="C:\git\blogcode\Zeus.People\tests\Zeus.People.Application.Tests\bin\Release\net8.0\Zeus.People.Application.Tests.dll" adapterTypeName="executor://xunit/VsTestRunner2/netcoreapp" className="Zeus.People.Application.Tests.ErrorHandlingTests" name="Result_NonGeneric_Failure_ShouldCreateFailedResult" />
    </UnitTest>
    <UnitTest name="Zeus.People.Application.Tests.BusinessRulesEnforcementTests.AssignAcademicToRoom_ShouldEnforceAcademicExistsRule" storage="c:\git\blogcode\zeus.people\tests\zeus.people.application.tests\bin\release\net8.0\zeus.people.application.tests.dll" id="11ffa2bb-abc8-0e5f-963d-e2533f1270b6">
      <Execution id="cf54a417-e611-4dee-bb54-d270f6166f1e" />
      <TestMethod codeBase="C:\git\blogcode\Zeus.People\tests\Zeus.People.Application.Tests\bin\Release\net8.0\Zeus.People.Application.Tests.dll" adapterTypeName="executor://xunit/VsTestRunner2/netcoreapp" className="Zeus.People.Application.Tests.BusinessRulesEnforcementTests" name="AssignAcademicToRoom_ShouldEnforceAcademicExistsRule" />
    </UnitTest>
    <UnitTest name="Zeus.People.Application.Tests.InputValidationTests.UpdateAcademicCommandValidator_ShouldRequireId" storage="c:\git\blogcode\zeus.people\tests\zeus.people.application.tests\bin\release\net8.0\zeus.people.application.tests.dll" id="9db7adfe-fea6-3fd2-110a-4b98c8f2a79f">
      <Execution id="b1c3cf12-a338-443b-9703-a3b13d526d75" />
      <TestMethod codeBase="C:\git\blogcode\Zeus.People\tests\Zeus.People.Application.Tests\bin\Release\net8.0\Zeus.People.Application.Tests.dll" adapterTypeName="executor://xunit/VsTestRunner2/netcoreapp" className="Zeus.People.Application.Tests.InputValidationTests" name="UpdateAcademicCommandValidator_ShouldRequireId" />
    </UnitTest>
    <UnitTest name="Zeus.People.Application.Tests.ApplicationLayerTests.CreateAcademicCommandValidator_ShouldRejectInvalidRank" storage="c:\git\blogcode\zeus.people\tests\zeus.people.application.tests\bin\release\net8.0\zeus.people.application.tests.dll" id="304533ac-959e-55b7-1207-39fc15911a2f">
      <Execution id="7c2b0d04-3555-4fff-a573-9c722d56e29f" />
      <TestMethod codeBase="C:\git\blogcode\Zeus.People\tests\Zeus.People.Application.Tests\bin\Release\net8.0\Zeus.People.Application.Tests.dll" adapterTypeName="executor://xunit/VsTestRunner2/netcoreapp" className="Zeus.People.Application.Tests.ApplicationLayerTests" name="CreateAcademicCommandValidator_ShouldRejectInvalidRank" />
    </UnitTest>
    <UnitTest name="Zeus.People.Application.Tests.ErrorHandlingTests.Result_AccessingValue_OnFailure_ShouldThrowException" storage="c:\git\blogcode\zeus.people\tests\zeus.people.application.tests\bin\release\net8.0\zeus.people.application.tests.dll" id="b9237892-863c-8d82-8933-587336111382">
      <Execution id="98e366fb-91fb-490c-aebd-221e9858304c" />
      <TestMethod codeBase="C:\git\blogcode\Zeus.People\tests\Zeus.People.Application.Tests\bin\Release\net8.0\Zeus.People.Application.Tests.dll" adapterTypeName="executor://xunit/VsTestRunner2/netcoreapp" className="Zeus.People.Application.Tests.ErrorHandlingTests" name="Result_AccessingValue_OnFailure_ShouldThrowException" />
    </UnitTest>
  </TestDefinitions>
  <TestEntries>
    <TestEntry testId="f3764542-9570-612f-4ad0-3fe416b1ba60" executionId="4ee02e44-6b7e-4629-aa3f-f17fe3ae0fde" testListId="8c84fa94-04c1-424b-9868-57a2d4851a1d" />
    <TestEntry testId="07912672-00f5-34c7-d9ef-c9c41f0c78f3" executionId="137b3917-864a-4db9-a20a-242f5e5d5731" testListId="8c84fa94-04c1-424b-9868-57a2d4851a1d" />
    <TestEntry testId="b9237892-863c-8d82-8933-587336111382" executionId="98e366fb-91fb-490c-aebd-221e9858304c" testListId="8c84fa94-04c1-424b-9868-57a2d4851a1d" />
    <TestEntry testId="314430e0-123c-cf33-037f-b40b2d78e80b" executionId="b6a70212-0a6f-4b66-8bd7-ab477ecfbc11" testListId="8c84fa94-04c1-424b-9868-57a2d4851a1d" />
    <TestEntry testId="304533ac-959e-55b7-1207-39fc15911a2f" executionId="7c2b0d04-3555-4fff-a573-9c722d56e29f" testListId="8c84fa94-04c1-424b-9868-57a2d4851a1d" />
    <TestEntry testId="799eee40-f3ec-829d-bbe5-3d0c1531716e" executionId="c11494e3-b0bd-43c4-b533-13949c916855" testListId="8c84fa94-04c1-424b-9868-57a2d4851a1d" />
    <TestEntry testId="89295040-3f3e-be01-9c39-11675a31e425" executionId="db7ff4d0-48c0-4b4d-a8e1-a48d8661d739" testListId="8c84fa94-04c1-424b-9868-57a2d4851a1d" />
    <TestEntry testId="14d41e14-1185-74d7-396d-5a3eb021a239" executionId="0869fbad-0ea3-4dce-bcc3-a62c097a71c6" testListId="8c84fa94-04c1-424b-9868-57a2d4851a1d" />
    <TestEntry testId="397163f8-5b37-451d-295a-e3cf5ebc26f2" executionId="6eae5979-bf4a-47f9-99c4-728c23892461" testListId="8c84fa94-04c1-424b-9868-57a2d4851a1d" />
    <TestEntry testId="763ef6b8-0d9f-e5fb-587f-37c5fc97944d" executionId="b4729fa9-f412-4842-974e-21b1ea47a6e4" testListId="8c84fa94-04c1-424b-9868-57a2d4851a1d" />
    <TestEntry testId="8bd59ca7-0b77-1758-cf09-512270ae30d8" executionId="11e26c2c-b171-4b92-af78-a2a4ebda6a54" testListId="8c84fa94-04c1-424b-9868-57a2d4851a1d" />
    <TestEntry testId="281c164c-5c47-ffe6-0609-0d7d08b8112b" executionId="cb6687af-7399-4ac8-975c-f2b8505eb052" testListId="8c84fa94-04c1-424b-9868-57a2d4851a1d" />
    <TestEntry testId="185aabae-f997-4b66-4020-61b11a7dac64" executionId="cd446567-ceb9-4fdd-9996-17e2c08e6daa" testListId="8c84fa94-04c1-424b-9868-57a2d4851a1d" />
    <TestEntry testId="d60653d5-47c9-c900-7527-a45ef87a711c" executionId="7974bbcb-de20-49a3-aeba-a0cbc045fd69" testListId="8c84fa94-04c1-424b-9868-57a2d4851a1d" />
    <TestEntry testId="4297756d-b84f-ea35-be9a-be8806995948" executionId="f10f1e73-3ee6-4214-9a06-d68e155c64c5" testListId="8c84fa94-04c1-424b-9868-57a2d4851a1d" />
    <TestEntry testId="786f03f9-97cb-c4b6-bb1f-6edbbce6516d" executionId="dd7233ee-a352-4226-a58b-5cea51adf422" testListId="8c84fa94-04c1-424b-9868-57a2d4851a1d" />
    <TestEntry testId="c7b63e14-e35b-049e-ab9b-7b11cecfe97e" executionId="35a94cd2-d956-4fe4-b9cc-bd0eb1743ed7" testListId="8c84fa94-04c1-424b-9868-57a2d4851a1d" />
    <TestEntry testId="25a3be02-b0b0-1a90-f079-9f08d0818d7d" executionId="f1971777-bc89-411d-a2b5-5eb972f19996" testListId="8c84fa94-04c1-424b-9868-57a2d4851a1d" />
    <TestEntry testId="93d48619-9e7f-f849-9bc0-079a2ba4e16e" executionId="69f33d9e-a2a5-4b20-984f-416b58da9499" testListId="8c84fa94-04c1-424b-9868-57a2d4851a1d" />
    <TestEntry testId="bc9a7222-9ea5-da3b-3f3a-6daec933a438" executionId="911fbcfe-12cc-4993-8ea8-463a8474d859" testListId="8c84fa94-04c1-424b-9868-57a2d4851a1d" />
    <TestEntry testId="0bf97d57-3bd1-9544-ca48-2d68f552fb43" executionId="57596029-c7f6-40b2-9312-272d0d2c9303" testListId="8c84fa94-04c1-424b-9868-57a2d4851a1d" />
    <TestEntry testId="9db7adfe-fea6-3fd2-110a-4b98c8f2a79f" executionId="b1c3cf12-a338-443b-9703-a3b13d526d75" testListId="8c84fa94-04c1-424b-9868-57a2d4851a1d" />
    <TestEntry testId="ad0b848b-c251-9254-c6cc-8fbd2e90a05c" executionId="ec6fb7ac-15e7-497f-88a0-53851c492999" testListId="8c84fa94-04c1-424b-9868-57a2d4851a1d" />
    <TestEntry testId="592567c1-9fbd-698c-811a-0dadd1569253" executionId="2fd2acdb-bd1c-44cc-b7c2-c56e067f5028" testListId="8c84fa94-04c1-424b-9868-57a2d4851a1d" />
    <TestEntry testId="be7462b8-f87e-a40b-31f8-e1709b6ea12a" executionId="b8a6e86e-ee62-469f-8548-53c5359029da" testListId="8c84fa94-04c1-424b-9868-57a2d4851a1d" />
    <TestEntry testId="b7f30626-c6fa-3871-0338-f4e7aa212da2" executionId="0ffde57e-bbe3-417b-8c84-cac97bd62dd6" testListId="8c84fa94-04c1-424b-9868-57a2d4851a1d" />
    <TestEntry testId="755f2564-8228-c9ce-5a89-9c80bfefd6a6" executionId="c98809f8-c96f-4ba7-9a47-d7177474316f" testListId="8c84fa94-04c1-424b-9868-57a2d4851a1d" />
    <TestEntry testId="d468dfab-27ff-95bb-892d-2a3b9a1fd10c" executionId="247c6710-76ea-4e8e-b743-887d191321e6" testListId="8c84fa94-04c1-424b-9868-57a2d4851a1d" />
    <TestEntry testId="59a6b1fd-48b4-4fb4-6e92-76f6cb87389b" executionId="046f1781-4b5c-4af3-a9f8-4ba6085f853f" testListId="8c84fa94-04c1-424b-9868-57a2d4851a1d" />
    <TestEntry testId="affa0a16-16dc-2b01-a4e1-61ac86438e99" executionId="de49dba7-7a4b-4427-8f8a-981c7fa6b122" testListId="8c84fa94-04c1-424b-9868-57a2d4851a1d" />
    <TestEntry testId="d0599a66-24c8-58c3-6658-a49e6bca98fc" executionId="66949bc3-68e7-4d16-83de-b8b75acbfc2b" testListId="8c84fa94-04c1-424b-9868-57a2d4851a1d" />
    <TestEntry testId="625306ef-a774-5e04-d61f-dd5c38394764" executionId="e3ff8c28-6769-460f-92ed-a9586dbfa328" testListId="8c84fa94-04c1-424b-9868-57a2d4851a1d" />
    <TestEntry testId="178f1dcc-0d08-ca8e-ae3c-febce6e32219" executionId="171c2766-de4b-45e5-8b03-6457116f7014" testListId="8c84fa94-04c1-424b-9868-57a2d4851a1d" />
    <TestEntry testId="adee432f-78f4-5b4c-1877-2ffb6a171741" executionId="bb81b634-6d43-4109-99dc-2c7f20bbcc89" testListId="8c84fa94-04c1-424b-9868-57a2d4851a1d" />
    <TestEntry testId="95e1f872-414e-8c82-1b27-526255fa89c9" executionId="c3a5f841-4faa-4996-ac35-3c1e708b1b1f" testListId="8c84fa94-04c1-424b-9868-57a2d4851a1d" />
    <TestEntry testId="51258dce-14c8-68ec-e267-a9b2374b16af" executionId="3a935c3b-5079-4269-bf54-06d8a871eced" testListId="8c84fa94-04c1-424b-9868-57a2d4851a1d" />
    <TestEntry testId="6174173d-bf4b-3442-d77e-6843e57654d9" executionId="608bd358-7dbb-42c9-9369-32917e936f15" testListId="8c84fa94-04c1-424b-9868-57a2d4851a1d" />
    <TestEntry testId="24729a6e-695f-50a7-4769-c56d52ba0078" executionId="f213e30c-7d2b-447e-bc9e-14303505e352" testListId="8c84fa94-04c1-424b-9868-57a2d4851a1d" />
    <TestEntry testId="cb3506a0-6cc8-169b-26aa-96625a4bb8a4" executionId="712e891d-7e62-4b80-a4f3-62e433b2164c" testListId="8c84fa94-04c1-424b-9868-57a2d4851a1d" />
    <TestEntry testId="255607f5-40c2-9618-e1c3-1672dd9e9a92" executionId="867133ca-671f-4a6f-9106-483930d364dc" testListId="8c84fa94-04c1-424b-9868-57a2d4851a1d" />
    <TestEntry testId="680cc10b-d654-9c6a-d5b4-6d7707304732" executionId="ec6184cc-276d-47a9-976f-173f6557d2ff" testListId="8c84fa94-04c1-424b-9868-57a2d4851a1d" />
    <TestEntry testId="88ef73f2-eedd-152e-29c6-b1ac8aaab759" executionId="2d848946-9269-40f4-b909-2b31b77dcb23" testListId="8c84fa94-04c1-424b-9868-57a2d4851a1d" />
    <TestEntry testId="6e62022c-7b01-31ed-a76f-da01da9e276b" executionId="db0b5bfc-968c-432b-8d86-0a9d4d5ee966" testListId="8c84fa94-04c1-424b-9868-57a2d4851a1d" />
    <TestEntry testId="ecff7458-5e59-2402-731b-99b39c577d85" executionId="660b2433-133c-4d48-a850-2425c80baba9" testListId="8c84fa94-04c1-424b-9868-57a2d4851a1d" />
    <TestEntry testId="27f70682-7601-56e4-bb12-425d12693163" executionId="45246d16-4a85-4e2f-8773-a09f4aef7c3d" testListId="8c84fa94-04c1-424b-9868-57a2d4851a1d" />
    <TestEntry testId="a89435ca-d580-5c93-dabe-d3b726c1dc32" executionId="d28cc14a-90ba-4e7d-89c4-dc9a3f069bd7" testListId="8c84fa94-04c1-424b-9868-57a2d4851a1d" />
    <TestEntry testId="c5b3df74-4fb1-5d85-02ec-b05ffe6364a7" executionId="7ee1f02b-c829-4700-a506-dfb8ef9e8fa8" testListId="8c84fa94-04c1-424b-9868-57a2d4851a1d" />
    <TestEntry testId="fc0c21ba-2b62-b325-47f7-bbd685a4cb8c" executionId="f5f32c27-12e2-49b0-bdee-f7cb56fb6c01" testListId="8c84fa94-04c1-424b-9868-57a2d4851a1d" />
    <TestEntry testId="0e00cb21-57fa-19da-5457-f27a7ccc3a09" executionId="31620fd7-363f-4957-a2b6-446418e530a4" testListId="8c84fa94-04c1-424b-9868-57a2d4851a1d" />
    <TestEntry testId="4267b6d3-a09f-9d3b-cf07-dcd831293798" executionId="ef51eb89-365f-45c3-a48e-d5103f7ce34b" testListId="8c84fa94-04c1-424b-9868-57a2d4851a1d" />
    <TestEntry testId="28477b31-d2a2-74de-c774-9286bd762d83" executionId="bfe40251-7f6c-4faf-ada8-7a8e95caeaa3" testListId="8c84fa94-04c1-424b-9868-57a2d4851a1d" />
    <TestEntry testId="11ffa2bb-abc8-0e5f-963d-e2533f1270b6" executionId="cf54a417-e611-4dee-bb54-d270f6166f1e" testListId="8c84fa94-04c1-424b-9868-57a2d4851a1d" />
    <TestEntry testId="21d58fd7-5254-fcb8-102e-8b34f4c040f8" executionId="fa7cdba7-198f-451b-9f2c-786e95e791f8" testListId="8c84fa94-04c1-424b-9868-57a2d4851a1d" />
    <TestEntry testId="47d496db-d14b-4def-b888-a97068849806" executionId="08420f5d-eb04-4c41-991e-d56144c24eed" testListId="8c84fa94-04c1-424b-9868-57a2d4851a1d" />
    <TestEntry testId="bfd1cff7-7030-f13c-8ee3-26352c025c3f" executionId="33a03e34-a050-404e-bb46-a76d8d146668" testListId="8c84fa94-04c1-424b-9868-57a2d4851a1d" />
    <TestEntry testId="57b3f76e-6f5d-34d3-be0c-cff0e64e60e4" executionId="b221579d-9347-48a7-be03-5ec398f88ee1" testListId="8c84fa94-04c1-424b-9868-57a2d4851a1d" />
    <TestEntry testId="0c940717-6397-043f-52b0-11b33c5f3c15" executionId="caf1d690-b07c-4efd-a802-159e4585d57f" testListId="8c84fa94-04c1-424b-9868-57a2d4851a1d" />
    <TestEntry testId="15281870-a903-d82c-50a7-37e96ec7c0d7" executionId="ba6e1691-dd73-426c-854b-93c225c5a3cb" testListId="8c84fa94-04c1-424b-9868-57a2d4851a1d" />
    <TestEntry testId="2016a703-0be8-d595-5889-b8b8e8a7331e" executionId="ebe13e3b-0b20-4dc7-958c-511f5d7cc235" testListId="8c84fa94-04c1-424b-9868-57a2d4851a1d" />
    <TestEntry testId="5abc7db8-f56a-4311-1183-e4e7d03bc3e9" executionId="ed4e3483-4b22-4250-a5a5-813364941759" testListId="8c84fa94-04c1-424b-9868-57a2d4851a1d" />
  </TestEntries>
  <TestLists>
    <TestList name="Results Not in a List" id="8c84fa94-04c1-424b-9868-57a2d4851a1d" />
    <TestList name="All Loaded Results" id="19431567-8539-422a-85d7-44ee4e166bda" />
  </TestLists>
  <ResultSummary outcome="Completed">
    <Counters total="60" executed="60" passed="60" failed="0" error="0" timeout="0" aborted="0" inconclusive="0" passedButRunAborted="0" notRunnable="0" notExecuted="0" disconnected="0" warning="0" completed="0" inProgress="0" pending="0" />
    <Output>
      <StdOut>[xUnit.net 00:00:00.00] xUnit.net VSTest Adapter v2.5.3.1+6b60a9e56a (64-bit .NET 8.0.19)&#xD;
[xUnit.net 00:00:01.65]   Discovering: Zeus.People.Application.Tests&#xD;
[xUnit.net 00:00:01.69]   Discovered:  Zeus.People.Application.Tests&#xD;
[xUnit.net 00:00:01.69]   Starting:    Zeus.People.Application.Tests&#xD;
[xUnit.net 00:00:03.51]   Finished:    Zeus.People.Application.Tests&#xD;
</StdOut>
    </Output>
  </ResultSummary>
</TestRun>