<?xml version="1.0" encoding="utf-8"?>
<TestRun id="12b0718b-a968-4590-808d-4e0214519431" name="JohnM@PLATO-SP9 2025-08-20 17:23:02" runUser="PLATO-SP9\JohnM" xmlns="http://microsoft.com/schemas/VisualStudio/TeamTest/2010">
  <Times creation="2025-08-20T17:23:02.6106225-07:00" queuing="2025-08-20T17:23:02.6106231-07:00" start="2025-08-20T17:22:56.8096013-07:00" finish="2025-08-20T17:23:03.5521755-07:00" />
  <TestSettings name="default" id="35749d05-3c3d-4c9b-833d-c40f517dc3ed">
    <Deployment runDeploymentRoot="JohnM_PLATO-SP9_2025-08-20_17_23_02" />
  </TestSettings>
  <Results>
    <UnitTestResult executionId="7a697d88-d505-4997-b0e7-33e28ec429ae" testId="5947a995-2e75-3253-7fe6-17ccfaed09f5" testName="Zeus.People.Infrastructure.Tests.EventStore.SqlEventStoreTests.GetEventsAsync_ShouldReturnEmptyForNonExistentAggregate" computerName="PLATO-SP9" duration="00:00:00.0021836" startTime="2025-08-20T17:23:03.4675960-07:00" endTime="2025-08-20T17:23:03.4675962-07:00" testType="13cdc9d9-ddb5-4fa4-a97d-d965ccfc6d4b" outcome="Passed" testListId="8c84fa94-04c1-424b-9868-57a2d4851a1d" relativeResultsDirectory="7a697d88-d505-4997-b0e7-33e28ec429ae" />
    <UnitTestResult executionId="1be08806-126d-4a2d-a94b-fca4ac745ed6" testId="4c7c7f4a-df34-cc9e-7fa8-dd1fd854c27d" testName="Zeus.People.Infrastructure.Tests.Repositories.AcademicRepositoryTests.DeleteAsync_ShouldRemoveAcademicSuccessfully" computerName="PLATO-SP9" duration="00:00:00.0449419" startTime="2025-08-20T17:23:03.3965241-07:00" endTime="2025-08-20T17:23:03.3965246-07:00" testType="13cdc9d9-ddb5-4fa4-a97d-d965ccfc6d4b" outcome="Passed" testListId="8c84fa94-04c1-424b-9868-57a2d4851a1d" relativeResultsDirectory="1be08806-126d-4a2d-a94b-fca4ac745ed6" />
    <UnitTestResult executionId="a58b546a-84c1-4abb-9025-d105d433f2af" testId="e6ea8204-4d34-1f2b-68b5-819e48f08649" testName="Zeus.People.Infrastructure.Tests.Messaging.ServiceBusEventPublisherTests.PublishAsync_WithCancellationToken_ShouldPassTokenToSender" computerName="PLATO-SP9" duration="00:00:00.0025114" startTime="2025-08-20T17:23:02.6030932-07:00" endTime="2025-08-20T17:23:02.6030934-07:00" testType="13cdc9d9-ddb5-4fa4-a97d-d965ccfc6d4b" outcome="Passed" testListId="8c84fa94-04c1-424b-9868-57a2d4851a1d" relativeResultsDirectory="a58b546a-84c1-4abb-9025-d105d433f2af" />
    <UnitTestResult executionId="3dc53462-9f34-4ac3-a996-73a2fa6ecfd4" testId="740518a0-8f26-69e5-4ebb-693f601ae845" testName="Zeus.People.Infrastructure.Tests.Repositories.DepartmentRepositoryTests.GetByNameAsync_ShouldReturnDepartmentWhenExists" computerName="PLATO-SP9" duration="00:00:00.0527928" startTime="2025-08-20T17:23:03.3476262-07:00" endTime="2025-08-20T17:23:03.3476264-07:00" testType="13cdc9d9-ddb5-4fa4-a97d-d965ccfc6d4b" outcome="Passed" testListId="8c84fa94-04c1-424b-9868-57a2d4851a1d" relativeResultsDirectory="3dc53462-9f34-4ac3-a996-73a2fa6ecfd4" />
    <UnitTestResult executionId="396cef1f-7202-4352-86b7-8378e307aff2" testId="fea46963-0167-81bf-6126-00916d7ca1d1" testName="Zeus.People.Infrastructure.Tests.HealthChecks.HealthCheckTests.ServiceBusHealthCheck_WhenServiceBusIsHealthy_ShouldReturnHealthy" computerName="PLATO-SP9" duration="00:00:00.0070009" startTime="2025-08-20T17:23:03.1741962-07:00" endTime="2025-08-20T17:23:03.1741967-07:00" testType="13cdc9d9-ddb5-4fa4-a97d-d965ccfc6d4b" outcome="Passed" testListId="8c84fa94-04c1-424b-9868-57a2d4851a1d" relativeResultsDirectory="396cef1f-7202-4352-86b7-8378e307aff2" />
    <UnitTestResult executionId="9ea35694-dcdc-4fdc-beca-8d01d1f532bb" testId="ec3947cf-3377-fbfc-2075-37cdd6aa18d6" testName="Zeus.People.Infrastructure.Tests.HealthChecks.HealthCheckTests.EventStoreHealthCheck_WhenEventStoreIsUnavailable_ShouldReturnUnhealthy" computerName="PLATO-SP9" duration="00:00:00.0024557" startTime="2025-08-20T17:23:03.2150650-07:00" endTime="2025-08-20T17:23:03.2150653-07:00" testType="13cdc9d9-ddb5-4fa4-a97d-d965ccfc6d4b" outcome="Passed" testListId="8c84fa94-04c1-424b-9868-57a2d4851a1d" relativeResultsDirectory="9ea35694-dcdc-4fdc-beca-8d01d1f532bb" />
    <UnitTestResult executionId="1efa94a9-2afb-4023-ba7c-58be57924de1" testId="d7a23d61-73d1-62a1-97ca-9bf0af425b59" testName="Zeus.People.Infrastructure.Tests.HealthChecks.HealthCheckTests.EventStoreHealthCheck_Constructor_WithNullContext_ShouldThrowArgumentNullException" computerName="PLATO-SP9" duration="00:00:01.2009424" startTime="2025-08-20T17:23:02.5216954-07:00" endTime="2025-08-20T17:23:02.5216960-07:00" testType="13cdc9d9-ddb5-4fa4-a97d-d965ccfc6d4b" outcome="Passed" testListId="8c84fa94-04c1-424b-9868-57a2d4851a1d" relativeResultsDirectory="1efa94a9-2afb-4023-ba7c-58be57924de1" />
    <UnitTestResult executionId="2c545951-51db-4944-84a8-49712371dc65" testId="1c9356d6-7a2a-6487-626b-7613b7268eca" testName="Zeus.People.Infrastructure.Tests.HealthChecks.HealthCheckTests.DatabaseHealthCheck_WithCancellation_ShouldHandleGracefully" computerName="PLATO-SP9" duration="00:00:00.5958676" startTime="2025-08-20T17:23:03.1226793-07:00" endTime="2025-08-20T17:23:03.1226800-07:00" testType="13cdc9d9-ddb5-4fa4-a97d-d965ccfc6d4b" outcome="Passed" testListId="8c84fa94-04c1-424b-9868-57a2d4851a1d" relativeResultsDirectory="2c545951-51db-4944-84a8-49712371dc65" />
    <UnitTestResult executionId="f6c59b41-55e4-438b-8d6e-08b9144cb09f" testId="73f60316-37aa-410e-1837-b235d71e8b34" testName="Zeus.People.Infrastructure.Tests.HealthChecks.HealthCheckTests.EventStoreHealthCheck_WithCancellation_ShouldHandleGracefully" computerName="PLATO-SP9" duration="00:00:00.0062521" startTime="2025-08-20T17:23:03.2001834-07:00" endTime="2025-08-20T17:23:03.2001840-07:00" testType="13cdc9d9-ddb5-4fa4-a97d-d965ccfc6d4b" outcome="Passed" testListId="8c84fa94-04c1-424b-9868-57a2d4851a1d" relativeResultsDirectory="f6c59b41-55e4-438b-8d6e-08b9144cb09f" />
    <UnitTestResult executionId="384892ad-db6e-4217-8cd4-3138471da9a0" testId="45250f6e-561a-2a3d-c77f-7c6cdf5da1ad" testName="Zeus.People.Infrastructure.Tests.HealthChecks.HealthCheckTests.ServiceBusHealthCheck_WithCancellation_ShouldHandleGracefully" computerName="PLATO-SP9" duration="00:00:00.0025985" startTime="2025-08-20T17:23:03.2030103-07:00" endTime="2025-08-20T17:23:03.2030106-07:00" testType="13cdc9d9-ddb5-4fa4-a97d-d965ccfc6d4b" outcome="Passed" testListId="8c84fa94-04c1-424b-9868-57a2d4851a1d" relativeResultsDirectory="384892ad-db6e-4217-8cd4-3138471da9a0" />
    <UnitTestResult executionId="7f48c995-1066-42ba-a098-662d76eb106d" testId="09eb2380-1289-dbba-2b37-8d224f9e564c" testName="Zeus.People.Infrastructure.Tests.Repositories.DepartmentRepositoryTests.UpdateAsync_ShouldUpdateDepartmentSuccessfully" computerName="PLATO-SP9" duration="00:00:00.0077499" startTime="2025-08-20T17:23:03.4582541-07:00" endTime="2025-08-20T17:23:03.4582546-07:00" testType="13cdc9d9-ddb5-4fa4-a97d-d965ccfc6d4b" outcome="Passed" testListId="8c84fa94-04c1-424b-9868-57a2d4851a1d" relativeResultsDirectory="7f48c995-1066-42ba-a098-662d76eb106d" />
    <UnitTestResult executionId="551d3c1a-fc4b-4395-9d1b-363bdbb1f62f" testId="28ce4a71-c791-f2f6-aa10-debe65ab670e" testName="Zeus.People.Infrastructure.Tests.Repositories.AcademicRepositoryTests.AddAsync_ShouldAddAcademicSuccessfully" computerName="PLATO-SP9" duration="00:00:00.0030699" startTime="2025-08-20T17:23:03.4685938-07:00" endTime="2025-08-20T17:23:03.4685939-07:00" testType="13cdc9d9-ddb5-4fa4-a97d-d965ccfc6d4b" outcome="Passed" testListId="8c84fa94-04c1-424b-9868-57a2d4851a1d" relativeResultsDirectory="551d3c1a-fc4b-4395-9d1b-363bdbb1f62f" />
    <UnitTestResult executionId="1f4d6101-6ec8-4aa3-be67-95363e73ffbd" testId="1b797094-20bc-02c8-fcbb-a318ba5c2e25" testName="Zeus.People.Infrastructure.Tests.HealthChecks.HealthCheckTests.DatabaseHealthCheck_WhenDatabaseIsUnavailable_ShouldReturnUnhealthy" computerName="PLATO-SP9" duration="00:00:00.0022315" startTime="2025-08-20T17:23:03.2124080-07:00" endTime="2025-08-20T17:23:03.2124083-07:00" testType="13cdc9d9-ddb5-4fa4-a97d-d965ccfc6d4b" outcome="Passed" testListId="8c84fa94-04c1-424b-9868-57a2d4851a1d" relativeResultsDirectory="1f4d6101-6ec8-4aa3-be67-95363e73ffbd" />
    <UnitTestResult executionId="b92b7ba8-c6ae-4955-8127-548c82860a45" testId="07377ab4-a98b-14b2-6129-01e9c5d0f8a2" testName="Zeus.People.Infrastructure.Tests.Messaging.ServiceBusEventPublisherTests.PublishAsync_SingleEvent_ShouldCreateMessageWithCorrectProperties" computerName="PLATO-SP9" duration="00:00:01.2440251" startTime="2025-08-20T17:23:02.5646483-07:00" endTime="2025-08-20T17:23:02.5646489-07:00" testType="13cdc9d9-ddb5-4fa4-a97d-d965ccfc6d4b" outcome="Passed" testListId="8c84fa94-04c1-424b-9868-57a2d4851a1d" relativeResultsDirectory="b92b7ba8-c6ae-4955-8127-548c82860a45" />
    <UnitTestResult executionId="4b4e2435-fe50-4658-9b25-b6731536cbe2" testId="daddcfb9-babb-791a-5a3a-c283f3c82302" testName="Zeus.People.Infrastructure.Tests.UnitTest1.Test1" computerName="PLATO-SP9" duration="00:00:00.0019050" startTime="2025-08-20T17:23:01.3388109-07:00" endTime="2025-08-20T17:23:01.3389849-07:00" testType="13cdc9d9-ddb5-4fa4-a97d-d965ccfc6d4b" outcome="Passed" testListId="8c84fa94-04c1-424b-9868-57a2d4851a1d" relativeResultsDirectory="4b4e2435-fe50-4658-9b25-b6731536cbe2" />
    <UnitTestResult executionId="a03db68f-a098-4234-95ee-c9e48e0548fa" testId="415cfec2-e21a-b62d-aa50-a96d21a91fe4" testName="Zeus.People.Infrastructure.Tests.Repositories.DepartmentRepositoryTests.GetByIdAsync_ShouldReturnDepartmentWhenExists" computerName="PLATO-SP9" duration="00:00:00.0026070" startTime="2025-08-20T17:23:03.3752858-07:00" endTime="2025-08-20T17:23:03.3752862-07:00" testType="13cdc9d9-ddb5-4fa4-a97d-d965ccfc6d4b" outcome="Passed" testListId="8c84fa94-04c1-424b-9868-57a2d4851a1d" relativeResultsDirectory="a03db68f-a098-4234-95ee-c9e48e0548fa" />
    <UnitTestResult executionId="6716158e-f2c9-48f0-8450-3a131ecd5e01" testId="59af94af-c9f3-f735-7574-38b22b296731" testName="Zeus.People.Infrastructure.Tests.HealthChecks.HealthCheckTests.ServiceBusHealthCheck_WhenServiceBusThrows_ShouldReturnUnhealthy" computerName="PLATO-SP9" duration="00:00:00.0159687" startTime="2025-08-20T17:23:03.1938245-07:00" endTime="2025-08-20T17:23:03.1938249-07:00" testType="13cdc9d9-ddb5-4fa4-a97d-d965ccfc6d4b" outcome="Passed" testListId="8c84fa94-04c1-424b-9868-57a2d4851a1d" relativeResultsDirectory="6716158e-f2c9-48f0-8450-3a131ecd5e01" />
    <UnitTestResult executionId="9a17aee6-6686-4903-bbda-e7f147a07fe0" testId="d3b78dc0-8368-5c98-daf9-547ad0a34874" testName="Zeus.People.Infrastructure.Tests.EventStore.SqlEventStoreTests.GetEventsFromVersionAsync_ShouldRetrieveEventsFromSpecificVersion" computerName="PLATO-SP9" duration="00:00:00.0155894" startTime="2025-08-20T17:23:03.4077516-07:00" endTime="2025-08-20T17:23:03.4077520-07:00" testType="13cdc9d9-ddb5-4fa4-a97d-d965ccfc6d4b" outcome="Passed" testListId="8c84fa94-04c1-424b-9868-57a2d4851a1d" relativeResultsDirectory="9a17aee6-6686-4903-bbda-e7f147a07fe0" />
    <UnitTestResult executionId="c5af66c8-f3db-43df-aa02-0c483ee4c106" testId="2344fe7c-162f-1931-346a-bc68a89d2709" testName="Zeus.People.Infrastructure.Tests.HealthChecks.HealthCheckTests.DatabaseHealthCheck_WhenDatabaseIsAccessible_ShouldReturnHealthy" computerName="PLATO-SP9" duration="00:00:00.0025172" startTime="2025-08-20T17:23:03.2177602-07:00" endTime="2025-08-20T17:23:03.2177605-07:00" testType="13cdc9d9-ddb5-4fa4-a97d-d965ccfc6d4b" outcome="Passed" testListId="8c84fa94-04c1-424b-9868-57a2d4851a1d" relativeResultsDirectory="c5af66c8-f3db-43df-aa02-0c483ee4c106" />
    <UnitTestResult executionId="7bb878b8-1eae-4e25-88e1-7509661b7164" testId="a411d5f9-4a1b-c1db-0f20-d7b1d7f1d0eb" testName="Zeus.People.Infrastructure.Tests.Repositories.DepartmentRepositoryTests.Department_WithBudgets_ShouldPersistCorrectly" computerName="PLATO-SP9" duration="00:00:00.0357011" startTime="2025-08-20T17:23:03.4112267-07:00" endTime="2025-08-20T17:23:03.4112271-07:00" testType="13cdc9d9-ddb5-4fa4-a97d-d965ccfc6d4b" outcome="Passed" testListId="8c84fa94-04c1-424b-9868-57a2d4851a1d" relativeResultsDirectory="7bb878b8-1eae-4e25-88e1-7509661b7164" />
    <UnitTestResult executionId="4063d11e-0901-40f2-b9fe-ffbd1e5e9871" testId="2db8b5ea-39c5-08b1-c89d-b4604bf3af5e" testName="Zeus.People.Infrastructure.Tests.EventStore.SqlEventStoreTests.AppendEventsAsync_ShouldPersistSingleEvent" computerName="PLATO-SP9" duration="00:00:00.0087038" startTime="2025-08-20T17:23:03.4764618-07:00" endTime="2025-08-20T17:23:03.4764622-07:00" testType="13cdc9d9-ddb5-4fa4-a97d-d965ccfc6d4b" outcome="Passed" testListId="8c84fa94-04c1-424b-9868-57a2d4851a1d" relativeResultsDirectory="4063d11e-0901-40f2-b9fe-ffbd1e5e9871" />
    <UnitTestResult executionId="120cdcdf-6c2b-4f6a-9255-27faf058e6e5" testId="ab9f3e91-0aba-856d-ac9c-817e063d40d5" testName="Zeus.People.Infrastructure.Tests.Messaging.ServiceBusEventPublisherTests.PublishAsync_DepartmentEvent_ShouldSendCorrectMessage" computerName="PLATO-SP9" duration="00:00:00.0044418" startTime="2025-08-20T17:23:02.6243941-07:00" endTime="2025-08-20T17:23:02.6243949-07:00" testType="13cdc9d9-ddb5-4fa4-a97d-d965ccfc6d4b" outcome="Passed" testListId="8c84fa94-04c1-424b-9868-57a2d4851a1d" relativeResultsDirectory="120cdcdf-6c2b-4f6a-9255-27faf058e6e5" />
    <UnitTestResult executionId="4199a128-9dad-40d9-9303-1abc20cdde9b" testId="2400a26d-eb3a-3f5c-8724-b5d5edb79203" testName="Zeus.People.Infrastructure.Tests.Messaging.ServiceBusEventPublisherTests.PublishAsync_EmptyEventCollection_ShouldNotCallServiceBus" computerName="PLATO-SP9" duration="00:00:00.0015594" startTime="2025-08-20T17:23:02.6187460-07:00" endTime="2025-08-20T17:23:02.6187465-07:00" testType="13cdc9d9-ddb5-4fa4-a97d-d965ccfc6d4b" outcome="Passed" testListId="8c84fa94-04c1-424b-9868-57a2d4851a1d" relativeResultsDirectory="4199a128-9dad-40d9-9303-1abc20cdde9b" />
    <UnitTestResult executionId="ba42d3e2-bef1-487d-b531-41f7890174dc" testId="6e8a0471-1155-bc7a-918c-777837b2c70b" testName="Zeus.People.Infrastructure.Tests.Repositories.AcademicRepositoryTests.GetByIdAsync_ShouldReturnNullWhenNotExists" computerName="PLATO-SP9" duration="00:00:00.0313435" startTime="2025-08-20T17:23:03.4280264-07:00" endTime="2025-08-20T17:23:03.4280268-07:00" testType="13cdc9d9-ddb5-4fa4-a97d-d965ccfc6d4b" outcome="Passed" testListId="8c84fa94-04c1-424b-9868-57a2d4851a1d" relativeResultsDirectory="ba42d3e2-bef1-487d-b531-41f7890174dc" />
    <UnitTestResult executionId="012ed22d-11f9-4a8d-85cf-dd58eed62b26" testId="c78769f9-7c32-33bd-910c-9d87078527c9" testName="Zeus.People.Infrastructure.Tests.Messaging.ServiceBusEventPublisherTests.PublishAsync_WhenServiceBusThrows_ShouldLogErrorAndRethrow" computerName="PLATO-SP9" duration="00:00:00.0184944" startTime="2025-08-20T17:23:02.6005176-07:00" endTime="2025-08-20T17:23:02.6005179-07:00" testType="13cdc9d9-ddb5-4fa4-a97d-d965ccfc6d4b" outcome="Passed" testListId="8c84fa94-04c1-424b-9868-57a2d4851a1d" relativeResultsDirectory="012ed22d-11f9-4a8d-85cf-dd58eed62b26" />
    <UnitTestResult executionId="0dd28896-c5b8-4908-8eca-96f8557b6665" testId="48b7afb1-388e-ae3f-02c8-66f48809684b" testName="Zeus.People.Infrastructure.Tests.Messaging.ServiceBusEventPublisherTests.Constructor_WithNullServiceBusClient_ShouldThrowArgumentNullException" computerName="PLATO-SP9" duration="00:00:00.0015195" startTime="2025-08-20T17:23:02.6046770-07:00" endTime="2025-08-20T17:23:02.6046775-07:00" testType="13cdc9d9-ddb5-4fa4-a97d-d965ccfc6d4b" outcome="Passed" testListId="8c84fa94-04c1-424b-9868-57a2d4851a1d" relativeResultsDirectory="0dd28896-c5b8-4908-8eca-96f8557b6665" />
    <UnitTestResult executionId="4ea7e5e1-a24c-4747-9d1c-481889de5794" testId="b22a286a-e1c3-1725-cf73-957e18f06a80" testName="Zeus.People.Infrastructure.Tests.EventStore.SqlEventStoreTests.MultipleAggregates_ShouldIsolateEventStreams" computerName="PLATO-SP9" duration="00:00:00.0088587" startTime="2025-08-20T17:23:03.3769391-07:00" endTime="2025-08-20T17:23:03.3769394-07:00" testType="13cdc9d9-ddb5-4fa4-a97d-d965ccfc6d4b" outcome="Passed" testListId="8c84fa94-04c1-424b-9868-57a2d4851a1d" relativeResultsDirectory="4ea7e5e1-a24c-4747-9d1c-481889de5794" />
    <UnitTestResult executionId="e974253b-8511-4465-98d6-f56ac7362193" testId="ab4c6ba9-2c2f-5fc4-e852-d13df31f6a4a" testName="Zeus.People.Infrastructure.Tests.HealthChecks.HealthCheckTests.DatabaseHealthCheck_Constructor_WithNullContext_ShouldThrowArgumentNullException" computerName="PLATO-SP9" duration="00:00:00.0032114" startTime="2025-08-20T17:23:03.1776440-07:00" endTime="2025-08-20T17:23:03.1776445-07:00" testType="13cdc9d9-ddb5-4fa4-a97d-d965ccfc6d4b" outcome="Passed" testListId="8c84fa94-04c1-424b-9868-57a2d4851a1d" relativeResultsDirectory="e974253b-8511-4465-98d6-f56ac7362193" />
    <UnitTestResult executionId="6d383fc2-81b3-4c56-aca6-4886149a1726" testId="83400eba-3c24-70c8-eec5-f24e5cfa67f2" testName="Zeus.People.Infrastructure.Tests.EventStore.SqlEventStoreTests.GetEventsAsync_ShouldRetrieveAllEventsForAggregate" computerName="PLATO-SP9" duration="00:00:00.0029072" startTime="2025-08-20T17:23:03.4652952-07:00" endTime="2025-08-20T17:23:03.4652955-07:00" testType="13cdc9d9-ddb5-4fa4-a97d-d965ccfc6d4b" outcome="Passed" testListId="8c84fa94-04c1-424b-9868-57a2d4851a1d" relativeResultsDirectory="6d383fc2-81b3-4c56-aca6-4886149a1726" />
    <UnitTestResult executionId="3dc8c982-3bf9-4f22-a950-b7d896844353" testId="7e37fb49-a1db-6852-00ca-8cfbf14795bc" testName="Zeus.People.Infrastructure.Tests.EventStore.SqlEventStoreTests.GetEventsFromTimestampAsync_ShouldRetrieveEventsFromSpecificTime" computerName="PLATO-SP9" duration="00:00:00.0449465" startTime="2025-08-20T17:23:03.4571742-07:00" endTime="2025-08-20T17:23:03.4571748-07:00" testType="13cdc9d9-ddb5-4fa4-a97d-d965ccfc6d4b" outcome="Passed" testListId="8c84fa94-04c1-424b-9868-57a2d4851a1d" relativeResultsDirectory="3dc8c982-3bf9-4f22-a950-b7d896844353" />
    <UnitTestResult executionId="12f86d16-df44-406a-bcc7-7033415af801" testId="4e4fbd01-0ce4-a192-3c45-9c62bc7972a6" testName="Zeus.People.Infrastructure.Tests.Repositories.AcademicRepositoryTests.GetByEmpNrAsync_ShouldReturnAcademicWhenExists" computerName="PLATO-SP9" duration="00:00:02.0271380" startTime="2025-08-20T17:23:03.3475297-07:00" endTime="2025-08-20T17:23:03.3475302-07:00" testType="13cdc9d9-ddb5-4fa4-a97d-d965ccfc6d4b" outcome="Passed" testListId="8c84fa94-04c1-424b-9868-57a2d4851a1d" relativeResultsDirectory="12f86d16-df44-406a-bcc7-7033415af801" />
    <UnitTestResult executionId="5291c622-d545-4498-8484-df17999560a5" testId="e71b02ac-2198-1f04-1649-28864196e017" testName="Zeus.People.Infrastructure.Tests.Repositories.AcademicRepositoryTests.GetByIdAsync_ShouldReturnAcademicWhenExists" computerName="PLATO-SP9" duration="00:00:00.0034618" startTime="2025-08-20T17:23:03.4665156-07:00" endTime="2025-08-20T17:23:03.4665157-07:00" testType="13cdc9d9-ddb5-4fa4-a97d-d965ccfc6d4b" outcome="Passed" testListId="8c84fa94-04c1-424b-9868-57a2d4851a1d" relativeResultsDirectory="5291c622-d545-4498-8484-df17999560a5" />
    <UnitTestResult executionId="abbb28ca-fc22-4e45-976f-492ce173ae55" testId="3198e6e1-2f5a-6f5b-1c3e-83701e0ab7fc" testName="Zeus.People.Infrastructure.Tests.EventStore.SqlEventStoreTests.AppendEventsAsync_ShouldHandleConcurrencyConflict" computerName="PLATO-SP9" duration="00:00:02.0197820" startTime="2025-08-20T17:23:03.3402293-07:00" endTime="2025-08-20T17:23:03.3402297-07:00" testType="13cdc9d9-ddb5-4fa4-a97d-d965ccfc6d4b" outcome="Passed" testListId="8c84fa94-04c1-424b-9868-57a2d4851a1d" relativeResultsDirectory="abbb28ca-fc22-4e45-976f-492ce173ae55" />
    <UnitTestResult executionId="5281885a-f97f-486d-9ed8-3d4a5573002c" testId="5ca032eb-a87a-ddfc-9cae-2880b6bf4c85" testName="Zeus.People.Infrastructure.Tests.HealthChecks.HealthCheckTests.EventStoreHealthCheck_WhenEventStoreIsAccessible_ShouldReturnHealthy" computerName="PLATO-SP9" duration="00:00:00.0437348" startTime="2025-08-20T17:23:03.1669761-07:00" endTime="2025-08-20T17:23:03.1669783-07:00" testType="13cdc9d9-ddb5-4fa4-a97d-d965ccfc6d4b" outcome="Passed" testListId="8c84fa94-04c1-424b-9868-57a2d4851a1d" relativeResultsDirectory="5281885a-f97f-486d-9ed8-3d4a5573002c" />
    <UnitTestResult executionId="729487b9-9496-4570-a9b5-f80574a6819f" testId="bd18f4a9-1cb2-7e62-3c04-2cf505b6a78d" testName="Zeus.People.Infrastructure.Tests.Messaging.ServiceBusEventPublisherTests.Constructor_WithNullConfiguration_ShouldThrowArgumentNullException" computerName="PLATO-SP9" duration="00:00:00.0009974" startTime="2025-08-20T17:23:02.6198605-07:00" endTime="2025-08-20T17:23:02.6198608-07:00" testType="13cdc9d9-ddb5-4fa4-a97d-d965ccfc6d4b" outcome="Passed" testListId="8c84fa94-04c1-424b-9868-57a2d4851a1d" relativeResultsDirectory="729487b9-9496-4570-a9b5-f80574a6819f" />
    <UnitTestResult executionId="88a7c0fd-f467-4629-9ba1-adf7ebc0229b" testId="dd04cf6f-3704-22cb-2459-23888afa3651" testName="Zeus.People.Infrastructure.Tests.HealthChecks.HealthCheckTests.ServiceBusHealthCheck_Constructor_WithNullConfiguration_ShouldThrowNullReferenceException" computerName="PLATO-SP9" duration="00:00:00.0068510" startTime="2025-08-20T17:23:03.2100008-07:00" endTime="2025-08-20T17:23:03.2100014-07:00" testType="13cdc9d9-ddb5-4fa4-a97d-d965ccfc6d4b" outcome="Passed" testListId="8c84fa94-04c1-424b-9868-57a2d4851a1d" relativeResultsDirectory="88a7c0fd-f467-4629-9ba1-adf7ebc0229b" />
    <UnitTestResult executionId="83296b03-06e6-417e-95de-bd8d6c63e1ec" testId="3dec62f2-7a84-3bf5-ca58-44251d1c01e6" testName="Zeus.People.Infrastructure.Tests.HealthChecks.HealthCheckTests.ServiceBusHealthCheck_Constructor_WithNullServiceBusClient_ShouldThrowArgumentNullException" computerName="PLATO-SP9" duration="00:00:00.0047538" startTime="2025-08-20T17:23:02.5267227-07:00" endTime="2025-08-20T17:23:02.5267232-07:00" testType="13cdc9d9-ddb5-4fa4-a97d-d965ccfc6d4b" outcome="Passed" testListId="8c84fa94-04c1-424b-9868-57a2d4851a1d" relativeResultsDirectory="83296b03-06e6-417e-95de-bd8d6c63e1ec" />
    <UnitTestResult executionId="b8f0bdad-39a2-4b79-86e1-83c7bbd25231" testId="7b1e0a5e-3fbb-4b66-bcd4-1b8211da17ef" testName="Zeus.People.Infrastructure.Tests.Repositories.AcademicRepositoryTests.UpdateAsync_ShouldUpdateAcademicSuccessfully" computerName="PLATO-SP9" duration="00:00:00.0044469" startTime="2025-08-20T17:23:03.4732236-07:00" endTime="2025-08-20T17:23:03.4732243-07:00" testType="13cdc9d9-ddb5-4fa4-a97d-d965ccfc6d4b" outcome="Passed" testListId="8c84fa94-04c1-424b-9868-57a2d4851a1d" relativeResultsDirectory="b8f0bdad-39a2-4b79-86e1-83c7bbd25231" />
    <UnitTestResult executionId="3bb1f641-cade-4866-a9e8-794e44222923" testId="e993232a-c48d-60b6-2027-1c2aeff42d1d" testName="Zeus.People.Infrastructure.Tests.EventStore.SqlEventStoreTests.AppendEventsAsync_ShouldPersistMultipleEvents" computerName="PLATO-SP9" duration="00:00:00.0148536" startTime="2025-08-20T17:23:03.3919745-07:00" endTime="2025-08-20T17:23:03.3919751-07:00" testType="13cdc9d9-ddb5-4fa4-a97d-d965ccfc6d4b" outcome="Passed" testListId="8c84fa94-04c1-424b-9868-57a2d4851a1d" relativeResultsDirectory="3bb1f641-cade-4866-a9e8-794e44222923" />
    <UnitTestResult executionId="0d9da96d-bff7-47c8-ada3-db328af8d9ed" testId="cb1200eb-cfad-b860-2d0e-444b7b5c91b9" testName="Zeus.People.Infrastructure.Tests.Repositories.DepartmentRepositoryTests.GetAllAsync_ShouldReturnAllDepartments" computerName="PLATO-SP9" duration="00:00:00.0220915" startTime="2025-08-20T17:23:03.4804792-07:00" endTime="2025-08-20T17:23:03.4804793-07:00" testType="13cdc9d9-ddb5-4fa4-a97d-d965ccfc6d4b" outcome="Passed" testListId="8c84fa94-04c1-424b-9868-57a2d4851a1d" relativeResultsDirectory="0d9da96d-bff7-47c8-ada3-db328af8d9ed" />
    <UnitTestResult executionId="9d27138f-694f-434a-b098-a6523e541d7d" testId="2096d8e0-6929-7bee-77f5-5b09064b2504" testName="Zeus.People.Infrastructure.Tests.Messaging.ServiceBusEventPublisherTests.PublishAsync_SingleEvent_ShouldSendMessageToServiceBus" computerName="PLATO-SP9" duration="00:00:00.0042721" startTime="2025-08-20T17:23:02.6091639-07:00" endTime="2025-08-20T17:23:02.6091645-07:00" testType="13cdc9d9-ddb5-4fa4-a97d-d965ccfc6d4b" outcome="Passed" testListId="8c84fa94-04c1-424b-9868-57a2d4851a1d" relativeResultsDirectory="9d27138f-694f-434a-b098-a6523e541d7d" />
    <UnitTestResult executionId="4dc01fc2-7a44-4770-8c53-04eb3e640fc2" testId="e10349c9-58a9-f038-a9bc-6140d1699b91" testName="Zeus.People.Infrastructure.Tests.EventStore.SqlEventStoreTests.EventStore_ShouldHandleDepartmentEvents" computerName="PLATO-SP9" duration="00:00:00.0028278" startTime="2025-08-20T17:23:03.4622520-07:00" endTime="2025-08-20T17:23:03.4622521-07:00" testType="13cdc9d9-ddb5-4fa4-a97d-d965ccfc6d4b" outcome="Passed" testListId="8c84fa94-04c1-424b-9868-57a2d4851a1d" relativeResultsDirectory="4dc01fc2-7a44-4770-8c53-04eb3e640fc2" />
    <UnitTestResult executionId="0fc0bd79-b544-4a2b-9cb0-b0724306e4a5" testId="dad2231b-a63e-981a-fd91-8d9575e28da2" testName="Zeus.People.Infrastructure.Tests.EventStore.SqlEventStoreTests.EventSerialization_ShouldPreserveValueObjects" computerName="PLATO-SP9" duration="00:00:00.0275066" startTime="2025-08-20T17:23:03.3679093-07:00" endTime="2025-08-20T17:23:03.3679103-07:00" testType="13cdc9d9-ddb5-4fa4-a97d-d965ccfc6d4b" outcome="Passed" testListId="8c84fa94-04c1-424b-9868-57a2d4851a1d" relativeResultsDirectory="0fc0bd79-b544-4a2b-9cb0-b0724306e4a5" />
    <UnitTestResult executionId="9d8a8600-e3f3-4ee2-b035-6efa765b4dcc" testId="23366067-48db-4c68-0c7b-57156d6b2fbf" testName="Zeus.People.Infrastructure.Tests.Messaging.ServiceBusEventPublisherTests.Constructor_WithNullLogger_ShouldThrowArgumentNullException" computerName="PLATO-SP9" duration="00:00:00.0012246" startTime="2025-08-20T17:23:02.5928746-07:00" endTime="2025-08-20T17:23:02.5928747-07:00" testType="13cdc9d9-ddb5-4fa4-a97d-d965ccfc6d4b" outcome="Passed" testListId="8c84fa94-04c1-424b-9868-57a2d4851a1d" relativeResultsDirectory="9d8a8600-e3f3-4ee2-b035-6efa765b4dcc" />
    <UnitTestResult executionId="a3389aba-5dab-4931-be5b-15326304fcfe" testId="f0eb80d1-4619-5255-094f-6b1908620b50" testName="Zeus.People.Infrastructure.Tests.Repositories.DepartmentRepositoryTests.GetByIdAsync_ShouldReturnNullWhenNotExists" computerName="PLATO-SP9" duration="00:00:00.0247176" startTime="2025-08-20T17:23:03.3724950-07:00" endTime="2025-08-20T17:23:03.3724955-07:00" testType="13cdc9d9-ddb5-4fa4-a97d-d965ccfc6d4b" outcome="Passed" testListId="8c84fa94-04c1-424b-9868-57a2d4851a1d" relativeResultsDirectory="a3389aba-5dab-4931-be5b-15326304fcfe" />
    <UnitTestResult executionId="56f32bb3-df0b-4191-aefb-9795fd990b28" testId="807f30ac-4c8a-1c83-d42a-5f586c80f36f" testName="Zeus.People.Infrastructure.Tests.Repositories.DepartmentRepositoryTests.AddAsync_ShouldAddDepartmentSuccessfully" computerName="PLATO-SP9" duration="00:00:01.9742498" startTime="2025-08-20T17:23:03.2947034-07:00" endTime="2025-08-20T17:23:03.2947038-07:00" testType="13cdc9d9-ddb5-4fa4-a97d-d965ccfc6d4b" outcome="Passed" testListId="8c84fa94-04c1-424b-9868-57a2d4851a1d" relativeResultsDirectory="56f32bb3-df0b-4191-aefb-9795fd990b28" />
    <UnitTestResult executionId="de42c004-0fa8-4b7b-b567-83251503d2ea" testId="f35c0f71-dd50-1c2c-c4ee-871cd72e37da" testName="Zeus.People.Infrastructure.Tests.Repositories.AcademicRepositoryTests.Academic_WithValueObjects_ShouldPersistCorrectly" computerName="PLATO-SP9" duration="00:00:00.0036976" startTime="2025-08-20T17:23:03.3514165-07:00" endTime="2025-08-20T17:23:03.3514170-07:00" testType="13cdc9d9-ddb5-4fa4-a97d-d965ccfc6d4b" outcome="Passed" testListId="8c84fa94-04c1-424b-9868-57a2d4851a1d" relativeResultsDirectory="de42c004-0fa8-4b7b-b567-83251503d2ea" />
    <UnitTestResult executionId="114a24d2-3dda-4326-b3af-69e9cb7c4b37" testId="9316702d-5b70-03c2-0c47-a484a6123c0b" testName="Zeus.People.Infrastructure.Tests.Repositories.DepartmentRepositoryTests.DeleteAsync_ShouldRemoveDepartmentSuccessfully" computerName="PLATO-SP9" duration="00:00:00.0389177" startTime="2025-08-20T17:23:03.4503355-07:00" endTime="2025-08-20T17:23:03.4503359-07:00" testType="13cdc9d9-ddb5-4fa4-a97d-d965ccfc6d4b" outcome="Passed" testListId="8c84fa94-04c1-424b-9868-57a2d4851a1d" relativeResultsDirectory="114a24d2-3dda-4326-b3af-69e9cb7c4b37" />
    <UnitTestResult executionId="b469f453-1d79-4118-9184-e99facbd3249" testId="b2dbbd59-f096-df12-1b72-1551b98f0106" testName="Zeus.People.Infrastructure.Tests.Messaging.ServiceBusEventPublisherTests.PublishAsync_ShouldLogSuccessfulPublication" computerName="PLATO-SP9" duration="00:00:00.0157699" startTime="2025-08-20T17:23:02.5804869-07:00" endTime="2025-08-20T17:23:02.5804872-07:00" testType="13cdc9d9-ddb5-4fa4-a97d-d965ccfc6d4b" outcome="Passed" testListId="8c84fa94-04c1-424b-9868-57a2d4851a1d" relativeResultsDirectory="b469f453-1d79-4118-9184-e99facbd3249" />
    <UnitTestResult executionId="f1bfad9b-03a1-4e06-a3b0-208335c70844" testId="a389dc37-3cf6-3f59-ed94-22bb5b96ae95" testName="Zeus.People.Infrastructure.Tests.Repositories.AcademicRepositoryTests.GetByRankAsync_ShouldReturnAcademicsWithSpecifiedRank" computerName="PLATO-SP9" duration="00:00:00.0336543" startTime="2025-08-20T17:23:03.4618421-07:00" endTime="2025-08-20T17:23:03.4618423-07:00" testType="13cdc9d9-ddb5-4fa4-a97d-d965ccfc6d4b" outcome="Passed" testListId="8c84fa94-04c1-424b-9868-57a2d4851a1d" relativeResultsDirectory="f1bfad9b-03a1-4e06-a3b0-208335c70844" />
    <UnitTestResult executionId="5838fe18-15e7-4cf8-9364-cf4c0bf747f7" testId="74657254-bae1-5e14-fbd2-b66ee50ce1db" testName="Zeus.People.Infrastructure.Tests.Messaging.ServiceBusEventPublisherTests.PublishAsync_MultipleEvents_ShouldSendBatchToServiceBus" computerName="PLATO-SP9" duration="00:00:00.0077478" startTime="2025-08-20T17:23:02.6171283-07:00" endTime="2025-08-20T17:23:02.6171286-07:00" testType="13cdc9d9-ddb5-4fa4-a97d-d965ccfc6d4b" outcome="Passed" testListId="8c84fa94-04c1-424b-9868-57a2d4851a1d" relativeResultsDirectory="5838fe18-15e7-4cf8-9364-cf4c0bf747f7" />
  </Results>
  <TestDefinitions>
    <UnitTest name="Zeus.People.Infrastructure.Tests.Repositories.AcademicRepositoryTests.GetByIdAsync_ShouldReturnAcademicWhenExists" storage="c:\git\blogcode\zeus.people\tests\zeus.people.infrastructure.tests\bin\release\net8.0\zeus.people.infrastructure.tests.dll" id="e71b02ac-2198-1f04-1649-28864196e017">
      <Execution id="5291c622-d545-4498-8484-df17999560a5" />
      <TestMethod codeBase="C:\git\blogcode\Zeus.People\tests\Zeus.People.Infrastructure.Tests\bin\Release\net8.0\Zeus.People.Infrastructure.Tests.dll" adapterTypeName="executor://xunit/VsTestRunner2/netcoreapp" className="Zeus.People.Infrastructure.Tests.Repositories.AcademicRepositoryTests" name="GetByIdAsync_ShouldReturnAcademicWhenExists" />
    </UnitTest>
    <UnitTest name="Zeus.People.Infrastructure.Tests.EventStore.SqlEventStoreTests.AppendEventsAsync_ShouldPersistSingleEvent" storage="c:\git\blogcode\zeus.people\tests\zeus.people.infrastructure.tests\bin\release\net8.0\zeus.people.infrastructure.tests.dll" id="2db8b5ea-39c5-08b1-c89d-b4604bf3af5e">
      <Execution id="4063d11e-0901-40f2-b9fe-ffbd1e5e9871" />
      <TestMethod codeBase="C:\git\blogcode\Zeus.People\tests\Zeus.People.Infrastructure.Tests\bin\Release\net8.0\Zeus.People.Infrastructure.Tests.dll" adapterTypeName="executor://xunit/VsTestRunner2/netcoreapp" className="Zeus.People.Infrastructure.Tests.EventStore.SqlEventStoreTests" name="AppendEventsAsync_ShouldPersistSingleEvent" />
    </UnitTest>
    <UnitTest name="Zeus.People.Infrastructure.Tests.HealthChecks.HealthCheckTests.ServiceBusHealthCheck_Constructor_WithNullServiceBusClient_ShouldThrowArgumentNullException" storage="c:\git\blogcode\zeus.people\tests\zeus.people.infrastructure.tests\bin\release\net8.0\zeus.people.infrastructure.tests.dll" id="3dec62f2-7a84-3bf5-ca58-44251d1c01e6">
      <Execution id="83296b03-06e6-417e-95de-bd8d6c63e1ec" />
      <TestMethod codeBase="C:\git\blogcode\Zeus.People\tests\Zeus.People.Infrastructure.Tests\bin\Release\net8.0\Zeus.People.Infrastructure.Tests.dll" adapterTypeName="executor://xunit/VsTestRunner2/netcoreapp" className="Zeus.People.Infrastructure.Tests.HealthChecks.HealthCheckTests" name="ServiceBusHealthCheck_Constructor_WithNullServiceBusClient_ShouldThrowArgumentNullException" />
    </UnitTest>
    <UnitTest name="Zeus.People.Infrastructure.Tests.Messaging.ServiceBusEventPublisherTests.PublishAsync_WhenServiceBusThrows_ShouldLogErrorAndRethrow" storage="c:\git\blogcode\zeus.people\tests\zeus.people.infrastructure.tests\bin\release\net8.0\zeus.people.infrastructure.tests.dll" id="c78769f9-7c32-33bd-910c-9d87078527c9">
      <Execution id="012ed22d-11f9-4a8d-85cf-dd58eed62b26" />
      <TestMethod codeBase="C:\git\blogcode\Zeus.People\tests\Zeus.People.Infrastructure.Tests\bin\Release\net8.0\Zeus.People.Infrastructure.Tests.dll" adapterTypeName="executor://xunit/VsTestRunner2/netcoreapp" className="Zeus.People.Infrastructure.Tests.Messaging.ServiceBusEventPublisherTests" name="PublishAsync_WhenServiceBusThrows_ShouldLogErrorAndRethrow" />
    </UnitTest>
    <UnitTest name="Zeus.People.Infrastructure.Tests.EventStore.SqlEventStoreTests.MultipleAggregates_ShouldIsolateEventStreams" storage="c:\git\blogcode\zeus.people\tests\zeus.people.infrastructure.tests\bin\release\net8.0\zeus.people.infrastructure.tests.dll" id="b22a286a-e1c3-1725-cf73-957e18f06a80">
      <Execution id="4ea7e5e1-a24c-4747-9d1c-481889de5794" />
      <TestMethod codeBase="C:\git\blogcode\Zeus.People\tests\Zeus.People.Infrastructure.Tests\bin\Release\net8.0\Zeus.People.Infrastructure.Tests.dll" adapterTypeName="executor://xunit/VsTestRunner2/netcoreapp" className="Zeus.People.Infrastructure.Tests.EventStore.SqlEventStoreTests" name="MultipleAggregates_ShouldIsolateEventStreams" />
    </UnitTest>
    <UnitTest name="Zeus.People.Infrastructure.Tests.HealthChecks.HealthCheckTests.ServiceBusHealthCheck_WithCancellation_ShouldHandleGracefully" storage="c:\git\blogcode\zeus.people\tests\zeus.people.infrastructure.tests\bin\release\net8.0\zeus.people.infrastructure.tests.dll" id="45250f6e-561a-2a3d-c77f-7c6cdf5da1ad">
      <Execution id="384892ad-db6e-4217-8cd4-3138471da9a0" />
      <TestMethod codeBase="C:\git\blogcode\Zeus.People\tests\Zeus.People.Infrastructure.Tests\bin\Release\net8.0\Zeus.People.Infrastructure.Tests.dll" adapterTypeName="executor://xunit/VsTestRunner2/netcoreapp" className="Zeus.People.Infrastructure.Tests.HealthChecks.HealthCheckTests" name="ServiceBusHealthCheck_WithCancellation_ShouldHandleGracefully" />
    </UnitTest>
    <UnitTest name="Zeus.People.Infrastructure.Tests.EventStore.SqlEventStoreTests.AppendEventsAsync_ShouldHandleConcurrencyConflict" storage="c:\git\blogcode\zeus.people\tests\zeus.people.infrastructure.tests\bin\release\net8.0\zeus.people.infrastructure.tests.dll" id="3198e6e1-2f5a-6f5b-1c3e-83701e0ab7fc">
      <Execution id="abbb28ca-fc22-4e45-976f-492ce173ae55" />
      <TestMethod codeBase="C:\git\blogcode\Zeus.People\tests\Zeus.People.Infrastructure.Tests\bin\Release\net8.0\Zeus.People.Infrastructure.Tests.dll" adapterTypeName="executor://xunit/VsTestRunner2/netcoreapp" className="Zeus.People.Infrastructure.Tests.EventStore.SqlEventStoreTests" name="AppendEventsAsync_ShouldHandleConcurrencyConflict" />
    </UnitTest>
    <UnitTest name="Zeus.People.Infrastructure.Tests.Repositories.AcademicRepositoryTests.Academic_WithValueObjects_ShouldPersistCorrectly" storage="c:\git\blogcode\zeus.people\tests\zeus.people.infrastructure.tests\bin\release\net8.0\zeus.people.infrastructure.tests.dll" id="f35c0f71-dd50-1c2c-c4ee-871cd72e37da">
      <Execution id="de42c004-0fa8-4b7b-b567-83251503d2ea" />
      <TestMethod codeBase="C:\git\blogcode\Zeus.People\tests\Zeus.People.Infrastructure.Tests\bin\Release\net8.0\Zeus.People.Infrastructure.Tests.dll" adapterTypeName="executor://xunit/VsTestRunner2/netcoreapp" className="Zeus.People.Infrastructure.Tests.Repositories.AcademicRepositoryTests" name="Academic_WithValueObjects_ShouldPersistCorrectly" />
    </UnitTest>
    <UnitTest name="Zeus.People.Infrastructure.Tests.EventStore.SqlEventStoreTests.GetEventsFromTimestampAsync_ShouldRetrieveEventsFromSpecificTime" storage="c:\git\blogcode\zeus.people\tests\zeus.people.infrastructure.tests\bin\release\net8.0\zeus.people.infrastructure.tests.dll" id="7e37fb49-a1db-6852-00ca-8cfbf14795bc">
      <Execution id="3dc8c982-3bf9-4f22-a950-b7d896844353" />
      <TestMethod codeBase="C:\git\blogcode\Zeus.People\tests\Zeus.People.Infrastructure.Tests\bin\Release\net8.0\Zeus.People.Infrastructure.Tests.dll" adapterTypeName="executor://xunit/VsTestRunner2/netcoreapp" className="Zeus.People.Infrastructure.Tests.EventStore.SqlEventStoreTests" name="GetEventsFromTimestampAsync_ShouldRetrieveEventsFromSpecificTime" />
    </UnitTest>
    <UnitTest name="Zeus.People.Infrastructure.Tests.HealthChecks.HealthCheckTests.DatabaseHealthCheck_WithCancellation_ShouldHandleGracefully" storage="c:\git\blogcode\zeus.people\tests\zeus.people.infrastructure.tests\bin\release\net8.0\zeus.people.infrastructure.tests.dll" id="1c9356d6-7a2a-6487-626b-7613b7268eca">
      <Execution id="2c545951-51db-4944-84a8-49712371dc65" />
      <TestMethod codeBase="C:\git\blogcode\Zeus.People\tests\Zeus.People.Infrastructure.Tests\bin\Release\net8.0\Zeus.People.Infrastructure.Tests.dll" adapterTypeName="executor://xunit/VsTestRunner2/netcoreapp" className="Zeus.People.Infrastructure.Tests.HealthChecks.HealthCheckTests" name="DatabaseHealthCheck_WithCancellation_ShouldHandleGracefully" />
    </UnitTest>
    <UnitTest name="Zeus.People.Infrastructure.Tests.HealthChecks.HealthCheckTests.ServiceBusHealthCheck_WhenServiceBusIsHealthy_ShouldReturnHealthy" storage="c:\git\blogcode\zeus.people\tests\zeus.people.infrastructure.tests\bin\release\net8.0\zeus.people.infrastructure.tests.dll" id="fea46963-0167-81bf-6126-00916d7ca1d1">
      <Execution id="396cef1f-7202-4352-86b7-8378e307aff2" />
      <TestMethod codeBase="C:\git\blogcode\Zeus.People\tests\Zeus.People.Infrastructure.Tests\bin\Release\net8.0\Zeus.People.Infrastructure.Tests.dll" adapterTypeName="executor://xunit/VsTestRunner2/netcoreapp" className="Zeus.People.Infrastructure.Tests.HealthChecks.HealthCheckTests" name="ServiceBusHealthCheck_WhenServiceBusIsHealthy_ShouldReturnHealthy" />
    </UnitTest>
    <UnitTest name="Zeus.People.Infrastructure.Tests.Repositories.AcademicRepositoryTests.GetByIdAsync_ShouldReturnNullWhenNotExists" storage="c:\git\blogcode\zeus.people\tests\zeus.people.infrastructure.tests\bin\release\net8.0\zeus.people.infrastructure.tests.dll" id="6e8a0471-1155-bc7a-918c-777837b2c70b">
      <Execution id="ba42d3e2-bef1-487d-b531-41f7890174dc" />
      <TestMethod codeBase="C:\git\blogcode\Zeus.People\tests\Zeus.People.Infrastructure.Tests\bin\Release\net8.0\Zeus.People.Infrastructure.Tests.dll" adapterTypeName="executor://xunit/VsTestRunner2/netcoreapp" className="Zeus.People.Infrastructure.Tests.Repositories.AcademicRepositoryTests" name="GetByIdAsync_ShouldReturnNullWhenNotExists" />
    </UnitTest>
    <UnitTest name="Zeus.People.Infrastructure.Tests.Messaging.ServiceBusEventPublisherTests.PublishAsync_ShouldLogSuccessfulPublication" storage="c:\git\blogcode\zeus.people\tests\zeus.people.infrastructure.tests\bin\release\net8.0\zeus.people.infrastructure.tests.dll" id="b2dbbd59-f096-df12-1b72-1551b98f0106">
      <Execution id="b469f453-1d79-4118-9184-e99facbd3249" />
      <TestMethod codeBase="C:\git\blogcode\Zeus.People\tests\Zeus.People.Infrastructure.Tests\bin\Release\net8.0\Zeus.People.Infrastructure.Tests.dll" adapterTypeName="executor://xunit/VsTestRunner2/netcoreapp" className="Zeus.People.Infrastructure.Tests.Messaging.ServiceBusEventPublisherTests" name="PublishAsync_ShouldLogSuccessfulPublication" />
    </UnitTest>
    <UnitTest name="Zeus.People.Infrastructure.Tests.Messaging.ServiceBusEventPublisherTests.Constructor_WithNullConfiguration_ShouldThrowArgumentNullException" storage="c:\git\blogcode\zeus.people\tests\zeus.people.infrastructure.tests\bin\release\net8.0\zeus.people.infrastructure.tests.dll" id="bd18f4a9-1cb2-7e62-3c04-2cf505b6a78d">
      <Execution id="729487b9-9496-4570-a9b5-f80574a6819f" />
      <TestMethod codeBase="C:\git\blogcode\Zeus.People\tests\Zeus.People.Infrastructure.Tests\bin\Release\net8.0\Zeus.People.Infrastructure.Tests.dll" adapterTypeName="executor://xunit/VsTestRunner2/netcoreapp" className="Zeus.People.Infrastructure.Tests.Messaging.ServiceBusEventPublisherTests" name="Constructor_WithNullConfiguration_ShouldThrowArgumentNullException" />
    </UnitTest>
    <UnitTest name="Zeus.People.Infrastructure.Tests.Messaging.ServiceBusEventPublisherTests.PublishAsync_EmptyEventCollection_ShouldNotCallServiceBus" storage="c:\git\blogcode\zeus.people\tests\zeus.people.infrastructure.tests\bin\release\net8.0\zeus.people.infrastructure.tests.dll" id="2400a26d-eb3a-3f5c-8724-b5d5edb79203">
      <Execution id="4199a128-9dad-40d9-9303-1abc20cdde9b" />
      <TestMethod codeBase="C:\git\blogcode\Zeus.People\tests\Zeus.People.Infrastructure.Tests\bin\Release\net8.0\Zeus.People.Infrastructure.Tests.dll" adapterTypeName="executor://xunit/VsTestRunner2/netcoreapp" className="Zeus.People.Infrastructure.Tests.Messaging.ServiceBusEventPublisherTests" name="PublishAsync_EmptyEventCollection_ShouldNotCallServiceBus" />
    </UnitTest>
    <UnitTest name="Zeus.People.Infrastructure.Tests.Messaging.ServiceBusEventPublisherTests.PublishAsync_SingleEvent_ShouldSendMessageToServiceBus" storage="c:\git\blogcode\zeus.people\tests\zeus.people.infrastructure.tests\bin\release\net8.0\zeus.people.infrastructure.tests.dll" id="2096d8e0-6929-7bee-77f5-5b09064b2504">
      <Execution id="9d27138f-694f-434a-b098-a6523e541d7d" />
      <TestMethod codeBase="C:\git\blogcode\Zeus.People\tests\Zeus.People.Infrastructure.Tests\bin\Release\net8.0\Zeus.People.Infrastructure.Tests.dll" adapterTypeName="executor://xunit/VsTestRunner2/netcoreapp" className="Zeus.People.Infrastructure.Tests.Messaging.ServiceBusEventPublisherTests" name="PublishAsync_SingleEvent_ShouldSendMessageToServiceBus" />
    </UnitTest>
    <UnitTest name="Zeus.People.Infrastructure.Tests.HealthChecks.HealthCheckTests.DatabaseHealthCheck_WhenDatabaseIsAccessible_ShouldReturnHealthy" storage="c:\git\blogcode\zeus.people\tests\zeus.people.infrastructure.tests\bin\release\net8.0\zeus.people.infrastructure.tests.dll" id="2344fe7c-162f-1931-346a-bc68a89d2709">
      <Execution id="c5af66c8-f3db-43df-aa02-0c483ee4c106" />
      <TestMethod codeBase="C:\git\blogcode\Zeus.People\tests\Zeus.People.Infrastructure.Tests\bin\Release\net8.0\Zeus.People.Infrastructure.Tests.dll" adapterTypeName="executor://xunit/VsTestRunner2/netcoreapp" className="Zeus.People.Infrastructure.Tests.HealthChecks.HealthCheckTests" name="DatabaseHealthCheck_WhenDatabaseIsAccessible_ShouldReturnHealthy" />
    </UnitTest>
    <UnitTest name="Zeus.People.Infrastructure.Tests.Repositories.AcademicRepositoryTests.UpdateAsync_ShouldUpdateAcademicSuccessfully" storage="c:\git\blogcode\zeus.people\tests\zeus.people.infrastructure.tests\bin\release\net8.0\zeus.people.infrastructure.tests.dll" id="7b1e0a5e-3fbb-4b66-bcd4-1b8211da17ef">
      <Execution id="b8f0bdad-39a2-4b79-86e1-83c7bbd25231" />
      <TestMethod codeBase="C:\git\blogcode\Zeus.People\tests\Zeus.People.Infrastructure.Tests\bin\Release\net8.0\Zeus.People.Infrastructure.Tests.dll" adapterTypeName="executor://xunit/VsTestRunner2/netcoreapp" className="Zeus.People.Infrastructure.Tests.Repositories.AcademicRepositoryTests" name="UpdateAsync_ShouldUpdateAcademicSuccessfully" />
    </UnitTest>
    <UnitTest name="Zeus.People.Infrastructure.Tests.Messaging.ServiceBusEventPublisherTests.PublishAsync_DepartmentEvent_ShouldSendCorrectMessage" storage="c:\git\blogcode\zeus.people\tests\zeus.people.infrastructure.tests\bin\release\net8.0\zeus.people.infrastructure.tests.dll" id="ab9f3e91-0aba-856d-ac9c-817e063d40d5">
      <Execution id="120cdcdf-6c2b-4f6a-9255-27faf058e6e5" />
      <TestMethod codeBase="C:\git\blogcode\Zeus.People\tests\Zeus.People.Infrastructure.Tests\bin\Release\net8.0\Zeus.People.Infrastructure.Tests.dll" adapterTypeName="executor://xunit/VsTestRunner2/netcoreapp" className="Zeus.People.Infrastructure.Tests.Messaging.ServiceBusEventPublisherTests" name="PublishAsync_DepartmentEvent_ShouldSendCorrectMessage" />
    </UnitTest>
    <UnitTest name="Zeus.People.Infrastructure.Tests.Repositories.AcademicRepositoryTests.AddAsync_ShouldAddAcademicSuccessfully" storage="c:\git\blogcode\zeus.people\tests\zeus.people.infrastructure.tests\bin\release\net8.0\zeus.people.infrastructure.tests.dll" id="28ce4a71-c791-f2f6-aa10-debe65ab670e">
      <Execution id="551d3c1a-fc4b-4395-9d1b-363bdbb1f62f" />
      <TestMethod codeBase="C:\git\blogcode\Zeus.People\tests\Zeus.People.Infrastructure.Tests\bin\Release\net8.0\Zeus.People.Infrastructure.Tests.dll" adapterTypeName="executor://xunit/VsTestRunner2/netcoreapp" className="Zeus.People.Infrastructure.Tests.Repositories.AcademicRepositoryTests" name="AddAsync_ShouldAddAcademicSuccessfully" />
    </UnitTest>
    <UnitTest name="Zeus.People.Infrastructure.Tests.Messaging.ServiceBusEventPublisherTests.PublishAsync_SingleEvent_ShouldCreateMessageWithCorrectProperties" storage="c:\git\blogcode\zeus.people\tests\zeus.people.infrastructure.tests\bin\release\net8.0\zeus.people.infrastructure.tests.dll" id="07377ab4-a98b-14b2-6129-01e9c5d0f8a2">
      <Execution id="b92b7ba8-c6ae-4955-8127-548c82860a45" />
      <TestMethod codeBase="C:\git\blogcode\Zeus.People\tests\Zeus.People.Infrastructure.Tests\bin\Release\net8.0\Zeus.People.Infrastructure.Tests.dll" adapterTypeName="executor://xunit/VsTestRunner2/netcoreapp" className="Zeus.People.Infrastructure.Tests.Messaging.ServiceBusEventPublisherTests" name="PublishAsync_SingleEvent_ShouldCreateMessageWithCorrectProperties" />
    </UnitTest>
    <UnitTest name="Zeus.People.Infrastructure.Tests.Messaging.ServiceBusEventPublisherTests.Constructor_WithNullLogger_ShouldThrowArgumentNullException" storage="c:\git\blogcode\zeus.people\tests\zeus.people.infrastructure.tests\bin\release\net8.0\zeus.people.infrastructure.tests.dll" id="23366067-48db-4c68-0c7b-57156d6b2fbf">
      <Execution id="9d8a8600-e3f3-4ee2-b035-6efa765b4dcc" />
      <TestMethod codeBase="C:\git\blogcode\Zeus.People\tests\Zeus.People.Infrastructure.Tests\bin\Release\net8.0\Zeus.People.Infrastructure.Tests.dll" adapterTypeName="executor://xunit/VsTestRunner2/netcoreapp" className="Zeus.People.Infrastructure.Tests.Messaging.ServiceBusEventPublisherTests" name="Constructor_WithNullLogger_ShouldThrowArgumentNullException" />
    </UnitTest>
    <UnitTest name="Zeus.People.Infrastructure.Tests.Repositories.DepartmentRepositoryTests.GetByIdAsync_ShouldReturnNullWhenNotExists" storage="c:\git\blogcode\zeus.people\tests\zeus.people.infrastructure.tests\bin\release\net8.0\zeus.people.infrastructure.tests.dll" id="f0eb80d1-4619-5255-094f-6b1908620b50">
      <Execution id="a3389aba-5dab-4931-be5b-15326304fcfe" />
      <TestMethod codeBase="C:\git\blogcode\Zeus.People\tests\Zeus.People.Infrastructure.Tests\bin\Release\net8.0\Zeus.People.Infrastructure.Tests.dll" adapterTypeName="executor://xunit/VsTestRunner2/netcoreapp" className="Zeus.People.Infrastructure.Tests.Repositories.DepartmentRepositoryTests" name="GetByIdAsync_ShouldReturnNullWhenNotExists" />
    </UnitTest>
    <UnitTest name="Zeus.People.Infrastructure.Tests.Repositories.DepartmentRepositoryTests.DeleteAsync_ShouldRemoveDepartmentSuccessfully" storage="c:\git\blogcode\zeus.people\tests\zeus.people.infrastructure.tests\bin\release\net8.0\zeus.people.infrastructure.tests.dll" id="9316702d-5b70-03c2-0c47-a484a6123c0b">
      <Execution id="114a24d2-3dda-4326-b3af-69e9cb7c4b37" />
      <TestMethod codeBase="C:\git\blogcode\Zeus.People\tests\Zeus.People.Infrastructure.Tests\bin\Release\net8.0\Zeus.People.Infrastructure.Tests.dll" adapterTypeName="executor://xunit/VsTestRunner2/netcoreapp" className="Zeus.People.Infrastructure.Tests.Repositories.DepartmentRepositoryTests" name="DeleteAsync_ShouldRemoveDepartmentSuccessfully" />
    </UnitTest>
    <UnitTest name="Zeus.People.Infrastructure.Tests.HealthChecks.HealthCheckTests.EventStoreHealthCheck_WhenEventStoreIsAccessible_ShouldReturnHealthy" storage="c:\git\blogcode\zeus.people\tests\zeus.people.infrastructure.tests\bin\release\net8.0\zeus.people.infrastructure.tests.dll" id="5ca032eb-a87a-ddfc-9cae-2880b6bf4c85">
      <Execution id="5281885a-f97f-486d-9ed8-3d4a5573002c" />
      <TestMethod codeBase="C:\git\blogcode\Zeus.People\tests\Zeus.People.Infrastructure.Tests\bin\Release\net8.0\Zeus.People.Infrastructure.Tests.dll" adapterTypeName="executor://xunit/VsTestRunner2/netcoreapp" className="Zeus.People.Infrastructure.Tests.HealthChecks.HealthCheckTests" name="EventStoreHealthCheck_WhenEventStoreIsAccessible_ShouldReturnHealthy" />
    </UnitTest>
    <UnitTest name="Zeus.People.Infrastructure.Tests.EventStore.SqlEventStoreTests.EventStore_ShouldHandleDepartmentEvents" storage="c:\git\blogcode\zeus.people\tests\zeus.people.infrastructure.tests\bin\release\net8.0\zeus.people.infrastructure.tests.dll" id="e10349c9-58a9-f038-a9bc-6140d1699b91">
      <Execution id="4dc01fc2-7a44-4770-8c53-04eb3e640fc2" />
      <TestMethod codeBase="C:\git\blogcode\Zeus.People\tests\Zeus.People.Infrastructure.Tests\bin\Release\net8.0\Zeus.People.Infrastructure.Tests.dll" adapterTypeName="executor://xunit/VsTestRunner2/netcoreapp" className="Zeus.People.Infrastructure.Tests.EventStore.SqlEventStoreTests" name="EventStore_ShouldHandleDepartmentEvents" />
    </UnitTest>
    <UnitTest name="Zeus.People.Infrastructure.Tests.Repositories.DepartmentRepositoryTests.GetByIdAsync_ShouldReturnDepartmentWhenExists" storage="c:\git\blogcode\zeus.people\tests\zeus.people.infrastructure.tests\bin\release\net8.0\zeus.people.infrastructure.tests.dll" id="415cfec2-e21a-b62d-aa50-a96d21a91fe4">
      <Execution id="a03db68f-a098-4234-95ee-c9e48e0548fa" />
      <TestMethod codeBase="C:\git\blogcode\Zeus.People\tests\Zeus.People.Infrastructure.Tests\bin\Release\net8.0\Zeus.People.Infrastructure.Tests.dll" adapterTypeName="executor://xunit/VsTestRunner2/netcoreapp" className="Zeus.People.Infrastructure.Tests.Repositories.DepartmentRepositoryTests" name="GetByIdAsync_ShouldReturnDepartmentWhenExists" />
    </UnitTest>
    <UnitTest name="Zeus.People.Infrastructure.Tests.HealthChecks.HealthCheckTests.EventStoreHealthCheck_Constructor_WithNullContext_ShouldThrowArgumentNullException" storage="c:\git\blogcode\zeus.people\tests\zeus.people.infrastructure.tests\bin\release\net8.0\zeus.people.infrastructure.tests.dll" id="d7a23d61-73d1-62a1-97ca-9bf0af425b59">
      <Execution id="1efa94a9-2afb-4023-ba7c-58be57924de1" />
      <TestMethod codeBase="C:\git\blogcode\Zeus.People\tests\Zeus.People.Infrastructure.Tests\bin\Release\net8.0\Zeus.People.Infrastructure.Tests.dll" adapterTypeName="executor://xunit/VsTestRunner2/netcoreapp" className="Zeus.People.Infrastructure.Tests.HealthChecks.HealthCheckTests" name="EventStoreHealthCheck_Constructor_WithNullContext_ShouldThrowArgumentNullException" />
    </UnitTest>
    <UnitTest name="Zeus.People.Infrastructure.Tests.HealthChecks.HealthCheckTests.ServiceBusHealthCheck_Constructor_WithNullConfiguration_ShouldThrowNullReferenceException" storage="c:\git\blogcode\zeus.people\tests\zeus.people.infrastructure.tests\bin\release\net8.0\zeus.people.infrastructure.tests.dll" id="dd04cf6f-3704-22cb-2459-23888afa3651">
      <Execution id="88a7c0fd-f467-4629-9ba1-adf7ebc0229b" />
      <TestMethod codeBase="C:\git\blogcode\Zeus.People\tests\Zeus.People.Infrastructure.Tests\bin\Release\net8.0\Zeus.People.Infrastructure.Tests.dll" adapterTypeName="executor://xunit/VsTestRunner2/netcoreapp" className="Zeus.People.Infrastructure.Tests.HealthChecks.HealthCheckTests" name="ServiceBusHealthCheck_Constructor_WithNullConfiguration_ShouldThrowNullReferenceException" />
    </UnitTest>
    <UnitTest name="Zeus.People.Infrastructure.Tests.Repositories.DepartmentRepositoryTests.Department_WithBudgets_ShouldPersistCorrectly" storage="c:\git\blogcode\zeus.people\tests\zeus.people.infrastructure.tests\bin\release\net8.0\zeus.people.infrastructure.tests.dll" id="a411d5f9-4a1b-c1db-0f20-d7b1d7f1d0eb">
      <Execution id="7bb878b8-1eae-4e25-88e1-7509661b7164" />
      <TestMethod codeBase="C:\git\blogcode\Zeus.People\tests\Zeus.People.Infrastructure.Tests\bin\Release\net8.0\Zeus.People.Infrastructure.Tests.dll" adapterTypeName="executor://xunit/VsTestRunner2/netcoreapp" className="Zeus.People.Infrastructure.Tests.Repositories.DepartmentRepositoryTests" name="Department_WithBudgets_ShouldPersistCorrectly" />
    </UnitTest>
    <UnitTest name="Zeus.People.Infrastructure.Tests.Messaging.ServiceBusEventPublisherTests.PublishAsync_WithCancellationToken_ShouldPassTokenToSender" storage="c:\git\blogcode\zeus.people\tests\zeus.people.infrastructure.tests\bin\release\net8.0\zeus.people.infrastructure.tests.dll" id="e6ea8204-4d34-1f2b-68b5-819e48f08649">
      <Execution id="a58b546a-84c1-4abb-9025-d105d433f2af" />
      <TestMethod codeBase="C:\git\blogcode\Zeus.People\tests\Zeus.People.Infrastructure.Tests\bin\Release\net8.0\Zeus.People.Infrastructure.Tests.dll" adapterTypeName="executor://xunit/VsTestRunner2/netcoreapp" className="Zeus.People.Infrastructure.Tests.Messaging.ServiceBusEventPublisherTests" name="PublishAsync_WithCancellationToken_ShouldPassTokenToSender" />
    </UnitTest>
    <UnitTest name="Zeus.People.Infrastructure.Tests.Repositories.AcademicRepositoryTests.DeleteAsync_ShouldRemoveAcademicSuccessfully" storage="c:\git\blogcode\zeus.people\tests\zeus.people.infrastructure.tests\bin\release\net8.0\zeus.people.infrastructure.tests.dll" id="4c7c7f4a-df34-cc9e-7fa8-dd1fd854c27d">
      <Execution id="1be08806-126d-4a2d-a94b-fca4ac745ed6" />
      <TestMethod codeBase="C:\git\blogcode\Zeus.People\tests\Zeus.People.Infrastructure.Tests\bin\Release\net8.0\Zeus.People.Infrastructure.Tests.dll" adapterTypeName="executor://xunit/VsTestRunner2/netcoreapp" className="Zeus.People.Infrastructure.Tests.Repositories.AcademicRepositoryTests" name="DeleteAsync_ShouldRemoveAcademicSuccessfully" />
    </UnitTest>
    <UnitTest name="Zeus.People.Infrastructure.Tests.Repositories.DepartmentRepositoryTests.AddAsync_ShouldAddDepartmentSuccessfully" storage="c:\git\blogcode\zeus.people\tests\zeus.people.infrastructure.tests\bin\release\net8.0\zeus.people.infrastructure.tests.dll" id="807f30ac-4c8a-1c83-d42a-5f586c80f36f">
      <Execution id="56f32bb3-df0b-4191-aefb-9795fd990b28" />
      <TestMethod codeBase="C:\git\blogcode\Zeus.People\tests\Zeus.People.Infrastructure.Tests\bin\Release\net8.0\Zeus.People.Infrastructure.Tests.dll" adapterTypeName="executor://xunit/VsTestRunner2/netcoreapp" className="Zeus.People.Infrastructure.Tests.Repositories.DepartmentRepositoryTests" name="AddAsync_ShouldAddDepartmentSuccessfully" />
    </UnitTest>
    <UnitTest name="Zeus.People.Infrastructure.Tests.EventStore.SqlEventStoreTests.GetEventsAsync_ShouldRetrieveAllEventsForAggregate" storage="c:\git\blogcode\zeus.people\tests\zeus.people.infrastructure.tests\bin\release\net8.0\zeus.people.infrastructure.tests.dll" id="83400eba-3c24-70c8-eec5-f24e5cfa67f2">
      <Execution id="6d383fc2-81b3-4c56-aca6-4886149a1726" />
      <TestMethod codeBase="C:\git\blogcode\Zeus.People\tests\Zeus.People.Infrastructure.Tests\bin\Release\net8.0\Zeus.People.Infrastructure.Tests.dll" adapterTypeName="executor://xunit/VsTestRunner2/netcoreapp" className="Zeus.People.Infrastructure.Tests.EventStore.SqlEventStoreTests" name="GetEventsAsync_ShouldRetrieveAllEventsForAggregate" />
    </UnitTest>
    <UnitTest name="Zeus.People.Infrastructure.Tests.Messaging.ServiceBusEventPublisherTests.PublishAsync_MultipleEvents_ShouldSendBatchToServiceBus" storage="c:\git\blogcode\zeus.people\tests\zeus.people.infrastructure.tests\bin\release\net8.0\zeus.people.infrastructure.tests.dll" id="74657254-bae1-5e14-fbd2-b66ee50ce1db">
      <Execution id="5838fe18-15e7-4cf8-9364-cf4c0bf747f7" />
      <TestMethod codeBase="C:\git\blogcode\Zeus.People\tests\Zeus.People.Infrastructure.Tests\bin\Release\net8.0\Zeus.People.Infrastructure.Tests.dll" adapterTypeName="executor://xunit/VsTestRunner2/netcoreapp" className="Zeus.People.Infrastructure.Tests.Messaging.ServiceBusEventPublisherTests" name="PublishAsync_MultipleEvents_ShouldSendBatchToServiceBus" />
    </UnitTest>
    <UnitTest name="Zeus.People.Infrastructure.Tests.Repositories.DepartmentRepositoryTests.UpdateAsync_ShouldUpdateDepartmentSuccessfully" storage="c:\git\blogcode\zeus.people\tests\zeus.people.infrastructure.tests\bin\release\net8.0\zeus.people.infrastructure.tests.dll" id="09eb2380-1289-dbba-2b37-8d224f9e564c">
      <Execution id="7f48c995-1066-42ba-a098-662d76eb106d" />
      <TestMethod codeBase="C:\git\blogcode\Zeus.People\tests\Zeus.People.Infrastructure.Tests\bin\Release\net8.0\Zeus.People.Infrastructure.Tests.dll" adapterTypeName="executor://xunit/VsTestRunner2/netcoreapp" className="Zeus.People.Infrastructure.Tests.Repositories.DepartmentRepositoryTests" name="UpdateAsync_ShouldUpdateDepartmentSuccessfully" />
    </UnitTest>
    <UnitTest name="Zeus.People.Infrastructure.Tests.Repositories.DepartmentRepositoryTests.GetAllAsync_ShouldReturnAllDepartments" storage="c:\git\blogcode\zeus.people\tests\zeus.people.infrastructure.tests\bin\release\net8.0\zeus.people.infrastructure.tests.dll" id="cb1200eb-cfad-b860-2d0e-444b7b5c91b9">
      <Execution id="0d9da96d-bff7-47c8-ada3-db328af8d9ed" />
      <TestMethod codeBase="C:\git\blogcode\Zeus.People\tests\Zeus.People.Infrastructure.Tests\bin\Release\net8.0\Zeus.People.Infrastructure.Tests.dll" adapterTypeName="executor://xunit/VsTestRunner2/netcoreapp" className="Zeus.People.Infrastructure.Tests.Repositories.DepartmentRepositoryTests" name="GetAllAsync_ShouldReturnAllDepartments" />
    </UnitTest>
    <UnitTest name="Zeus.People.Infrastructure.Tests.HealthChecks.HealthCheckTests.DatabaseHealthCheck_WhenDatabaseIsUnavailable_ShouldReturnUnhealthy" storage="c:\git\blogcode\zeus.people\tests\zeus.people.infrastructure.tests\bin\release\net8.0\zeus.people.infrastructure.tests.dll" id="1b797094-20bc-02c8-fcbb-a318ba5c2e25">
      <Execution id="1f4d6101-6ec8-4aa3-be67-95363e73ffbd" />
      <TestMethod codeBase="C:\git\blogcode\Zeus.People\tests\Zeus.People.Infrastructure.Tests\bin\Release\net8.0\Zeus.People.Infrastructure.Tests.dll" adapterTypeName="executor://xunit/VsTestRunner2/netcoreapp" className="Zeus.People.Infrastructure.Tests.HealthChecks.HealthCheckTests" name="DatabaseHealthCheck_WhenDatabaseIsUnavailable_ShouldReturnUnhealthy" />
    </UnitTest>
    <UnitTest name="Zeus.People.Infrastructure.Tests.EventStore.SqlEventStoreTests.AppendEventsAsync_ShouldPersistMultipleEvents" storage="c:\git\blogcode\zeus.people\tests\zeus.people.infrastructure.tests\bin\release\net8.0\zeus.people.infrastructure.tests.dll" id="e993232a-c48d-60b6-2027-1c2aeff42d1d">
      <Execution id="3bb1f641-cade-4866-a9e8-794e44222923" />
      <TestMethod codeBase="C:\git\blogcode\Zeus.People\tests\Zeus.People.Infrastructure.Tests\bin\Release\net8.0\Zeus.People.Infrastructure.Tests.dll" adapterTypeName="executor://xunit/VsTestRunner2/netcoreapp" className="Zeus.People.Infrastructure.Tests.EventStore.SqlEventStoreTests" name="AppendEventsAsync_ShouldPersistMultipleEvents" />
    </UnitTest>
    <UnitTest name="Zeus.People.Infrastructure.Tests.HealthChecks.HealthCheckTests.EventStoreHealthCheck_WithCancellation_ShouldHandleGracefully" storage="c:\git\blogcode\zeus.people\tests\zeus.people.infrastructure.tests\bin\release\net8.0\zeus.people.infrastructure.tests.dll" id="73f60316-37aa-410e-1837-b235d71e8b34">
      <Execution id="f6c59b41-55e4-438b-8d6e-08b9144cb09f" />
      <TestMethod codeBase="C:\git\blogcode\Zeus.People\tests\Zeus.People.Infrastructure.Tests\bin\Release\net8.0\Zeus.People.Infrastructure.Tests.dll" adapterTypeName="executor://xunit/VsTestRunner2/netcoreapp" className="Zeus.People.Infrastructure.Tests.HealthChecks.HealthCheckTests" name="EventStoreHealthCheck_WithCancellation_ShouldHandleGracefully" />
    </UnitTest>
    <UnitTest name="Zeus.People.Infrastructure.Tests.HealthChecks.HealthCheckTests.DatabaseHealthCheck_Constructor_WithNullContext_ShouldThrowArgumentNullException" storage="c:\git\blogcode\zeus.people\tests\zeus.people.infrastructure.tests\bin\release\net8.0\zeus.people.infrastructure.tests.dll" id="ab4c6ba9-2c2f-5fc4-e852-d13df31f6a4a">
      <Execution id="e974253b-8511-4465-98d6-f56ac7362193" />
      <TestMethod codeBase="C:\git\blogcode\Zeus.People\tests\Zeus.People.Infrastructure.Tests\bin\Release\net8.0\Zeus.People.Infrastructure.Tests.dll" adapterTypeName="executor://xunit/VsTestRunner2/netcoreapp" className="Zeus.People.Infrastructure.Tests.HealthChecks.HealthCheckTests" name="DatabaseHealthCheck_Constructor_WithNullContext_ShouldThrowArgumentNullException" />
    </UnitTest>
    <UnitTest name="Zeus.People.Infrastructure.Tests.HealthChecks.HealthCheckTests.EventStoreHealthCheck_WhenEventStoreIsUnavailable_ShouldReturnUnhealthy" storage="c:\git\blogcode\zeus.people\tests\zeus.people.infrastructure.tests\bin\release\net8.0\zeus.people.infrastructure.tests.dll" id="ec3947cf-3377-fbfc-2075-37cdd6aa18d6">
      <Execution id="9ea35694-dcdc-4fdc-beca-8d01d1f532bb" />
      <TestMethod codeBase="C:\git\blogcode\Zeus.People\tests\Zeus.People.Infrastructure.Tests\bin\Release\net8.0\Zeus.People.Infrastructure.Tests.dll" adapterTypeName="executor://xunit/VsTestRunner2/netcoreapp" className="Zeus.People.Infrastructure.Tests.HealthChecks.HealthCheckTests" name="EventStoreHealthCheck_WhenEventStoreIsUnavailable_ShouldReturnUnhealthy" />
    </UnitTest>
    <UnitTest name="Zeus.People.Infrastructure.Tests.Repositories.AcademicRepositoryTests.GetByRankAsync_ShouldReturnAcademicsWithSpecifiedRank" storage="c:\git\blogcode\zeus.people\tests\zeus.people.infrastructure.tests\bin\release\net8.0\zeus.people.infrastructure.tests.dll" id="a389dc37-3cf6-3f59-ed94-22bb5b96ae95">
      <Execution id="f1bfad9b-03a1-4e06-a3b0-208335c70844" />
      <TestMethod codeBase="C:\git\blogcode\Zeus.People\tests\Zeus.People.Infrastructure.Tests\bin\Release\net8.0\Zeus.People.Infrastructure.Tests.dll" adapterTypeName="executor://xunit/VsTestRunner2/netcoreapp" className="Zeus.People.Infrastructure.Tests.Repositories.AcademicRepositoryTests" name="GetByRankAsync_ShouldReturnAcademicsWithSpecifiedRank" />
    </UnitTest>
    <UnitTest name="Zeus.People.Infrastructure.Tests.Repositories.AcademicRepositoryTests.GetByEmpNrAsync_ShouldReturnAcademicWhenExists" storage="c:\git\blogcode\zeus.people\tests\zeus.people.infrastructure.tests\bin\release\net8.0\zeus.people.infrastructure.tests.dll" id="4e4fbd01-0ce4-a192-3c45-9c62bc7972a6">
      <Execution id="12f86d16-df44-406a-bcc7-7033415af801" />
      <TestMethod codeBase="C:\git\blogcode\Zeus.People\tests\Zeus.People.Infrastructure.Tests\bin\Release\net8.0\Zeus.People.Infrastructure.Tests.dll" adapterTypeName="executor://xunit/VsTestRunner2/netcoreapp" className="Zeus.People.Infrastructure.Tests.Repositories.AcademicRepositoryTests" name="GetByEmpNrAsync_ShouldReturnAcademicWhenExists" />
    </UnitTest>
    <UnitTest name="Zeus.People.Infrastructure.Tests.EventStore.SqlEventStoreTests.GetEventsAsync_ShouldReturnEmptyForNonExistentAggregate" storage="c:\git\blogcode\zeus.people\tests\zeus.people.infrastructure.tests\bin\release\net8.0\zeus.people.infrastructure.tests.dll" id="5947a995-2e75-3253-7fe6-17ccfaed09f5">
      <Execution id="7a697d88-d505-4997-b0e7-33e28ec429ae" />
      <TestMethod codeBase="C:\git\blogcode\Zeus.People\tests\Zeus.People.Infrastructure.Tests\bin\Release\net8.0\Zeus.People.Infrastructure.Tests.dll" adapterTypeName="executor://xunit/VsTestRunner2/netcoreapp" className="Zeus.People.Infrastructure.Tests.EventStore.SqlEventStoreTests" name="GetEventsAsync_ShouldReturnEmptyForNonExistentAggregate" />
    </UnitTest>
    <UnitTest name="Zeus.People.Infrastructure.Tests.UnitTest1.Test1" storage="c:\git\blogcode\zeus.people\tests\zeus.people.infrastructure.tests\bin\release\net8.0\zeus.people.infrastructure.tests.dll" id="daddcfb9-babb-791a-5a3a-c283f3c82302">
      <Execution id="4b4e2435-fe50-4658-9b25-b6731536cbe2" />
      <TestMethod codeBase="C:\git\blogcode\Zeus.People\tests\Zeus.People.Infrastructure.Tests\bin\Release\net8.0\Zeus.People.Infrastructure.Tests.dll" adapterTypeName="executor://xunit/VsTestRunner2/netcoreapp" className="Zeus.People.Infrastructure.Tests.UnitTest1" name="Test1" />
    </UnitTest>
    <UnitTest name="Zeus.People.Infrastructure.Tests.Messaging.ServiceBusEventPublisherTests.Constructor_WithNullServiceBusClient_ShouldThrowArgumentNullException" storage="c:\git\blogcode\zeus.people\tests\zeus.people.infrastructure.tests\bin\release\net8.0\zeus.people.infrastructure.tests.dll" id="48b7afb1-388e-ae3f-02c8-66f48809684b">
      <Execution id="0dd28896-c5b8-4908-8eca-96f8557b6665" />
      <TestMethod codeBase="C:\git\blogcode\Zeus.People\tests\Zeus.People.Infrastructure.Tests\bin\Release\net8.0\Zeus.People.Infrastructure.Tests.dll" adapterTypeName="executor://xunit/VsTestRunner2/netcoreapp" className="Zeus.People.Infrastructure.Tests.Messaging.ServiceBusEventPublisherTests" name="Constructor_WithNullServiceBusClient_ShouldThrowArgumentNullException" />
    </UnitTest>
    <UnitTest name="Zeus.People.Infrastructure.Tests.EventStore.SqlEventStoreTests.GetEventsFromVersionAsync_ShouldRetrieveEventsFromSpecificVersion" storage="c:\git\blogcode\zeus.people\tests\zeus.people.infrastructure.tests\bin\release\net8.0\zeus.people.infrastructure.tests.dll" id="d3b78dc0-8368-5c98-daf9-547ad0a34874">
      <Execution id="9a17aee6-6686-4903-bbda-e7f147a07fe0" />
      <TestMethod codeBase="C:\git\blogcode\Zeus.People\tests\Zeus.People.Infrastructure.Tests\bin\Release\net8.0\Zeus.People.Infrastructure.Tests.dll" adapterTypeName="executor://xunit/VsTestRunner2/netcoreapp" className="Zeus.People.Infrastructure.Tests.EventStore.SqlEventStoreTests" name="GetEventsFromVersionAsync_ShouldRetrieveEventsFromSpecificVersion" />
    </UnitTest>
    <UnitTest name="Zeus.People.Infrastructure.Tests.Repositories.DepartmentRepositoryTests.GetByNameAsync_ShouldReturnDepartmentWhenExists" storage="c:\git\blogcode\zeus.people\tests\zeus.people.infrastructure.tests\bin\release\net8.0\zeus.people.infrastructure.tests.dll" id="740518a0-8f26-69e5-4ebb-693f601ae845">
      <Execution id="3dc53462-9f34-4ac3-a996-73a2fa6ecfd4" />
      <TestMethod codeBase="C:\git\blogcode\Zeus.People\tests\Zeus.People.Infrastructure.Tests\bin\Release\net8.0\Zeus.People.Infrastructure.Tests.dll" adapterTypeName="executor://xunit/VsTestRunner2/netcoreapp" className="Zeus.People.Infrastructure.Tests.Repositories.DepartmentRepositoryTests" name="GetByNameAsync_ShouldReturnDepartmentWhenExists" />
    </UnitTest>
    <UnitTest name="Zeus.People.Infrastructure.Tests.EventStore.SqlEventStoreTests.EventSerialization_ShouldPreserveValueObjects" storage="c:\git\blogcode\zeus.people\tests\zeus.people.infrastructure.tests\bin\release\net8.0\zeus.people.infrastructure.tests.dll" id="dad2231b-a63e-981a-fd91-8d9575e28da2">
      <Execution id="0fc0bd79-b544-4a2b-9cb0-b0724306e4a5" />
      <TestMethod codeBase="C:\git\blogcode\Zeus.People\tests\Zeus.People.Infrastructure.Tests\bin\Release\net8.0\Zeus.People.Infrastructure.Tests.dll" adapterTypeName="executor://xunit/VsTestRunner2/netcoreapp" className="Zeus.People.Infrastructure.Tests.EventStore.SqlEventStoreTests" name="EventSerialization_ShouldPreserveValueObjects" />
    </UnitTest>
    <UnitTest name="Zeus.People.Infrastructure.Tests.HealthChecks.HealthCheckTests.ServiceBusHealthCheck_WhenServiceBusThrows_ShouldReturnUnhealthy" storage="c:\git\blogcode\zeus.people\tests\zeus.people.infrastructure.tests\bin\release\net8.0\zeus.people.infrastructure.tests.dll" id="59af94af-c9f3-f735-7574-38b22b296731">
      <Execution id="6716158e-f2c9-48f0-8450-3a131ecd5e01" />
      <TestMethod codeBase="C:\git\blogcode\Zeus.People\tests\Zeus.People.Infrastructure.Tests\bin\Release\net8.0\Zeus.People.Infrastructure.Tests.dll" adapterTypeName="executor://xunit/VsTestRunner2/netcoreapp" className="Zeus.People.Infrastructure.Tests.HealthChecks.HealthCheckTests" name="ServiceBusHealthCheck_WhenServiceBusThrows_ShouldReturnUnhealthy" />
    </UnitTest>
  </TestDefinitions>
  <TestEntries>
    <TestEntry testId="5947a995-2e75-3253-7fe6-17ccfaed09f5" executionId="7a697d88-d505-4997-b0e7-33e28ec429ae" testListId="8c84fa94-04c1-424b-9868-57a2d4851a1d" />
    <TestEntry testId="4c7c7f4a-df34-cc9e-7fa8-dd1fd854c27d" executionId="1be08806-126d-4a2d-a94b-fca4ac745ed6" testListId="8c84fa94-04c1-424b-9868-57a2d4851a1d" />
    <TestEntry testId="e6ea8204-4d34-1f2b-68b5-819e48f08649" executionId="a58b546a-84c1-4abb-9025-d105d433f2af" testListId="8c84fa94-04c1-424b-9868-57a2d4851a1d" />
    <TestEntry testId="740518a0-8f26-69e5-4ebb-693f601ae845" executionId="3dc53462-9f34-4ac3-a996-73a2fa6ecfd4" testListId="8c84fa94-04c1-424b-9868-57a2d4851a1d" />
    <TestEntry testId="fea46963-0167-81bf-6126-00916d7ca1d1" executionId="396cef1f-7202-4352-86b7-8378e307aff2" testListId="8c84fa94-04c1-424b-9868-57a2d4851a1d" />
    <TestEntry testId="ec3947cf-3377-fbfc-2075-37cdd6aa18d6" executionId="9ea35694-dcdc-4fdc-beca-8d01d1f532bb" testListId="8c84fa94-04c1-424b-9868-57a2d4851a1d" />
    <TestEntry testId="d7a23d61-73d1-62a1-97ca-9bf0af425b59" executionId="1efa94a9-2afb-4023-ba7c-58be57924de1" testListId="8c84fa94-04c1-424b-9868-57a2d4851a1d" />
    <TestEntry testId="1c9356d6-7a2a-6487-626b-7613b7268eca" executionId="2c545951-51db-4944-84a8-49712371dc65" testListId="8c84fa94-04c1-424b-9868-57a2d4851a1d" />
    <TestEntry testId="73f60316-37aa-410e-1837-b235d71e8b34" executionId="f6c59b41-55e4-438b-8d6e-08b9144cb09f" testListId="8c84fa94-04c1-424b-9868-57a2d4851a1d" />
    <TestEntry testId="45250f6e-561a-2a3d-c77f-7c6cdf5da1ad" executionId="384892ad-db6e-4217-8cd4-3138471da9a0" testListId="8c84fa94-04c1-424b-9868-57a2d4851a1d" />
    <TestEntry testId="09eb2380-1289-dbba-2b37-8d224f9e564c" executionId="7f48c995-1066-42ba-a098-662d76eb106d" testListId="8c84fa94-04c1-424b-9868-57a2d4851a1d" />
    <TestEntry testId="28ce4a71-c791-f2f6-aa10-debe65ab670e" executionId="551d3c1a-fc4b-4395-9d1b-363bdbb1f62f" testListId="8c84fa94-04c1-424b-9868-57a2d4851a1d" />
    <TestEntry testId="1b797094-20bc-02c8-fcbb-a318ba5c2e25" executionId="1f4d6101-6ec8-4aa3-be67-95363e73ffbd" testListId="8c84fa94-04c1-424b-9868-57a2d4851a1d" />
    <TestEntry testId="07377ab4-a98b-14b2-6129-01e9c5d0f8a2" executionId="b92b7ba8-c6ae-4955-8127-548c82860a45" testListId="8c84fa94-04c1-424b-9868-57a2d4851a1d" />
    <TestEntry testId="daddcfb9-babb-791a-5a3a-c283f3c82302" executionId="4b4e2435-fe50-4658-9b25-b6731536cbe2" testListId="8c84fa94-04c1-424b-9868-57a2d4851a1d" />
    <TestEntry testId="415cfec2-e21a-b62d-aa50-a96d21a91fe4" executionId="a03db68f-a098-4234-95ee-c9e48e0548fa" testListId="8c84fa94-04c1-424b-9868-57a2d4851a1d" />
    <TestEntry testId="59af94af-c9f3-f735-7574-38b22b296731" executionId="6716158e-f2c9-48f0-8450-3a131ecd5e01" testListId="8c84fa94-04c1-424b-9868-57a2d4851a1d" />
    <TestEntry testId="d3b78dc0-8368-5c98-daf9-547ad0a34874" executionId="9a17aee6-6686-4903-bbda-e7f147a07fe0" testListId="8c84fa94-04c1-424b-9868-57a2d4851a1d" />
    <TestEntry testId="2344fe7c-162f-1931-346a-bc68a89d2709" executionId="c5af66c8-f3db-43df-aa02-0c483ee4c106" testListId="8c84fa94-04c1-424b-9868-57a2d4851a1d" />
    <TestEntry testId="a411d5f9-4a1b-c1db-0f20-d7b1d7f1d0eb" executionId="7bb878b8-1eae-4e25-88e1-7509661b7164" testListId="8c84fa94-04c1-424b-9868-57a2d4851a1d" />
    <TestEntry testId="2db8b5ea-39c5-08b1-c89d-b4604bf3af5e" executionId="4063d11e-0901-40f2-b9fe-ffbd1e5e9871" testListId="8c84fa94-04c1-424b-9868-57a2d4851a1d" />
    <TestEntry testId="ab9f3e91-0aba-856d-ac9c-817e063d40d5" executionId="120cdcdf-6c2b-4f6a-9255-27faf058e6e5" testListId="8c84fa94-04c1-424b-9868-57a2d4851a1d" />
    <TestEntry testId="2400a26d-eb3a-3f5c-8724-b5d5edb79203" executionId="4199a128-9dad-40d9-9303-1abc20cdde9b" testListId="8c84fa94-04c1-424b-9868-57a2d4851a1d" />
    <TestEntry testId="6e8a0471-1155-bc7a-918c-777837b2c70b" executionId="ba42d3e2-bef1-487d-b531-41f7890174dc" testListId="8c84fa94-04c1-424b-9868-57a2d4851a1d" />
    <TestEntry testId="c78769f9-7c32-33bd-910c-9d87078527c9" executionId="012ed22d-11f9-4a8d-85cf-dd58eed62b26" testListId="8c84fa94-04c1-424b-9868-57a2d4851a1d" />
    <TestEntry testId="48b7afb1-388e-ae3f-02c8-66f48809684b" executionId="0dd28896-c5b8-4908-8eca-96f8557b6665" testListId="8c84fa94-04c1-424b-9868-57a2d4851a1d" />
    <TestEntry testId="b22a286a-e1c3-1725-cf73-957e18f06a80" executionId="4ea7e5e1-a24c-4747-9d1c-481889de5794" testListId="8c84fa94-04c1-424b-9868-57a2d4851a1d" />
    <TestEntry testId="ab4c6ba9-2c2f-5fc4-e852-d13df31f6a4a" executionId="e974253b-8511-4465-98d6-f56ac7362193" testListId="8c84fa94-04c1-424b-9868-57a2d4851a1d" />
    <TestEntry testId="83400eba-3c24-70c8-eec5-f24e5cfa67f2" executionId="6d383fc2-81b3-4c56-aca6-4886149a1726" testListId="8c84fa94-04c1-424b-9868-57a2d4851a1d" />
    <TestEntry testId="7e37fb49-a1db-6852-00ca-8cfbf14795bc" executionId="3dc8c982-3bf9-4f22-a950-b7d896844353" testListId="8c84fa94-04c1-424b-9868-57a2d4851a1d" />
    <TestEntry testId="4e4fbd01-0ce4-a192-3c45-9c62bc7972a6" executionId="12f86d16-df44-406a-bcc7-7033415af801" testListId="8c84fa94-04c1-424b-9868-57a2d4851a1d" />
    <TestEntry testId="e71b02ac-2198-1f04-1649-28864196e017" executionId="5291c622-d545-4498-8484-df17999560a5" testListId="8c84fa94-04c1-424b-9868-57a2d4851a1d" />
    <TestEntry testId="3198e6e1-2f5a-6f5b-1c3e-83701e0ab7fc" executionId="abbb28ca-fc22-4e45-976f-492ce173ae55" testListId="8c84fa94-04c1-424b-9868-57a2d4851a1d" />
    <TestEntry testId="5ca032eb-a87a-ddfc-9cae-2880b6bf4c85" executionId="5281885a-f97f-486d-9ed8-3d4a5573002c" testListId="8c84fa94-04c1-424b-9868-57a2d4851a1d" />
    <TestEntry testId="bd18f4a9-1cb2-7e62-3c04-2cf505b6a78d" executionId="729487b9-9496-4570-a9b5-f80574a6819f" testListId="8c84fa94-04c1-424b-9868-57a2d4851a1d" />
    <TestEntry testId="dd04cf6f-3704-22cb-2459-23888afa3651" executionId="88a7c0fd-f467-4629-9ba1-adf7ebc0229b" testListId="8c84fa94-04c1-424b-9868-57a2d4851a1d" />
    <TestEntry testId="3dec62f2-7a84-3bf5-ca58-44251d1c01e6" executionId="83296b03-06e6-417e-95de-bd8d6c63e1ec" testListId="8c84fa94-04c1-424b-9868-57a2d4851a1d" />
    <TestEntry testId="7b1e0a5e-3fbb-4b66-bcd4-1b8211da17ef" executionId="b8f0bdad-39a2-4b79-86e1-83c7bbd25231" testListId="8c84fa94-04c1-424b-9868-57a2d4851a1d" />
    <TestEntry testId="e993232a-c48d-60b6-2027-1c2aeff42d1d" executionId="3bb1f641-cade-4866-a9e8-794e44222923" testListId="8c84fa94-04c1-424b-9868-57a2d4851a1d" />
    <TestEntry testId="cb1200eb-cfad-b860-2d0e-444b7b5c91b9" executionId="0d9da96d-bff7-47c8-ada3-db328af8d9ed" testListId="8c84fa94-04c1-424b-9868-57a2d4851a1d" />
    <TestEntry testId="2096d8e0-6929-7bee-77f5-5b09064b2504" executionId="9d27138f-694f-434a-b098-a6523e541d7d" testListId="8c84fa94-04c1-424b-9868-57a2d4851a1d" />
    <TestEntry testId="e10349c9-58a9-f038-a9bc-6140d1699b91" executionId="4dc01fc2-7a44-4770-8c53-04eb3e640fc2" testListId="8c84fa94-04c1-424b-9868-57a2d4851a1d" />
    <TestEntry testId="dad2231b-a63e-981a-fd91-8d9575e28da2" executionId="0fc0bd79-b544-4a2b-9cb0-b0724306e4a5" testListId="8c84fa94-04c1-424b-9868-57a2d4851a1d" />
    <TestEntry testId="23366067-48db-4c68-0c7b-57156d6b2fbf" executionId="9d8a8600-e3f3-4ee2-b035-6efa765b4dcc" testListId="8c84fa94-04c1-424b-9868-57a2d4851a1d" />
    <TestEntry testId="f0eb80d1-4619-5255-094f-6b1908620b50" executionId="a3389aba-5dab-4931-be5b-15326304fcfe" testListId="8c84fa94-04c1-424b-9868-57a2d4851a1d" />
    <TestEntry testId="807f30ac-4c8a-1c83-d42a-5f586c80f36f" executionId="56f32bb3-df0b-4191-aefb-9795fd990b28" testListId="8c84fa94-04c1-424b-9868-57a2d4851a1d" />
    <TestEntry testId="f35c0f71-dd50-1c2c-c4ee-871cd72e37da" executionId="de42c004-0fa8-4b7b-b567-83251503d2ea" testListId="8c84fa94-04c1-424b-9868-57a2d4851a1d" />
    <TestEntry testId="9316702d-5b70-03c2-0c47-a484a6123c0b" executionId="114a24d2-3dda-4326-b3af-69e9cb7c4b37" testListId="8c84fa94-04c1-424b-9868-57a2d4851a1d" />
    <TestEntry testId="b2dbbd59-f096-df12-1b72-1551b98f0106" executionId="b469f453-1d79-4118-9184-e99facbd3249" testListId="8c84fa94-04c1-424b-9868-57a2d4851a1d" />
    <TestEntry testId="a389dc37-3cf6-3f59-ed94-22bb5b96ae95" executionId="f1bfad9b-03a1-4e06-a3b0-208335c70844" testListId="8c84fa94-04c1-424b-9868-57a2d4851a1d" />
    <TestEntry testId="74657254-bae1-5e14-fbd2-b66ee50ce1db" executionId="5838fe18-15e7-4cf8-9364-cf4c0bf747f7" testListId="8c84fa94-04c1-424b-9868-57a2d4851a1d" />
  </TestEntries>
  <TestLists>
    <TestList name="Results Not in a List" id="8c84fa94-04c1-424b-9868-57a2d4851a1d" />
    <TestList name="All Loaded Results" id="19431567-8539-422a-85d7-44ee4e166bda" />
  </TestLists>
  <ResultSummary outcome="Completed">
    <Counters total="51" executed="51" passed="51" failed="0" error="0" timeout="0" aborted="0" inconclusive="0" passedButRunAborted="0" notRunnable="0" notExecuted="0" disconnected="0" warning="0" completed="0" inProgress="0" pending="0" />
    <Output>
      <StdOut>[xUnit.net 00:00:00.00] xUnit.net VSTest Adapter v2.5.3.1+6b60a9e56a (64-bit .NET 8.0.19)&#xD;
[xUnit.net 00:00:03.21]   Discovering: Zeus.People.Infrastructure.Tests&#xD;
[xUnit.net 00:00:03.26]   Discovered:  Zeus.People.Infrastructure.Tests&#xD;
[xUnit.net 00:00:03.27]   Starting:    Zeus.People.Infrastructure.Tests&#xD;
[xUnit.net 00:00:05.48]   Finished:    Zeus.People.Infrastructure.Tests&#xD;
</StdOut>
    </Output>
  </ResultSummary>
</TestRun>